<?xml version="1.0" encoding="UTF-8"?>
<coverage generated="1771468252739" clover="3.2.0">
  <project timestamp="1771468252740" name="All files">
    <metrics statements="696" coveredstatements="600" conditionals="601" coveredconditionals="423" methods="197" coveredmethods="178" elements="1494" coveredelements="1201" complexity="0" loc="696" ncloc="696" packages="8" files="19" classes="19"/>
    <package name="components.CodeEditor">
      <metrics statements="42" coveredstatements="36" conditionals="38" coveredconditionals="34" methods="12" coveredmethods="9"/>
      <file name="CodeEditor.css" path="/home/axw/projects/synapps/apps/web-frontend/src/components/CodeEditor/CodeEditor.css">
        <metrics statements="0" coveredstatements="0" conditionals="0" coveredconditionals="0" methods="0" coveredmethods="0"/>
      </file>
      <file name="CodeEditor.tsx" path="/home/axw/projects/synapps/apps/web-frontend/src/components/CodeEditor/CodeEditor.tsx">
        <metrics statements="42" coveredstatements="36" conditionals="38" coveredconditionals="34" methods="12" coveredmethods="9"/>
        <line num="19" count="1" type="stmt"/>
        <line num="26" count="55" type="stmt"/>
        <line num="27" count="55" type="stmt"/>
        <line num="28" count="55" type="stmt"/>
        <line num="29" count="55" type="stmt"/>
        <line num="30" count="55" type="stmt"/>
        <line num="31" count="55" type="stmt"/>
        <line num="34" count="55" type="stmt"/>
        <line num="35" count="54" type="stmt"/>
        <line num="38" count="54" type="stmt"/>
        <line num="51" count="54" type="stmt"/>
        <line num="52" count="1" type="stmt"/>
        <line num="57" count="55" type="stmt"/>
        <line num="58" count="1" type="cond" truecount="1" falsecount="1"/>
        <line num="59" count="1" type="stmt"/>
        <line num="64" count="55" type="stmt"/>
        <line num="65" count="3" type="cond" truecount="4" falsecount="1"/>
        <line num="67" count="3" type="stmt"/>
        <line num="69" count="3" type="stmt"/>
        <line num="70" count="3" type="stmt"/>
        <line num="75" count="2" type="stmt"/>
        <line num="76" count="2" type="stmt"/>
        <line num="78" count="1" type="stmt"/>
        <line num="80" count="3" type="stmt"/>
        <line num="85" count="55" type="stmt"/>
        <line num="86" count="1" type="cond" truecount="3" falsecount="1"/>
        <line num="87" count="1" type="stmt"/>
        <line num="88" count="1" type="stmt"/>
        <line num="89" count="1" type="stmt"/>
        <line num="90" count="1" type="stmt"/>
        <line num="95" count="55" type="stmt"/>
        <line num="96" count="3" type="cond" truecount="1" falsecount="1"/>
        <line num="97" count="3" type="stmt"/>
        <line num="101" count="55" type="stmt"/>
        <line num="158" count="1" type="stmt"/>
        <line num="172" count="38" type="stmt"/>
        <line num="189" count="0" type="stmt"/>
        <line num="190" count="0" type="stmt"/>
        <line num="199" count="0" type="stmt"/>
        <line num="200" count="0" type="stmt"/>
        <line num="209" count="0" type="stmt"/>
        <line num="210" count="0" type="stmt"/>
      </file>
    </package>
    <package name="components.TemplateLoader">
      <metrics statements="12" coveredstatements="12" conditionals="4" coveredconditionals="3" methods="6" coveredmethods="6"/>
      <file name="TemplateLoader.css" path="/home/axw/projects/synapps/apps/web-frontend/src/components/TemplateLoader/TemplateLoader.css">
        <metrics statements="0" coveredstatements="0" conditionals="0" coveredconditionals="0" methods="0" coveredmethods="0"/>
      </file>
      <file name="TemplateLoader.tsx" path="/home/axw/projects/synapps/apps/web-frontend/src/components/TemplateLoader/TemplateLoader.tsx">
        <metrics statements="12" coveredstatements="12" conditionals="4" coveredconditionals="3" methods="6" coveredmethods="6"/>
        <line num="16" count="1" type="stmt"/>
        <line num="17" count="10" type="stmt"/>
        <line num="19" count="10" type="stmt"/>
        <line num="20" count="4" type="stmt"/>
        <line num="23" count="10" type="stmt"/>
        <line num="24" count="1" type="cond" truecount="1" falsecount="1"/>
        <line num="25" count="1" type="stmt"/>
        <line num="26" count="1" type="stmt"/>
        <line num="30" count="10" type="stmt"/>
        <line num="39" count="20" type="stmt"/>
        <line num="42" count="4" type="stmt"/>
        <line num="48" count="30" type="stmt"/>
      </file>
    </package>
    <package name="components.WorkflowCanvas">
      <metrics statements="223" coveredstatements="190" conditionals="219" coveredconditionals="152" methods="64" coveredmethods="56"/>
      <file name="NodeContextMenu.css" path="/home/axw/projects/synapps/apps/web-frontend/src/components/WorkflowCanvas/NodeContextMenu.css">
        <metrics statements="0" coveredstatements="0" conditionals="0" coveredconditionals="0" methods="0" coveredmethods="0"/>
      </file>
      <file name="WorkflowCanvas.css" path="/home/axw/projects/synapps/apps/web-frontend/src/components/WorkflowCanvas/WorkflowCanvas.css">
        <metrics statements="0" coveredstatements="0" conditionals="0" coveredconditionals="0" methods="0" coveredmethods="0"/>
      </file>
      <file name="WorkflowCanvas.tsx" path="/home/axw/projects/synapps/apps/web-frontend/src/components/WorkflowCanvas/WorkflowCanvas.tsx">
        <metrics statements="223" coveredstatements="190" conditionals="219" coveredconditionals="152" methods="64" coveredmethods="56"/>
        <line num="50" count="1" type="stmt"/>
        <line num="59" count="1" type="cond" truecount="1" falsecount="0"/>
        <line num="60" count="93" type="stmt"/>
        <line num="61" count="93" type="stmt"/>
        <line num="63" count="32" type="cond" truecount="1" falsecount="2"/>
        <line num="71" count="32" type="cond" truecount="1" falsecount="1"/>
        <line num="74" count="32" type="stmt"/>
        <line num="75" count="32" type="stmt"/>
        <line num="76" count="32" type="stmt"/>
        <line num="77" count="97" type="stmt"/>
        <line num="78" count="97" type="stmt"/>
        <line num="79" count="97" type="stmt"/>
        <line num="80" count="97" type="stmt"/>
        <line num="83" count="32" type="stmt"/>
        <line num="96" count="32" type="stmt"/>
        <line num="109" count="32" type="stmt"/>
        <line num="112" count="32" type="stmt"/>
        <line num="113" count="32" type="stmt"/>
        <line num="116" count="32" type="stmt"/>
        <line num="125" count="32" type="stmt"/>
        <line num="128" count="32" type="stmt"/>
        <line num="130" count="25" type="cond" truecount="2" falsecount="0"/>
        <line num="132" count="4" type="stmt"/>
        <line num="133" count="4" type="stmt"/>
        <line num="136" count="4" type="cond" truecount="4" falsecount="0"/>
        <line num="138" count="1" type="stmt"/>
        <line num="140" count="3" type="stmt"/>
        <line num="142" count="2" type="cond" truecount="2" falsecount="0"/>
        <line num="146" count="1" type="stmt"/>
        <line num="147" count="3" type="cond" truecount="2" falsecount="0"/>
        <line num="150" count="1" type="stmt"/>
        <line num="153" count="6" type="stmt"/>
        <line num="154" count="3" type="cond" truecount="1" falsecount="1"/>
        <line num="155" count="3" type="stmt"/>
        <line num="164" count="0" type="stmt"/>
        <line num="167" count="1" type="stmt"/>
        <line num="168" count="2" type="cond" truecount="2" falsecount="0"/>
        <line num="171" count="1" type="stmt"/>
        <line num="174" count="2" type="stmt"/>
        <line num="175" count="1" type="cond" truecount="1" falsecount="1"/>
        <line num="176" count="1" type="stmt"/>
        <line num="181" count="0" type="stmt"/>
        <line num="184" count="1" type="stmt"/>
        <line num="185" count="1" type="cond" truecount="1" falsecount="1"/>
        <line num="188" count="1" type="stmt"/>
        <line num="196" count="1" type="stmt"/>
        <line num="201" count="1" type="stmt"/>
        <line num="206" count="32" type="stmt"/>
        <line num="208" count="9" type="stmt"/>
        <line num="211" count="9" type="cond" truecount="1" falsecount="1"/>
        <line num="212" count="0" type="stmt"/>
        <line num="216" count="9" type="stmt"/>
        <line num="219" count="144" type="stmt"/>
        <line num="238" count="16" type="stmt"/>
        <line num="246" count="9" type="stmt"/>
        <line num="247" count="9" type="stmt"/>
        <line num="251" count="32" type="stmt"/>
        <line num="253" count="3" type="cond" truecount="2" falsecount="0"/>
        <line num="255" count="2" type="stmt"/>
        <line num="256" count="2" type="stmt"/>
        <line num="259" count="2" type="stmt"/>
        <line num="260" count="2" type="cond" truecount="2" falsecount="0"/>
        <line num="262" count="1" type="stmt"/>
        <line num="265" count="1" type="stmt"/>
        <line num="270" count="1" type="stmt"/>
        <line num="274" count="1" type="stmt"/>
        <line num="279" count="1" type="stmt"/>
        <line num="286" count="32" type="stmt"/>
        <line num="288" count="2" type="cond" truecount="2" falsecount="0"/>
        <line num="290" count="1" type="stmt"/>
        <line num="291" count="1" type="stmt"/>
        <line num="294" count="1" type="stmt"/>
        <line num="299" count="1" type="stmt"/>
        <line num="306" count="32" type="stmt"/>
        <line num="308" count="2" type="cond" truecount="2" falsecount="0"/>
        <line num="311" count="1" type="stmt"/>
        <line num="317" count="1" type="stmt"/>
        <line num="325" count="2" type="stmt"/>
        <line num="326" count="1" type="stmt"/>
        <line num="333" count="32" type="stmt"/>
        <line num="334" count="25" type="stmt"/>
        <line num="336" count="2" type="cond" truecount="1" falsecount="1"/>
        <line num="337" count="2" type="stmt"/>
        <line num="340" count="2" type="cond" truecount="3" falsecount="1"/>
        <line num="341" count="2" type="stmt"/>
        <line num="344" count="2" type="cond" truecount="4" falsecount="0"/>
        <line num="346" count="1" type="stmt"/>
        <line num="347" count="2" type="stmt"/>
        <line num="350" count="1" type="cond" truecount="1" falsecount="1"/>
        <line num="351" count="1" type="stmt"/>
        <line num="357" count="2" type="stmt"/>
        <line num="358" count="2" type="stmt"/>
        <line num="360" count="6" type="cond" truecount="4" falsecount="0"/>
        <line num="361" count="2" type="stmt"/>
        <line num="368" count="4" type="cond" truecount="5" falsecount="0"/>
        <line num="370" count="2" type="stmt"/>
        <line num="377" count="2" type="cond" truecount="4" falsecount="1"/>
        <line num="378" count="0" type="stmt"/>
        <line num="385" count="2" type="stmt"/>
        <line num="393" count="2" type="stmt"/>
        <line num="395" count="10" type="stmt"/>
        <line num="398" count="4" type="cond" truecount="6" falsecount="0"/>
        <line num="400" count="2" type="stmt"/>
        <line num="406" count="2" type="stmt"/>
        <line num="409" count="2" type="stmt"/>
        <line num="412" count="2" type="stmt"/>
        <line num="416" count="25" type="stmt"/>
        <line num="417" count="25" type="stmt"/>
        <line num="422" count="32" type="stmt"/>
        <line num="424" count="3" type="cond" truecount="2" falsecount="0"/>
        <line num="425" count="2" type="stmt"/>
        <line num="429" count="3" type="stmt"/>
        <line num="435" count="3" type="cond" truecount="1" falsecount="1"/>
        <line num="436" count="3" type="stmt"/>
        <line num="440" count="3" type="cond" truecount="1" falsecount="1"/>
        <line num="442" count="3" type="stmt"/>
        <line num="454" count="3" type="stmt"/>
        <line num="458" count="32" type="stmt"/>
        <line num="460" count="1" type="stmt"/>
        <line num="462" count="1" type="cond" truecount="1" falsecount="1"/>
        <line num="464" count="1" type="cond" truecount="3" falsecount="1"/>
        <line num="465" count="1" type="stmt"/>
        <line num="467" count="1" type="cond" truecount="1" falsecount="1"/>
        <line num="469" count="1" type="stmt"/>
        <line num="470" count="1" type="stmt"/>
        <line num="475" count="1" type="stmt"/>
        <line num="478" count="1" type="stmt"/>
        <line num="491" count="1" type="stmt"/>
        <line num="498" count="32" type="stmt"/>
        <line num="499" count="1" type="stmt"/>
        <line num="500" count="1" type="stmt"/>
        <line num="504" count="32" type="stmt"/>
        <line num="505" count="1" type="cond" truecount="1" falsecount="1"/>
        <line num="508" count="3" type="stmt"/>
        <line num="510" count="1" type="cond" truecount="1" falsecount="1"/>
        <line num="512" count="1" type="stmt"/>
        <line num="515" count="1" type="stmt"/>
        <line num="516" count="3" type="stmt"/>
        <line num="520" count="1" type="stmt"/>
        <line num="522" count="2" type="cond" truecount="2" falsecount="0"/>
        <line num="527" count="1" type="stmt"/>
        <line num="533" count="1" type="stmt"/>
        <line num="538" count="32" type="stmt"/>
        <line num="539" count="1" type="cond" truecount="3" falsecount="1"/>
        <line num="542" count="3" type="stmt"/>
        <line num="545" count="1" type="stmt"/>
        <line num="546" count="2" type="cond" truecount="2" falsecount="0"/>
        <line num="550" count="1" type="stmt"/>
        <line num="551" count="2" type="cond" truecount="2" falsecount="0"/>
        <line num="554" count="1" type="cond" truecount="1" falsecount="1"/>
        <line num="559" count="1" type="stmt"/>
        <line num="565" count="1" type="stmt"/>
        <line num="569" count="32" type="stmt"/>
        <line num="570" count="1" type="stmt"/>
        <line num="574" count="32" type="stmt"/>
        <line num="575" count="1" type="cond" truecount="3" falsecount="1"/>
        <line num="578" count="2" type="stmt"/>
        <line num="580" count="1" type="cond" truecount="1" falsecount="1"/>
        <line num="582" count="1" type="stmt"/>
        <line num="585" count="1" type="stmt"/>
        <line num="595" count="32" type="stmt"/>
        <line num="596" count="1" type="cond" truecount="3" falsecount="1"/>
        <line num="598" count="1" type="stmt"/>
        <line num="601" count="2" type="stmt"/>
        <line num="602" count="1" type="cond" truecount="1" falsecount="1"/>
        <line num="603" count="0" type="stmt"/>
        <line num="604" count="0" type="stmt"/>
        <line num="608" count="1" type="stmt"/>
        <line num="609" count="3" type="cond" truecount="2" falsecount="0"/>
        <line num="610" count="1" type="stmt"/>
        <line num="620" count="2" type="stmt"/>
        <line num="624" count="1" type="stmt"/>
        <line num="629" count="1" type="stmt"/>
        <line num="632" count="1" type="stmt"/>
        <line num="635" count="1" type="stmt"/>
        <line num="636" count="1" type="stmt"/>
        <line num="637" count="3" type="cond" truecount="2" falsecount="0"/>
        <line num="638" count="1" type="stmt"/>
        <line num="646" count="2" type="stmt"/>
        <line num="652" count="32" type="stmt"/>
        <line num="654" count="2" type="cond" truecount="1" falsecount="1"/>
        <line num="657" count="2" type="cond" truecount="4" falsecount="0"/>
        <line num="658" count="1" type="stmt"/>
        <line num="662" count="2" type="cond" truecount="2" falsecount="0"/>
        <line num="663" count="1" type="stmt"/>
        <line num="670" count="32" type="stmt"/>
        <line num="671" count="0" type="cond" truecount="0" falsecount="2"/>
        <line num="674" count="0" type="stmt"/>
        <line num="677" count="0" type="cond" truecount="0" falsecount="2"/>
        <line num="678" count="0" type="stmt"/>
        <line num="686" count="0" type="stmt"/>
        <line num="690" count="0" type="stmt"/>
        <line num="694" count="32" type="stmt"/>
        <line num="695" count="0" type="cond" truecount="0" falsecount="2"/>
        <line num="698" count="0" type="stmt"/>
        <line num="699" count="0" type="cond" truecount="0" falsecount="2"/>
        <line num="704" count="0" type="stmt"/>
        <line num="705" count="0" type="cond" truecount="0" falsecount="2"/>
        <line num="706" count="0" type="stmt"/>
        <line num="710" count="0" type="stmt"/>
        <line num="711" count="0" type="cond" truecount="0" falsecount="2"/>
        <line num="713" count="0" type="stmt"/>
        <line num="715" count="0" type="stmt"/>
        <line num="720" count="32" type="stmt"/>
        <line num="723" count="3" type="stmt"/>
        <line num="725" count="3" type="cond" truecount="1" falsecount="1"/>
        <line num="728" count="3" type="stmt"/>
        <line num="731" count="3" type="stmt"/>
        <line num="734" count="3" type="stmt"/>
        <line num="746" count="32" type="stmt"/>
        <line num="773" count="0" type="cond" truecount="0" falsecount="2"/>
        <line num="774" count="0" type="cond" truecount="0" falsecount="2"/>
        <line num="775" count="0" type="cond" truecount="0" falsecount="2"/>
        <line num="776" count="0" type="stmt"/>
        <line num="779" count="0" type="cond" truecount="0" falsecount="2"/>
        <line num="780" count="0" type="cond" truecount="0" falsecount="2"/>
        <line num="781" count="0" type="cond" truecount="0" falsecount="2"/>
        <line num="782" count="0" type="cond" truecount="0" falsecount="2"/>
        <line num="783" count="0" type="cond" truecount="0" falsecount="2"/>
        <line num="784" count="0" type="stmt"/>
        <line num="833" count="0" type="stmt"/>
        <line num="841" count="1" type="stmt"/>
        <line num="842" count="10" type="stmt"/>
      </file>
    </package>
    <package name="components.WorkflowCanvas.nodes">
      <metrics statements="56" coveredstatements="56" conditionals="73" coveredconditionals="71" methods="16" coveredmethods="16"/>
      <file name="AppletNode.tsx" path="/home/axw/projects/synapps/apps/web-frontend/src/components/WorkflowCanvas/nodes/AppletNode.tsx">
        <metrics statements="42" coveredstatements="42" conditionals="57" coveredconditionals="55" methods="8" coveredmethods="8"/>
        <line num="19" count="2" type="stmt"/>
        <line num="20" count="33" type="cond" truecount="1" falsecount="1"/>
        <line num="21" count="33" type="cond" truecount="2" falsecount="0"/>
        <line num="22" count="33" type="stmt"/>
        <line num="25" count="33" type="stmt"/>
        <line num="26" count="16" type="stmt"/>
        <line num="27" count="16" type="stmt"/>
        <line num="28" count="16" type="stmt"/>
        <line num="32" count="33" type="stmt"/>
        <line num="33" count="33" type="cond" truecount="7" falsecount="0"/>
        <line num="35" count="21" type="stmt"/>
        <line num="37" count="2" type="stmt"/>
        <line num="39" count="2" type="stmt"/>
        <line num="41" count="2" type="stmt"/>
        <line num="43" count="2" type="stmt"/>
        <line num="45" count="2" type="stmt"/>
        <line num="47" count="2" type="stmt"/>
        <line num="52" count="33" type="stmt"/>
        <line num="53" count="33" type="cond" truecount="7" falsecount="0"/>
        <line num="55" count="21" type="stmt"/>
        <line num="57" count="2" type="stmt"/>
        <line num="59" count="2" type="stmt"/>
        <line num="61" count="2" type="stmt"/>
        <line num="63" count="2" type="stmt"/>
        <line num="65" count="2" type="stmt"/>
        <line num="67" count="2" type="stmt"/>
        <line num="72" count="33" type="stmt"/>
        <line num="73" count="66" type="cond" truecount="7" falsecount="0"/>
        <line num="75" count="42" type="stmt"/>
        <line num="77" count="4" type="stmt"/>
        <line num="79" count="4" type="stmt"/>
        <line num="81" count="4" type="stmt"/>
        <line num="83" count="4" type="stmt"/>
        <line num="85" count="4" type="stmt"/>
        <line num="87" count="4" type="stmt"/>
        <line num="92" count="33" type="stmt"/>
        <line num="93" count="33" type="cond" truecount="4" falsecount="0"/>
        <line num="95" count="2" type="stmt"/>
        <line num="97" count="2" type="stmt"/>
        <line num="99" count="2" type="stmt"/>
        <line num="101" count="27" type="cond" truecount="2" falsecount="0"/>
        <line num="105" count="33" type="stmt"/>
      </file>
      <file name="EndNode.tsx" path="/home/axw/projects/synapps/apps/web-frontend/src/components/WorkflowCanvas/nodes/EndNode.tsx">
        <metrics statements="7" coveredstatements="7" conditionals="8" coveredconditionals="8" methods="4" coveredmethods="4"/>
        <line num="17" count="2" type="stmt"/>
        <line num="18" count="7" type="stmt"/>
        <line num="21" count="7" type="stmt"/>
        <line num="22" count="3" type="stmt"/>
        <line num="23" count="3" type="stmt"/>
        <line num="24" count="3" type="stmt"/>
        <line num="26" count="7" type="stmt"/>
      </file>
      <file name="Nodes.css" path="/home/axw/projects/synapps/apps/web-frontend/src/components/WorkflowCanvas/nodes/Nodes.css">
        <metrics statements="0" coveredstatements="0" conditionals="0" coveredconditionals="0" methods="0" coveredmethods="0"/>
      </file>
      <file name="StartNode.tsx" path="/home/axw/projects/synapps/apps/web-frontend/src/components/WorkflowCanvas/nodes/StartNode.tsx">
        <metrics statements="7" coveredstatements="7" conditionals="8" coveredconditionals="8" methods="4" coveredmethods="4"/>
        <line num="17" count="2" type="stmt"/>
        <line num="18" count="7" type="stmt"/>
        <line num="21" count="7" type="stmt"/>
        <line num="22" count="3" type="stmt"/>
        <line num="23" count="3" type="stmt"/>
        <line num="24" count="3" type="stmt"/>
        <line num="26" count="7" type="stmt"/>
      </file>
    </package>
    <package name="pages.HistoryPage">
      <metrics statements="175" coveredstatements="120" conditionals="195" coveredconditionals="105" methods="28" coveredmethods="22"/>
      <file name="HistoryPage.css" path="/home/axw/projects/synapps/apps/web-frontend/src/pages/HistoryPage/HistoryPage.css">
        <metrics statements="0" coveredstatements="0" conditionals="0" coveredconditionals="0" methods="0" coveredmethods="0"/>
      </file>
      <file name="HistoryPage.tsx" path="/home/axw/projects/synapps/apps/web-frontend/src/pages/HistoryPage/HistoryPage.tsx">
        <metrics statements="175" coveredstatements="120" conditionals="195" coveredconditionals="105" methods="28" coveredmethods="22"/>
        <line num="30" count="1" type="stmt"/>
        <line num="31" count="16" type="stmt"/>
        <line num="32" count="16" type="stmt"/>
        <line num="33" count="16" type="stmt"/>
        <line num="34" count="16" type="stmt"/>
        <line num="36" count="16" type="stmt"/>
        <line num="37" count="16" type="stmt"/>
        <line num="38" count="16" type="stmt"/>
        <line num="39" count="16" type="stmt"/>
        <line num="40" count="16" type="stmt"/>
        <line num="41" count="16" type="stmt"/>
        <line num="44" count="16" type="stmt"/>
        <line num="45" count="7" type="stmt"/>
        <line num="46" count="7" type="stmt"/>
        <line num="47" count="7" type="stmt"/>
        <line num="48" count="7" type="stmt"/>
        <line num="51" count="6" type="stmt"/>
        <line num="52" count="6" type="cond" truecount="1" falsecount="1"/>
        <line num="54" count="6" type="stmt"/>
        <line num="57" count="6" type="stmt"/>
        <line num="58" count="6" type="stmt"/>
        <line num="61" count="6" type="stmt"/>
        <line num="62" count="12" type="cond" truecount="1" falsecount="1"/>
        <line num="63" count="12" type="stmt"/>
        <line num="64" count="12" type="stmt"/>
        <line num="68" count="6" type="stmt"/>
        <line num="69" count="6" type="stmt"/>
        <line num="72" count="6" type="stmt"/>
        <line num="73" count="12" type="stmt"/>
        <line num="74" count="12" type="stmt"/>
        <line num="75" count="12" type="cond" truecount="1" falsecount="1"/>
        <line num="76" count="12" type="stmt"/>
        <line num="78" count="0" type="stmt"/>
        <line num="79" count="0" type="stmt"/>
        <line num="83" count="6" type="stmt"/>
        <line num="84" count="6" type="stmt"/>
        <line num="87" count="6" type="cond" truecount="2" falsecount="0"/>
        <line num="88" count="3" type="stmt"/>
        <line num="89" count="2" type="cond" truecount="1" falsecount="1"/>
        <line num="90" count="2" type="stmt"/>
        <line num="93" count="0" type="stmt"/>
        <line num="94" count="0" type="stmt"/>
        <line num="95" count="0" type="stmt"/>
        <line num="97" count="0" type="stmt"/>
        <line num="100" count="4" type="cond" truecount="1" falsecount="1"/>
        <line num="102" count="4" type="stmt"/>
        <line num="105" count="1" type="stmt"/>
        <line num="107" count="7" type="stmt"/>
        <line num="111" count="7" type="stmt"/>
        <line num="115" count="16" type="stmt"/>
        <line num="116" count="20" type="stmt"/>
        <line num="117" count="20" type="stmt"/>
        <line num="121" count="16" type="stmt"/>
        <line num="122" count="6" type="cond" truecount="2" falsecount="0"/>
        <line num="124" count="2" type="stmt"/>
        <line num="126" count="2" type="cond" truecount="1" falsecount="1"/>
        <line num="127" count="0" type="stmt"/>
        <line num="129" count="2" type="stmt"/>
        <line num="130" count="2" type="stmt"/>
        <line num="131" count="2" type="stmt"/>
        <line num="136" count="16" type="stmt"/>
        <line num="137" count="8" type="cond" truecount="3" falsecount="1"/>
        <line num="139" count="8" type="stmt"/>
        <line num="140" count="8" type="cond" truecount="1" falsecount="1"/>
        <line num="141" count="8" type="cond" truecount="1" falsecount="1"/>
        <line num="144" count="8" type="stmt"/>
        <line num="145" count="8" type="stmt"/>
        <line num="146" count="12" type="stmt"/>
        <line num="150" count="8" type="stmt"/>
        <line num="151" count="12" type="stmt"/>
        <line num="153" count="8" type="cond" truecount="2" falsecount="0"/>
        <line num="155" count="4" type="stmt"/>
        <line num="156" count="12" type="stmt"/>
        <line num="157" count="0" type="stmt"/>
        <line num="160" count="4" type="stmt"/>
        <line num="161" count="4" type="cond" truecount="3" falsecount="1"/>
        <line num="162" count="4" type="stmt"/>
        <line num="163" count="4" type="stmt"/>
        <line num="169" count="8" type="stmt"/>
        <line num="170" count="12" type="stmt"/>
        <line num="171" count="12" type="stmt"/>
        <line num="172" count="12" type="cond" truecount="2" falsecount="0"/>
        <line num="173" count="12" type="stmt"/>
        <line num="176" count="12" type="cond" truecount="5" falsecount="0"/>
        <line num="177" count="4" type="stmt"/>
        <line num="182" count="8" type="cond" truecount="4" falsecount="0"/>
        <line num="184" count="4" type="stmt"/>
        <line num="187" count="12" type="stmt"/>
        <line num="193" count="12" type="stmt"/>
        <line num="196" count="8" type="stmt"/>
        <line num="200" count="16" type="stmt"/>
        <line num="201" count="6" type="cond" truecount="3" falsecount="1"/>
        <line num="203" count="6" type="cond" truecount="2" falsecount="0"/>
        <line num="204" count="4" type="stmt"/>
        <line num="205" count="2" type="cond" truecount="3" falsecount="1"/>
        <line num="206" count="0" type="stmt"/>
        <line num="215" count="2" type="stmt"/>
        <line num="223" count="16" type="stmt"/>
        <line num="233" count="0" type="stmt"/>
        <line num="245" count="0" type="cond" truecount="0" falsecount="2"/>
        <line num="253" count="12" type="stmt"/>
        <line num="257" count="1" type="stmt"/>
        <line num="259" count="1" type="stmt"/>
        <line num="329" count="0" type="stmt"/>
        <line num="330" count="0" type="cond" truecount="0" falsecount="4"/>
        <line num="332" count="0" type="cond" truecount="0" falsecount="2"/>
        <line num="337" count="0" type="stmt"/>
        <line num="341" count="0" type="stmt"/>
        <line num="362" count="6" type="stmt"/>
        <line num="363" count="6" type="stmt"/>
        <line num="365" count="6" type="stmt"/>
        <line num="366" count="6" type="cond" truecount="2" falsecount="0"/>
        <line num="369" count="6" type="stmt"/>
        <line num="370" count="6" type="cond" truecount="3" falsecount="1"/>
        <line num="371" count="12" type="stmt"/>
        <line num="372" count="6" type="cond" truecount="6" falsecount="0"/>
        <line num="374" count="2" type="stmt"/>
        <line num="379" count="6" type="stmt"/>
        <line num="382" count="6" type="cond" truecount="2" falsecount="0"/>
        <line num="383" count="2" type="cond" truecount="3" falsecount="1"/>
        <line num="385" count="2" type="cond" truecount="1" falsecount="1"/>
        <line num="386" count="0" type="stmt"/>
        <line num="387" count="2" type="cond" truecount="1" falsecount="1"/>
        <line num="388" count="2" type="stmt"/>
        <line num="391" count="0" type="stmt"/>
        <line num="394" count="4" type="cond" truecount="2" falsecount="0"/>
        <line num="398" count="2" type="stmt"/>
        <line num="399" count="6" type="stmt"/>
        <line num="401" count="2" type="cond" truecount="1" falsecount="1"/>
        <line num="402" count="2" type="stmt"/>
        <line num="403" count="2" type="cond" truecount="4" falsecount="1"/>
        <line num="404" count="2" type="cond" truecount="1" falsecount="1"/>
        <line num="409" count="2" type="cond" truecount="1" falsecount="1"/>
        <line num="413" count="2" type="cond" truecount="1" falsecount="1"/>
        <line num="415" count="2" type="cond" truecount="1" falsecount="1"/>
        <line num="417" count="0" type="cond" truecount="0" falsecount="4"/>
        <line num="419" count="0" type="stmt"/>
        <line num="420" count="0" type="stmt"/>
        <line num="421" count="0" type="cond" truecount="0" falsecount="4"/>
        <line num="423" count="0" type="stmt"/>
        <line num="424" count="0" type="stmt"/>
        <line num="429" count="0" type="cond" truecount="0" falsecount="2"/>
        <line num="430" count="0" type="stmt"/>
        <line num="434" count="0" type="stmt"/>
        <line num="438" count="2" type="cond" truecount="1" falsecount="1"/>
        <line num="442" count="0" type="cond" truecount="0" falsecount="2"/>
        <line num="445" count="0" type="cond" truecount="0" falsecount="2"/>
        <line num="446" count="0" type="stmt"/>
        <line num="447" count="0" type="cond" truecount="0" falsecount="2"/>
        <line num="448" count="0" type="cond" truecount="0" falsecount="2"/>
        <line num="455" count="2" type="cond" truecount="2" falsecount="2"/>
        <line num="456" count="0" type="stmt"/>
        <line num="457" count="0" type="cond" truecount="0" falsecount="5"/>
        <line num="458" count="0" type="cond" truecount="0" falsecount="2"/>
        <line num="465" count="6" type="stmt"/>
        <line num="493" count="0" type="stmt"/>
        <line num="496" count="0" type="cond" truecount="0" falsecount="6"/>
        <line num="498" count="0" type="stmt"/>
        <line num="499" count="0" type="stmt"/>
        <line num="501" count="0" type="stmt"/>
        <line num="502" count="0" type="stmt"/>
        <line num="503" count="0" type="cond" truecount="0" falsecount="4"/>
        <line num="505" count="0" type="stmt"/>
        <line num="506" count="0" type="stmt"/>
        <line num="507" count="0" type="stmt"/>
        <line num="512" count="0" type="stmt"/>
        <line num="513" count="0" type="stmt"/>
        <line num="514" count="0" type="cond" truecount="0" falsecount="4"/>
        <line num="515" count="0" type="stmt"/>
        <line num="516" count="0" type="stmt"/>
        <line num="522" count="0" type="stmt"/>
        <line num="529" count="0" type="stmt"/>
        <line num="530" count="0" type="stmt"/>
        <line num="531" count="0" type="cond" truecount="0" falsecount="2"/>
        <line num="532" count="0" type="stmt"/>
      </file>
    </package>
    <package name="services">
      <metrics statements="94" coveredstatements="92" conditionals="46" coveredconditionals="36" methods="33" coveredmethods="31"/>
      <file name="ApiService.ts" path="/home/axw/projects/synapps/apps/web-frontend/src/services/ApiService.ts">
        <metrics statements="24" coveredstatements="23" conditionals="4" coveredconditionals="3" methods="12" coveredmethods="11"/>
        <line num="18" count="10" type="cond" truecount="2" falsecount="0"/>
        <line num="20" count="10" type="stmt"/>
        <line num="29" count="10" type="stmt"/>
        <line num="30" count="0" type="stmt"/>
        <line num="32" count="1" type="cond" truecount="1" falsecount="1"/>
        <line num="33" count="1" type="stmt"/>
        <line num="42" count="1" type="stmt"/>
        <line num="43" count="1" type="stmt"/>
        <line num="50" count="1" type="stmt"/>
        <line num="51" count="1" type="stmt"/>
        <line num="58" count="1" type="stmt"/>
        <line num="59" count="1" type="stmt"/>
        <line num="66" count="1" type="stmt"/>
        <line num="67" count="1" type="stmt"/>
        <line num="74" count="1" type="stmt"/>
        <line num="81" count="1" type="stmt"/>
        <line num="82" count="1" type="stmt"/>
        <line num="89" count="1" type="stmt"/>
        <line num="90" count="1" type="stmt"/>
        <line num="97" count="1" type="stmt"/>
        <line num="98" count="1" type="stmt"/>
        <line num="105" count="1" type="stmt"/>
        <line num="106" count="1" type="stmt"/>
        <line num="111" count="10" type="stmt"/>
      </file>
      <file name="WebSocketService.ts" path="/home/axw/projects/synapps/apps/web-frontend/src/services/WebSocketService.ts">
        <metrics statements="70" coveredstatements="69" conditionals="42" coveredconditionals="33" methods="21" coveredmethods="20"/>
        <line num="10" count="8" type="stmt"/>
        <line num="11" count="8" type="stmt"/>
        <line num="12" count="8" type="stmt"/>
        <line num="13" count="8" type="stmt"/>
        <line num="14" count="8" type="stmt"/>
        <line num="17" count="8" type="stmt"/>
        <line num="24" count="10" type="cond" truecount="2" falsecount="0"/>
        <line num="25" count="2" type="stmt"/>
        <line num="28" count="10" type="cond" truecount="1" falsecount="1"/>
        <line num="30" count="10" type="cond" truecount="2" falsecount="0"/>
        <line num="33" count="10" type="stmt"/>
        <line num="35" count="10" type="stmt"/>
        <line num="37" count="4" type="stmt"/>
        <line num="38" count="4" type="cond" truecount="2" falsecount="0"/>
        <line num="39" count="1" type="stmt"/>
        <line num="40" count="1" type="stmt"/>
        <line num="44" count="10" type="stmt"/>
        <line num="45" count="5" type="stmt"/>
        <line num="46" count="5" type="stmt"/>
        <line num="47" count="5" type="stmt"/>
        <line num="49" count="1" type="stmt"/>
        <line num="53" count="10" type="stmt"/>
        <line num="55" count="1" type="stmt"/>
        <line num="56" count="1" type="stmt"/>
        <line num="59" count="10" type="stmt"/>
        <line num="60" count="1" type="stmt"/>
        <line num="61" count="1" type="stmt"/>
        <line num="62" count="1" type="stmt"/>
        <line num="70" count="3" type="cond" truecount="1" falsecount="1"/>
        <line num="71" count="3" type="stmt"/>
        <line num="72" count="3" type="stmt"/>
        <line num="73" count="3" type="stmt"/>
        <line num="81" count="2" type="cond" truecount="4" falsecount="0"/>
        <line num="82" count="1" type="stmt"/>
        <line num="83" count="1" type="stmt"/>
        <line num="85" count="1" type="stmt"/>
        <line num="86" count="1" type="stmt"/>
        <line num="94" count="1" type="cond" truecount="1" falsecount="1"/>
        <line num="95" count="1" type="stmt"/>
        <line num="98" count="1" type="stmt"/>
        <line num="101" count="1" type="stmt"/>
        <line num="102" count="1" type="stmt"/>
        <line num="103" count="1" type="cond" truecount="1" falsecount="1"/>
        <line num="104" count="1" type="stmt"/>
        <line num="105" count="1" type="cond" truecount="1" falsecount="1"/>
        <line num="106" count="1" type="stmt"/>
        <line num="116" count="1" type="stmt"/>
        <line num="119" count="1" type="stmt"/>
        <line num="120" count="0" type="stmt"/>
        <line num="128" count="4" type="stmt"/>
        <line num="131" count="4" type="stmt"/>
        <line num="132" count="4" type="cond" truecount="2" falsecount="0"/>
        <line num="133" count="1" type="stmt"/>
        <line num="137" count="4" type="cond" truecount="2" falsecount="0"/>
        <line num="138" count="2" type="stmt"/>
        <line num="147" count="2" type="stmt"/>
        <line num="150" count="2" type="cond" truecount="3" falsecount="1"/>
        <line num="151" count="2" type="stmt"/>
        <line num="159" count="2" type="cond" truecount="1" falsecount="1"/>
        <line num="160" count="2" type="cond" truecount="2" falsecount="0"/>
        <line num="161" count="2" type="stmt"/>
        <line num="168" count="2" type="stmt"/>
        <line num="176" count="8" type="cond" truecount="1" falsecount="1"/>
        <line num="177" count="8" type="cond" truecount="4" falsecount="0"/>
        <line num="179" count="7" type="stmt"/>
        <line num="180" count="1" type="stmt"/>
        <line num="190" count="2" type="cond" truecount="1" falsecount="1"/>
        <line num="191" count="2" type="stmt"/>
        <line num="192" count="2" type="stmt"/>
        <line num="199" count="8" type="stmt"/>
      </file>
    </package>
    <package name="stores">
      <metrics statements="59" coveredstatements="59" conditionals="16" coveredconditionals="12" methods="28" coveredmethods="28"/>
      <file name="executionStore.ts" path="/home/axw/projects/synapps/apps/web-frontend/src/stores/executionStore.ts">
        <metrics statements="6" coveredstatements="6" conditionals="0" coveredconditionals="0" methods="6" coveredmethods="6"/>
        <line num="16" count="2" type="stmt"/>
        <line num="21" count="2" type="stmt"/>
        <line num="22" count="2" type="stmt"/>
        <line num="23" count="4" type="stmt"/>
        <line num="24" count="4" type="stmt"/>
        <line num="26" count="17" type="stmt"/>
      </file>
      <file name="settingsStore.ts" path="/home/axw/projects/synapps/apps/web-frontend/src/stores/settingsStore.ts">
        <metrics statements="38" coveredstatements="38" conditionals="16" coveredconditionals="12" methods="9" coveredmethods="9"/>
        <line num="23" count="1" type="stmt"/>
        <line num="36" count="1" type="stmt"/>
        <line num="37" count="10" type="cond" truecount="1" falsecount="1"/>
        <line num="38" count="10" type="stmt"/>
        <line num="41" count="1" type="stmt"/>
        <line num="42" count="20" type="cond" truecount="1" falsecount="1"/>
        <line num="43" count="20" type="stmt"/>
        <line num="46" count="1" type="stmt"/>
        <line num="47" count="60" type="cond" truecount="1" falsecount="1"/>
        <line num="48" count="60" type="stmt"/>
        <line num="51" count="1" type="stmt"/>
        <line num="52" count="6" type="stmt"/>
        <line num="53" count="6" type="cond" truecount="2" falsecount="0"/>
        <line num="56" count="1" type="stmt"/>
        <line num="58" count="3" type="stmt"/>
        <line num="60" count="1" type="stmt"/>
        <line num="74" count="2" type="stmt"/>
        <line num="75" count="2" type="stmt"/>
        <line num="76" count="2" type="stmt"/>
        <line num="77" count="2" type="stmt"/>
        <line num="78" count="2" type="stmt"/>
        <line num="79" count="2" type="stmt"/>
        <line num="80" count="2" type="stmt"/>
        <line num="81" count="2" type="stmt"/>
        <line num="82" count="2" type="stmt"/>
        <line num="83" count="2" type="stmt"/>
        <line num="84" count="2" type="stmt"/>
        <line num="87" count="6" type="stmt"/>
        <line num="88" count="6" type="stmt"/>
        <line num="89" count="6" type="stmt"/>
        <line num="90" count="6" type="stmt"/>
        <line num="91" count="6" type="stmt"/>
        <line num="92" count="6" type="stmt"/>
        <line num="93" count="6" type="stmt"/>
        <line num="94" count="6" type="stmt"/>
        <line num="95" count="6" type="stmt"/>
        <line num="96" count="6" type="stmt"/>
        <line num="97" count="6" type="stmt"/>
      </file>
      <file name="workflowStore.ts" path="/home/axw/projects/synapps/apps/web-frontend/src/stores/workflowStore.ts">
        <metrics statements="15" coveredstatements="15" conditionals="0" coveredconditionals="0" methods="13" coveredmethods="13"/>
        <line num="28" count="2" type="stmt"/>
        <line num="48" count="2" type="stmt"/>
        <line num="58" count="2" type="stmt"/>
        <line num="59" count="2" type="stmt"/>
        <line num="60" count="2" type="stmt"/>
        <line num="61" count="2" type="stmt"/>
        <line num="62" count="2" type="stmt"/>
        <line num="63" count="2" type="stmt"/>
        <line num="64" count="2" type="stmt"/>
        <line num="65" count="2" type="stmt"/>
        <line num="66" count="2" type="stmt"/>
        <line num="68" count="1" type="stmt"/>
        <line num="69" count="1" type="stmt"/>
        <line num="70" count="1" type="stmt"/>
        <line num="73" count="21" type="stmt"/>
      </file>
    </package>
    <package name="utils">
      <metrics statements="35" coveredstatements="35" conditionals="10" coveredconditionals="10" methods="10" coveredmethods="10"/>
      <file name="flowUtils.ts" path="/home/axw/projects/synapps/apps/web-frontend/src/utils/flowUtils.ts">
        <metrics statements="35" coveredstatements="35" conditionals="10" coveredconditionals="10" methods="10" coveredmethods="10"/>
        <line num="10" count="1" type="stmt"/>
        <line num="11" count="14" type="stmt"/>
        <line num="17" count="1" type="stmt"/>
        <line num="18" count="3" type="stmt"/>
        <line num="25" count="1" type="stmt"/>
        <line num="27" count="2" type="stmt"/>
        <line num="30" count="2" type="stmt"/>
        <line num="36" count="2" type="stmt"/>
        <line num="39" count="2" type="stmt"/>
        <line num="40" count="6" type="stmt"/>
        <line num="41" count="6" type="stmt"/>
        <line num="44" count="6" type="stmt"/>
        <line num="46" count="6" type="stmt"/>
        <line num="53" count="2" type="stmt"/>
        <line num="54" count="4" type="stmt"/>
        <line num="62" count="2" type="stmt"/>
        <line num="68" count="1" type="stmt"/>
        <line num="69" count="6" type="stmt"/>
        <line num="72" count="6" type="cond" truecount="4" falsecount="0"/>
        <line num="73" count="1" type="stmt"/>
        <line num="74" count="1" type="stmt"/>
        <line num="78" count="8" type="stmt"/>
        <line num="79" count="13" type="stmt"/>
        <line num="81" count="5" type="cond" truecount="2" falsecount="0"/>
        <line num="82" count="1" type="stmt"/>
        <line num="85" count="5" type="cond" truecount="2" falsecount="0"/>
        <line num="86" count="2" type="stmt"/>
        <line num="90" count="5" type="stmt"/>
        <line num="93" count="5" type="stmt"/>
        <line num="94" count="8" type="stmt"/>
        <line num="95" count="8" type="stmt"/>
        <line num="99" count="14" type="stmt"/>
        <line num="101" count="5" type="cond" truecount="2" falsecount="0"/>
        <line num="102" count="2" type="stmt"/>
        <line num="105" count="5" type="stmt"/>
      </file>
    </package>
  </project>
</coverage>
