{"/home/axw/projects/synapps/apps/web-frontend/src/App.tsx": {"path":"/home/axw/projects/synapps/apps/web-frontend/src/App.tsx","statementMap":{"0":{"start":{"line":15,"column":22},"end":{"line":42,"column":1}},"1":{"start":{"line":17,"column":2},"end":{"line":25,"column":9}},"2":{"start":{"line":19,"column":4},"end":{"line":19,"column":31}},"3":{"start":{"line":22,"column":4},"end":{"line":24,"column":6}},"4":{"start":{"line":23,"column":6},"end":{"line":23,"column":36}},"5":{"start":{"line":27,"column":2},"end":{"line":41,"column":4}}},"fnMap":{"0":{"name":"(anonymous_0)","decl":{"start":{"line":15,"column":22},"end":{"line":15,"column":23}},"loc":{"start":{"line":15,"column":28},"end":{"line":42,"column":1}},"line":15},"1":{"name":"(anonymous_1)","decl":{"start":{"line":17,"column":12},"end":{"line":17,"column":13}},"loc":{"start":{"line":17,"column":18},"end":{"line":25,"column":3}},"line":17},"2":{"name":"(anonymous_2)","decl":{"start":{"line":22,"column":11},"end":{"line":22,"column":12}},"loc":{"start":{"line":22,"column":17},"end":{"line":24,"column":5}},"line":22}},"branchMap":{},"s":{"0":0,"1":0,"2":0,"3":0,"4":0,"5":0},"f":{"0":0,"1":0,"2":0},"b":{}}
,"/home/axw/projects/synapps/apps/web-frontend/src/index.tsx": {"path":"/home/axw/projects/synapps/apps/web-frontend/src/index.tsx","statementMap":{"0":{"start":{"line":9,"column":13},"end":{"line":11,"column":1}},"1":{"start":{"line":13,"column":0},"end":{"line":17,"column":2}}},"fnMap":{},"branchMap":{},"s":{"0":0,"1":0},"f":{},"b":{}}
,"/home/axw/projects/synapps/apps/web-frontend/src/components/CodeEditor/CodeEditor.tsx": {"path":"/home/axw/projects/synapps/apps/web-frontend/src/components/CodeEditor/CodeEditor.tsx","statementMap":{"0":{"start":{"line":19,"column":46},"end":{"line":221,"column":1}},"1":{"start":{"line":26,"column":26},"end":{"line":26,"column":55}},"2":{"start":{"line":27,"column":26},"end":{"line":27,"column":46}},"3":{"start":{"line":28,"column":38},"end":{"line":28,"column":58}},"4":{"start":{"line":29,"column":42},"end":{"line":29,"column":66}},"5":{"start":{"line":30,"column":34},"end":{"line":30,"column":58}},"6":{"start":{"line":31,"column":20},"end":{"line":31,"column":75}},"7":{"start":{"line":34,"column":31},"end":{"line":54,"column":3}},"8":{"start":{"line":35,"column":4},"end":{"line":35,"column":31}},"9":{"start":{"line":38,"column":4},"end":{"line":48,"column":7}},"10":{"start":{"line":51,"column":4},"end":{"line":53,"column":7}},"11":{"start":{"line":52,"column":6},"end":{"line":52,"column":19}},"12":{"start":{"line":57,"column":27},"end":{"line":61,"column":3}},"13":{"start":{"line":58,"column":4},"end":{"line":60,"column":5}},"14":{"start":{"line":59,"column":6},"end":{"line":59,"column":21}},"15":{"start":{"line":64,"column":35},"end":{"line":82,"column":3}},"16":{"start":{"line":65,"column":4},"end":{"line":65,"column":47}},"17":{"start":{"line":65,"column":40},"end":{"line":65,"column":47}},"18":{"start":{"line":67,"column":4},"end":{"line":67,"column":26}},"19":{"start":{"line":69,"column":4},"end":{"line":81,"column":5}},"20":{"start":{"line":70,"column":23},"end":{"line":73,"column":8}},"21":{"start":{"line":75,"column":6},"end":{"line":75,"column":41}},"22":{"start":{"line":76,"column":6},"end":{"line":76,"column":24}},"23":{"start":{"line":78,"column":6},"end":{"line":78,"column":59}},"24":{"start":{"line":80,"column":6},"end":{"line":80,"column":29}},"25":{"start":{"line":85,"column":32},"end":{"line":92,"column":3}},"26":{"start":{"line":86,"column":4},"end":{"line":91,"column":5}},"27":{"start":{"line":87,"column":6},"end":{"line":87,"column":45}},"28":{"start":{"line":88,"column":6},"end":{"line":88,"column":26}},"29":{"start":{"line":89,"column":6},"end":{"line":89,"column":24}},"30":{"start":{"line":90,"column":6},"end":{"line":90,"column":25}},"31":{"start":{"line":95,"column":21},"end":{"line":99,"column":3}},"32":{"start":{"line":96,"column":4},"end":{"line":98,"column":5}},"33":{"start":{"line":97,"column":6},"end":{"line":97,"column":19}},"34":{"start":{"line":101,"column":2},"end":{"line":220,"column":4}},"35":{"start":{"line":158,"column":33},"end":{"line":158,"column":51}},"36":{"start":{"line":172,"column":33},"end":{"line":172,"column":56}},"37":{"start":{"line":189,"column":16},"end":{"line":189,"column":62}},"38":{"start":{"line":190,"column":16},"end":{"line":190,"column":43}},"39":{"start":{"line":199,"column":16},"end":{"line":199,"column":69}},"40":{"start":{"line":200,"column":16},"end":{"line":200,"column":43}},"41":{"start":{"line":209,"column":16},"end":{"line":209,"column":68}},"42":{"start":{"line":210,"column":16},"end":{"line":210,"column":43}}},"fnMap":{"0":{"name":"(anonymous_0)","decl":{"start":{"line":19,"column":46},"end":{"line":19,"column":47}},"loc":{"start":{"line":25,"column":6},"end":{"line":221,"column":1}},"line":25},"1":{"name":"(anonymous_1)","decl":{"start":{"line":34,"column":31},"end":{"line":34,"column":32}},"loc":{"start":{"line":34,"column":95},"end":{"line":54,"column":3}},"line":34},"2":{"name":"(anonymous_2)","decl":{"start":{"line":51,"column":67},"end":{"line":51,"column":68}},"loc":{"start":{"line":51,"column":73},"end":{"line":53,"column":5}},"line":51},"3":{"name":"(anonymous_3)","decl":{"start":{"line":57,"column":27},"end":{"line":57,"column":28}},"loc":{"start":{"line":57,"column":58},"end":{"line":61,"column":3}},"line":57},"4":{"name":"(anonymous_4)","decl":{"start":{"line":64,"column":35},"end":{"line":64,"column":36}},"loc":{"start":{"line":64,"column":47},"end":{"line":82,"column":3}},"line":64},"5":{"name":"(anonymous_5)","decl":{"start":{"line":85,"column":32},"end":{"line":85,"column":33}},"loc":{"start":{"line":85,"column":38},"end":{"line":92,"column":3}},"line":85},"6":{"name":"(anonymous_6)","decl":{"start":{"line":95,"column":21},"end":{"line":95,"column":22}},"loc":{"start":{"line":95,"column":27},"end":{"line":99,"column":3}},"line":95},"7":{"name":"(anonymous_7)","decl":{"start":{"line":158,"column":27},"end":{"line":158,"column":28}},"loc":{"start":{"line":158,"column":33},"end":{"line":158,"column":51}},"line":158},"8":{"name":"(anonymous_8)","decl":{"start":{"line":172,"column":26},"end":{"line":172,"column":27}},"loc":{"start":{"line":172,"column":33},"end":{"line":172,"column":56}},"line":172},"9":{"name":"(anonymous_9)","decl":{"start":{"line":188,"column":23},"end":{"line":188,"column":24}},"loc":{"start":{"line":188,"column":29},"end":{"line":191,"column":15}},"line":188},"10":{"name":"(anonymous_10)","decl":{"start":{"line":198,"column":23},"end":{"line":198,"column":24}},"loc":{"start":{"line":198,"column":29},"end":{"line":201,"column":15}},"line":198},"11":{"name":"(anonymous_11)","decl":{"start":{"line":208,"column":23},"end":{"line":208,"column":24}},"loc":{"start":{"line":208,"column":29},"end":{"line":211,"column":15}},"line":208}},"branchMap":{"0":{"loc":{"start":{"line":22,"column":2},"end":{"line":22,"column":18}},"type":"default-arg","locations":[{"start":{"line":22,"column":13},"end":{"line":22,"column":18}}],"line":22},"1":{"loc":{"start":{"line":58,"column":4},"end":{"line":60,"column":5}},"type":"if","locations":[{"start":{"line":58,"column":4},"end":{"line":60,"column":5}},{"start":{},"end":{}}],"line":58},"2":{"loc":{"start":{"line":65,"column":4},"end":{"line":65,"column":47}},"type":"if","locations":[{"start":{"line":65,"column":4},"end":{"line":65,"column":47}},{"start":{},"end":{}}],"line":65},"3":{"loc":{"start":{"line":65,"column":8},"end":{"line":65,"column":38}},"type":"binary-expr","locations":[{"start":{"line":65,"column":8},"end":{"line":65,"column":13}},{"start":{"line":65,"column":17},"end":{"line":65,"column":22}},{"start":{"line":65,"column":26},"end":{"line":65,"column":38}}],"line":65},"4":{"loc":{"start":{"line":86,"column":4},"end":{"line":91,"column":5}},"type":"if","locations":[{"start":{"line":86,"column":4},"end":{"line":91,"column":5}},{"start":{},"end":{}}],"line":86},"5":{"loc":{"start":{"line":86,"column":8},"end":{"line":86,"column":39}},"type":"binary-expr","locations":[{"start":{"line":86,"column":8},"end":{"line":86,"column":18}},{"start":{"line":86,"column":22},"end":{"line":86,"column":39}}],"line":86},"6":{"loc":{"start":{"line":96,"column":4},"end":{"line":98,"column":5}},"type":"if","locations":[{"start":{"line":96,"column":4},"end":{"line":98,"column":5}},{"start":{},"end":{}}],"line":96},"7":{"loc":{"start":{"line":110,"column":11},"end":{"line":117,"column":11}},"type":"binary-expr","locations":[{"start":{"line":110,"column":11},"end":{"line":110,"column":20}},{"start":{"line":111,"column":12},"end":{"line":116,"column":21}}],"line":110},"8":{"loc":{"start":{"line":119,"column":11},"end":{"line":126,"column":11}},"type":"binary-expr","locations":[{"start":{"line":119,"column":11},"end":{"line":119,"column":18}},{"start":{"line":120,"column":12},"end":{"line":125,"column":21}}],"line":119},"9":{"loc":{"start":{"line":134,"column":17},"end":{"line":134,"column":45}},"type":"cond-expr","locations":[{"start":{"line":134,"column":28},"end":{"line":134,"column":38}},{"start":{"line":134,"column":41},"end":{"line":134,"column":45}}],"line":134},"10":{"loc":{"start":{"line":138,"column":22},"end":{"line":138,"column":42}},"type":"binary-expr","locations":[{"start":{"line":138,"column":22},"end":{"line":138,"column":30}},{"start":{"line":138,"column":34},"end":{"line":138,"column":42}}],"line":138},"11":{"loc":{"start":{"line":144,"column":7},"end":{"line":218,"column":7}},"type":"binary-expr","locations":[{"start":{"line":144,"column":7},"end":{"line":144,"column":16}},{"start":{"line":145,"column":8},"end":{"line":217,"column":14}}],"line":144},"12":{"loc":{"start":{"line":148,"column":13},"end":{"line":163,"column":13}},"type":"binary-expr","locations":[{"start":{"line":148,"column":13},"end":{"line":148,"column":21}},{"start":{"line":149,"column":14},"end":{"line":162,"column":20}}],"line":148},"13":{"loc":{"start":{"line":166,"column":11},"end":{"line":183,"column":11}},"type":"binary-expr","locations":[{"start":{"line":166,"column":11},"end":{"line":166,"column":20}},{"start":{"line":167,"column":12},"end":{"line":182,"column":18}}],"line":166},"14":{"loc":{"start":{"line":178,"column":26},"end":{"line":178,"column":47}},"type":"binary-expr","locations":[{"start":{"line":178,"column":26},"end":{"line":178,"column":31}},{"start":{"line":178,"column":35},"end":{"line":178,"column":47}}],"line":178},"15":{"loc":{"start":{"line":180,"column":17},"end":{"line":180,"column":66}},"type":"cond-expr","locations":[{"start":{"line":180,"column":32},"end":{"line":180,"column":47}},{"start":{"line":180,"column":50},"end":{"line":180,"column":66}}],"line":180},"16":{"loc":{"start":{"line":192,"column":24},"end":{"line":192,"column":48}},"type":"binary-expr","locations":[{"start":{"line":192,"column":24},"end":{"line":192,"column":36}},{"start":{"line":192,"column":40},"end":{"line":192,"column":48}}],"line":192},"17":{"loc":{"start":{"line":202,"column":24},"end":{"line":202,"column":48}},"type":"binary-expr","locations":[{"start":{"line":202,"column":24},"end":{"line":202,"column":36}},{"start":{"line":202,"column":40},"end":{"line":202,"column":48}}],"line":202},"18":{"loc":{"start":{"line":212,"column":24},"end":{"line":212,"column":48}},"type":"binary-expr","locations":[{"start":{"line":212,"column":24},"end":{"line":212,"column":36}},{"start":{"line":212,"column":40},"end":{"line":212,"column":48}}],"line":212}},"s":{"0":0,"1":0,"2":0,"3":0,"4":0,"5":0,"6":0,"7":0,"8":0,"9":0,"10":0,"11":0,"12":0,"13":0,"14":0,"15":0,"16":0,"17":0,"18":0,"19":0,"20":0,"21":0,"22":0,"23":0,"24":0,"25":0,"26":0,"27":0,"28":0,"29":0,"30":0,"31":0,"32":0,"33":0,"34":0,"35":0,"36":0,"37":0,"38":0,"39":0,"40":0,"41":0,"42":0},"f":{"0":0,"1":0,"2":0,"3":0,"4":0,"5":0,"6":0,"7":0,"8":0,"9":0,"10":0,"11":0},"b":{"0":[0],"1":[0,0],"2":[0,0],"3":[0,0,0],"4":[0,0],"5":[0,0],"6":[0,0],"7":[0,0],"8":[0,0],"9":[0,0],"10":[0,0],"11":[0,0],"12":[0,0],"13":[0,0],"14":[0,0],"15":[0,0],"16":[0,0],"17":[0,0],"18":[0,0]}}
,"/home/axw/projects/synapps/apps/web-frontend/src/components/Layout/MainLayout.tsx": {"path":"/home/axw/projects/synapps/apps/web-frontend/src/components/Layout/MainLayout.tsx","statementMap":{"0":{"start":{"line":16,"column":46},"end":{"line":70,"column":1}},"1":{"start":{"line":17,"column":19},"end":{"line":17,"column":32}},"2":{"start":{"line":20,"column":19},"end":{"line":26,"column":3}},"3":{"start":{"line":28,"column":2},"end":{"line":69,"column":4}},"4":{"start":{"line":38,"column":12},"end":{"line":45,"column":19}}},"fnMap":{"0":{"name":"(anonymous_0)","decl":{"start":{"line":16,"column":46},"end":{"line":16,"column":47}},"loc":{"start":{"line":16,"column":80},"end":{"line":70,"column":1}},"line":16},"1":{"name":"(anonymous_1)","decl":{"start":{"line":37,"column":24},"end":{"line":37,"column":25}},"loc":{"start":{"line":38,"column":12},"end":{"line":45,"column":19}},"line":38}},"branchMap":{"0":{"loc":{"start":{"line":41,"column":37},"end":{"line":41,"column":92}},"type":"cond-expr","locations":[{"start":{"line":41,"column":79},"end":{"line":41,"column":87}},{"start":{"line":41,"column":90},"end":{"line":41,"column":92}}],"line":41}},"s":{"0":0,"1":0,"2":0,"3":0,"4":0},"f":{"0":0,"1":0},"b":{"0":[0,0]}}
,"/home/axw/projects/synapps/apps/web-frontend/src/components/Notifications/NotificationCenter.tsx": {"path":"/home/axw/projects/synapps/apps/web-frontend/src/components/Notifications/NotificationCenter.tsx","statementMap":{"0":{"start":{"line":14,"column":62},"end":{"line":186,"column":1}},"1":{"start":{"line":17,"column":44},"end":{"line":17,"column":76}},"2":{"start":{"line":18,"column":30},"end":{"line":18,"column":54}},"3":{"start":{"line":19,"column":40},"end":{"line":19,"column":59}},"4":{"start":{"line":22,"column":2},"end":{"line":27,"column":9}},"5":{"start":{"line":23,"column":24},"end":{"line":25,"column":5}},"6":{"start":{"line":26,"column":4},"end":{"line":26,"column":23}},"7":{"start":{"line":30,"column":2},"end":{"line":33,"column":22}},"8":{"start":{"line":31,"column":18},"end":{"line":31,"column":59}},"9":{"start":{"line":31,"column":44},"end":{"line":31,"column":51}},"10":{"start":{"line":32,"column":4},"end":{"line":32,"column":26}},"11":{"start":{"line":36,"column":43},"end":{"line":50,"column":3}},"12":{"start":{"line":38,"column":4},"end":{"line":49,"column":5}},"13":{"start":{"line":39,"column":6},"end":{"line":48,"column":9}},"14":{"start":{"line":53,"column":26},"end":{"line":74,"column":3}},"15":{"start":{"line":54,"column":4},"end":{"line":73,"column":7}},"16":{"start":{"line":56,"column":21},"end":{"line":56,"column":61}},"17":{"start":{"line":56,"column":36},"end":{"line":56,"column":60}},"18":{"start":{"line":58,"column":6},"end":{"line":72,"column":7}},"19":{"start":{"line":60,"column":8},"end":{"line":62,"column":10}},"20":{"start":{"line":61,"column":10},"end":{"line":61,"column":74}},"21":{"start":{"line":65,"column":33},"end":{"line":65,"column":56}},"22":{"start":{"line":67,"column":8},"end":{"line":69,"column":9}},"23":{"start":{"line":68,"column":10},"end":{"line":68,"column":61}},"24":{"start":{"line":71,"column":8},"end":{"line":71,"column":32}},"25":{"start":{"line":77,"column":24},"end":{"line":81,"column":3}},"26":{"start":{"line":78,"column":4},"end":{"line":80,"column":6}},"27":{"start":{"line":79,"column":6},"end":{"line":79,"column":43}},"28":{"start":{"line":79,"column":21},"end":{"line":79,"column":41}},"29":{"start":{"line":84,"column":21},"end":{"line":90,"column":3}},"30":{"start":{"line":85,"column":4},"end":{"line":89,"column":6}},"31":{"start":{"line":86,"column":6},"end":{"line":88,"column":7}},"32":{"start":{"line":87,"column":8},"end":{"line":87,"column":46}},"33":{"start":{"line":93,"column":28},"end":{"line":97,"column":3}},"34":{"start":{"line":94,"column":4},"end":{"line":96,"column":6}},"35":{"start":{"line":95,"column":6},"end":{"line":95,"column":35}},"36":{"start":{"line":95,"column":23},"end":{"line":95,"column":34}},"37":{"start":{"line":100,"column":32},"end":{"line":102,"column":3}},"38":{"start":{"line":101,"column":4},"end":{"line":101,"column":25}},"39":{"start":{"line":105,"column":35},"end":{"line":112,"column":3}},"40":{"start":{"line":106,"column":4},"end":{"line":106,"column":29}},"41":{"start":{"line":106,"column":22},"end":{"line":106,"column":27}},"42":{"start":{"line":109,"column":4},"end":{"line":111,"column":5}},"43":{"start":{"line":110,"column":6},"end":{"line":110,"column":22}},"44":{"start":{"line":115,"column":21},"end":{"line":118,"column":3}},"45":{"start":{"line":116,"column":17},"end":{"line":116,"column":36}},"46":{"start":{"line":117,"column":4},"end":{"line":117,"column":79}},"47":{"start":{"line":120,"column":2},"end":{"line":185,"column":4}},"48":{"start":{"line":153,"column":16},"end":{"line":178,"column":22}},"49":{"start":{"line":156,"column":33},"end":{"line":156,"column":60}},"50":{"start":{"line":172,"column":22},"end":{"line":172,"column":42}},"51":{"start":{"line":173,"column":22},"end":{"line":173,"column":57}}},"fnMap":{"0":{"name":"(anonymous_0)","decl":{"start":{"line":14,"column":62},"end":{"line":14,"column":63}},"loc":{"start":{"line":16,"column":6},"end":{"line":186,"column":1}},"line":16},"1":{"name":"(anonymous_1)","decl":{"start":{"line":22,"column":12},"end":{"line":22,"column":13}},"loc":{"start":{"line":22,"column":18},"end":{"line":27,"column":3}},"line":22},"2":{"name":"(anonymous_2)","decl":{"start":{"line":30,"column":12},"end":{"line":30,"column":13}},"loc":{"start":{"line":30,"column":18},"end":{"line":33,"column":3}},"line":30},"3":{"name":"(anonymous_3)","decl":{"start":{"line":31,"column":39},"end":{"line":31,"column":40}},"loc":{"start":{"line":31,"column":44},"end":{"line":31,"column":51}},"line":31},"4":{"name":"(anonymous_4)","decl":{"start":{"line":36,"column":43},"end":{"line":36,"column":44}},"loc":{"start":{"line":36,"column":74},"end":{"line":50,"column":3}},"line":36},"5":{"name":"(anonymous_5)","decl":{"start":{"line":53,"column":26},"end":{"line":53,"column":27}},"loc":{"start":{"line":53,"column":62},"end":{"line":74,"column":3}},"line":53},"6":{"name":"(anonymous_6)","decl":{"start":{"line":54,"column":21},"end":{"line":54,"column":22}},"loc":{"start":{"line":54,"column":29},"end":{"line":73,"column":5}},"line":54},"7":{"name":"(anonymous_7)","decl":{"start":{"line":56,"column":31},"end":{"line":56,"column":32}},"loc":{"start":{"line":56,"column":36},"end":{"line":56,"column":60}},"line":56},"8":{"name":"(anonymous_8)","decl":{"start":{"line":60,"column":24},"end":{"line":60,"column":25}},"loc":{"start":{"line":61,"column":10},"end":{"line":61,"column":74}},"line":61},"9":{"name":"(anonymous_9)","decl":{"start":{"line":77,"column":24},"end":{"line":77,"column":25}},"loc":{"start":{"line":77,"column":30},"end":{"line":81,"column":3}},"line":77},"10":{"name":"(anonymous_10)","decl":{"start":{"line":78,"column":21},"end":{"line":78,"column":22}},"loc":{"start":{"line":79,"column":6},"end":{"line":79,"column":43}},"line":79},"11":{"name":"(anonymous_11)","decl":{"start":{"line":79,"column":15},"end":{"line":79,"column":16}},"loc":{"start":{"line":79,"column":21},"end":{"line":79,"column":41}},"line":79},"12":{"name":"(anonymous_12)","decl":{"start":{"line":84,"column":21},"end":{"line":84,"column":22}},"loc":{"start":{"line":84,"column":37},"end":{"line":90,"column":3}},"line":84},"13":{"name":"(anonymous_13)","decl":{"start":{"line":85,"column":21},"end":{"line":85,"column":22}},"loc":{"start":{"line":86,"column":6},"end":{"line":88,"column":7}},"line":86},"14":{"name":"(anonymous_14)","decl":{"start":{"line":86,"column":15},"end":{"line":86,"column":16}},"loc":{"start":{"line":87,"column":8},"end":{"line":87,"column":46}},"line":87},"15":{"name":"(anonymous_15)","decl":{"start":{"line":93,"column":28},"end":{"line":93,"column":29}},"loc":{"start":{"line":93,"column":44},"end":{"line":97,"column":3}},"line":93},"16":{"name":"(anonymous_16)","decl":{"start":{"line":94,"column":21},"end":{"line":94,"column":22}},"loc":{"start":{"line":95,"column":6},"end":{"line":95,"column":35}},"line":95},"17":{"name":"(anonymous_17)","decl":{"start":{"line":95,"column":18},"end":{"line":95,"column":19}},"loc":{"start":{"line":95,"column":23},"end":{"line":95,"column":34}},"line":95},"18":{"name":"(anonymous_18)","decl":{"start":{"line":100,"column":32},"end":{"line":100,"column":33}},"loc":{"start":{"line":100,"column":38},"end":{"line":102,"column":3}},"line":100},"19":{"name":"(anonymous_19)","decl":{"start":{"line":105,"column":35},"end":{"line":105,"column":36}},"loc":{"start":{"line":105,"column":41},"end":{"line":112,"column":3}},"line":105},"20":{"name":"(anonymous_20)","decl":{"start":{"line":106,"column":14},"end":{"line":106,"column":15}},"loc":{"start":{"line":106,"column":22},"end":{"line":106,"column":27}},"line":106},"21":{"name":"(anonymous_21)","decl":{"start":{"line":115,"column":21},"end":{"line":115,"column":22}},"loc":{"start":{"line":115,"column":52},"end":{"line":118,"column":3}},"line":115},"22":{"name":"(anonymous_22)","decl":{"start":{"line":152,"column":32},"end":{"line":152,"column":33}},"loc":{"start":{"line":153,"column":16},"end":{"line":178,"column":22}},"line":153},"23":{"name":"(anonymous_23)","decl":{"start":{"line":156,"column":27},"end":{"line":156,"column":28}},"loc":{"start":{"line":156,"column":33},"end":{"line":156,"column":60}},"line":156},"24":{"name":"(anonymous_24)","decl":{"start":{"line":171,"column":29},"end":{"line":171,"column":30}},"loc":{"start":{"line":171,"column":36},"end":{"line":174,"column":21}},"line":171}},"branchMap":{"0":{"loc":{"start":{"line":15,"column":2},"end":{"line":15,"column":23}},"type":"default-arg","locations":[{"start":{"line":15,"column":21},"end":{"line":15,"column":23}}],"line":15},"1":{"loc":{"start":{"line":38,"column":4},"end":{"line":49,"column":5}},"type":"if","locations":[{"start":{"line":38,"column":4},"end":{"line":49,"column":5}},{"start":{},"end":{}}],"line":38},"2":{"loc":{"start":{"line":38,"column":8},"end":{"line":38,"column":64}},"type":"binary-expr","locations":[{"start":{"line":38,"column":8},"end":{"line":38,"column":35}},{"start":{"line":38,"column":39},"end":{"line":38,"column":64}}],"line":38},"3":{"loc":{"start":{"line":41,"column":15},"end":{"line":41,"column":85}},"type":"cond-expr","locations":[{"start":{"line":41,"column":45},"end":{"line":41,"column":65}},{"start":{"line":41,"column":68},"end":{"line":41,"column":85}}],"line":41},"4":{"loc":{"start":{"line":42,"column":17},"end":{"line":44,"column":85}},"type":"cond-expr","locations":[{"start":{"line":43,"column":12},"end":{"line":43,"column":74}},{"start":{"line":44,"column":12},"end":{"line":44,"column":85}}],"line":42},"5":{"loc":{"start":{"line":45,"column":14},"end":{"line":45,"column":63}},"type":"cond-expr","locations":[{"start":{"line":45,"column":44},"end":{"line":45,"column":53}},{"start":{"line":45,"column":56},"end":{"line":45,"column":63}}],"line":45},"6":{"loc":{"start":{"line":58,"column":6},"end":{"line":72,"column":7}},"type":"if","locations":[{"start":{"line":58,"column":6},"end":{"line":72,"column":7}},{"start":{"line":63,"column":13},"end":{"line":72,"column":7}}],"line":58},"7":{"loc":{"start":{"line":61,"column":10},"end":{"line":61,"column":74}},"type":"cond-expr","locations":[{"start":{"line":61,"column":37},"end":{"line":61,"column":70}},{"start":{"line":61,"column":73},"end":{"line":61,"column":74}}],"line":61},"8":{"loc":{"start":{"line":67,"column":8},"end":{"line":69,"column":9}},"type":"if","locations":[{"start":{"line":67,"column":8},"end":{"line":69,"column":9}},{"start":{},"end":{}}],"line":67},"9":{"loc":{"start":{"line":87,"column":8},"end":{"line":87,"column":46}},"type":"cond-expr","locations":[{"start":{"line":87,"column":22},"end":{"line":87,"column":42}},{"start":{"line":87,"column":45},"end":{"line":87,"column":46}}],"line":87},"10":{"loc":{"start":{"line":109,"column":4},"end":{"line":111,"column":5}},"type":"if","locations":[{"start":{"line":109,"column":4},"end":{"line":111,"column":5}},{"start":{},"end":{}}],"line":109},"11":{"loc":{"start":{"line":127,"column":9},"end":{"line":129,"column":9}},"type":"binary-expr","locations":[{"start":{"line":127,"column":9},"end":{"line":127,"column":24}},{"start":{"line":128,"column":10},"end":{"line":128,"column":67}}],"line":127},"12":{"loc":{"start":{"line":132,"column":7},"end":{"line":183,"column":7}},"type":"binary-expr","locations":[{"start":{"line":132,"column":7},"end":{"line":132,"column":13}},{"start":{"line":133,"column":8},"end":{"line":182,"column":14}}],"line":132},"13":{"loc":{"start":{"line":147,"column":13},"end":{"line":180,"column":13}},"type":"cond-expr","locations":[{"start":{"line":148,"column":14},"end":{"line":150,"column":20}},{"start":{"line":152,"column":14},"end":{"line":179,"column":16}}],"line":147},"14":{"loc":{"start":{"line":155,"column":71},"end":{"line":155,"column":108}},"type":"cond-expr","locations":[{"start":{"line":155,"column":91},"end":{"line":155,"column":97}},{"start":{"line":155,"column":100},"end":{"line":155,"column":108}}],"line":155},"15":{"loc":{"start":{"line":159,"column":21},"end":{"line":159,"column":59}},"type":"binary-expr","locations":[{"start":{"line":159,"column":21},"end":{"line":159,"column":52}},{"start":{"line":159,"column":56},"end":{"line":159,"column":59}}],"line":159},"16":{"loc":{"start":{"line":160,"column":21},"end":{"line":160,"column":57}},"type":"binary-expr","locations":[{"start":{"line":160,"column":21},"end":{"line":160,"column":50}},{"start":{"line":160,"column":54},"end":{"line":160,"column":57}}],"line":160},"17":{"loc":{"start":{"line":161,"column":21},"end":{"line":161,"column":57}},"type":"binary-expr","locations":[{"start":{"line":161,"column":21},"end":{"line":161,"column":49}},{"start":{"line":161,"column":53},"end":{"line":161,"column":57}}],"line":161},"18":{"loc":{"start":{"line":162,"column":21},"end":{"line":162,"column":60}},"type":"binary-expr","locations":[{"start":{"line":162,"column":21},"end":{"line":162,"column":52}},{"start":{"line":162,"column":56},"end":{"line":162,"column":60}}],"line":162}},"s":{"0":0,"1":0,"2":0,"3":0,"4":0,"5":0,"6":0,"7":0,"8":0,"9":0,"10":0,"11":0,"12":0,"13":0,"14":0,"15":0,"16":0,"17":0,"18":0,"19":0,"20":0,"21":0,"22":0,"23":0,"24":0,"25":0,"26":0,"27":0,"28":0,"29":0,"30":0,"31":0,"32":0,"33":0,"34":0,"35":0,"36":0,"37":0,"38":0,"39":0,"40":0,"41":0,"42":0,"43":0,"44":0,"45":0,"46":0,"47":0,"48":0,"49":0,"50":0,"51":0},"f":{"0":0,"1":0,"2":0,"3":0,"4":0,"5":0,"6":0,"7":0,"8":0,"9":0,"10":0,"11":0,"12":0,"13":0,"14":0,"15":0,"16":0,"17":0,"18":0,"19":0,"20":0,"21":0,"22":0,"23":0,"24":0},"b":{"0":[0],"1":[0,0],"2":[0,0],"3":[0,0],"4":[0,0],"5":[0,0],"6":[0,0],"7":[0,0],"8":[0,0],"9":[0,0],"10":[0,0],"11":[0,0],"12":[0,0],"13":[0,0],"14":[0,0],"15":[0,0],"16":[0,0],"17":[0,0],"18":[0,0]}}
,"/home/axw/projects/synapps/apps/web-frontend/src/components/TemplateLoader/TemplateLoader.tsx": {"path":"/home/axw/projects/synapps/apps/web-frontend/src/components/TemplateLoader/TemplateLoader.tsx","statementMap":{"0":{"start":{"line":16,"column":54},"end":{"line":66,"column":1}},"1":{"start":{"line":17,"column":50},"end":{"line":17,"column":85}},"2":{"start":{"line":19,"column":30},"end":{"line":21,"column":3}},"3":{"start":{"line":20,"column":4},"end":{"line":20,"column":34}},"4":{"start":{"line":23,"column":27},"end":{"line":28,"column":3}},"5":{"start":{"line":24,"column":4},"end":{"line":27,"column":5}},"6":{"start":{"line":25,"column":22},"end":{"line":25,"column":62}},"7":{"start":{"line":26,"column":6},"end":{"line":26,"column":32}},"8":{"start":{"line":30,"column":2},"end":{"line":65,"column":4}},"9":{"start":{"line":39,"column":10},"end":{"line":51,"column":16}},"10":{"start":{"line":42,"column":27},"end":{"line":42,"column":56}},"11":{"start":{"line":48,"column":16},"end":{"line":48,"column":69}}},"fnMap":{"0":{"name":"(anonymous_0)","decl":{"start":{"line":16,"column":54},"end":{"line":16,"column":55}},"loc":{"start":{"line":16,"column":89},"end":{"line":66,"column":1}},"line":16},"1":{"name":"(anonymous_1)","decl":{"start":{"line":19,"column":30},"end":{"line":19,"column":31}},"loc":{"start":{"line":19,"column":58},"end":{"line":21,"column":3}},"line":19},"2":{"name":"(anonymous_2)","decl":{"start":{"line":23,"column":27},"end":{"line":23,"column":28}},"loc":{"start":{"line":23,"column":33},"end":{"line":28,"column":3}},"line":23},"3":{"name":"(anonymous_3)","decl":{"start":{"line":38,"column":23},"end":{"line":38,"column":24}},"loc":{"start":{"line":39,"column":10},"end":{"line":51,"column":16}},"line":39},"4":{"name":"(anonymous_4)","decl":{"start":{"line":42,"column":21},"end":{"line":42,"column":22}},"loc":{"start":{"line":42,"column":27},"end":{"line":42,"column":56}},"line":42},"5":{"name":"(anonymous_5)","decl":{"start":{"line":47,"column":33},"end":{"line":47,"column":34}},"loc":{"start":{"line":48,"column":16},"end":{"line":48,"column":69}},"line":48}},"branchMap":{"0":{"loc":{"start":{"line":24,"column":4},"end":{"line":27,"column":5}},"type":"if","locations":[{"start":{"line":24,"column":4},"end":{"line":27,"column":5}},{"start":{},"end":{}}],"line":24},"1":{"loc":{"start":{"line":41,"column":40},"end":{"line":41,"column":94}},"type":"cond-expr","locations":[{"start":{"line":41,"column":79},"end":{"line":41,"column":89}},{"start":{"line":41,"column":92},"end":{"line":41,"column":94}}],"line":41}},"s":{"0":0,"1":0,"2":0,"3":0,"4":0,"5":0,"6":0,"7":0,"8":0,"9":0,"10":0,"11":0},"f":{"0":0,"1":0,"2":0,"3":0,"4":0,"5":0},"b":{"0":[0,0],"1":[0,0]}}
,"/home/axw/projects/synapps/apps/web-frontend/src/components/WorkflowCanvas/NodeConfigModal.tsx": {"path":"/home/axw/projects/synapps/apps/web-frontend/src/components/WorkflowCanvas/NodeConfigModal.tsx","statementMap":{"0":{"start":{"line":13,"column":56},"end":{"line":172,"column":1}},"1":{"start":{"line":21,"column":34},"end":{"line":21,"column":51}},"2":{"start":{"line":24,"column":2},"end":{"line":28,"column":25}},"3":{"start":{"line":25,"column":4},"end":{"line":27,"column":5}},"4":{"start":{"line":26,"column":6},"end":{"line":26,"column":35}},"5":{"start":{"line":30,"column":2},"end":{"line":30,"column":27}},"6":{"start":{"line":30,"column":15},"end":{"line":30,"column":27}},"7":{"start":{"line":32,"column":23},"end":{"line":38,"column":3}},"8":{"start":{"line":33,"column":28},"end":{"line":33,"column":36}},"9":{"start":{"line":34,"column":4},"end":{"line":37,"column":8}},"10":{"start":{"line":34,"column":48},"end":{"line":37,"column":5}},"11":{"start":{"line":40,"column":23},"end":{"line":44,"column":3}},"12":{"start":{"line":41,"column":4},"end":{"line":41,"column":23}},"13":{"start":{"line":42,"column":4},"end":{"line":42,"column":29}},"14":{"start":{"line":43,"column":4},"end":{"line":43,"column":14}},"15":{"start":{"line":47,"column":27},"end":{"line":151,"column":3}},"16":{"start":{"line":48,"column":4},"end":{"line":150,"column":5}},"17":{"start":{"line":50,"column":8},"end":{"line":75,"column":10}},"18":{"start":{"line":78,"column":8},"end":{"line":115,"column":10}},"19":{"start":{"line":108,"column":33},"end":{"line":108,"column":55}},"20":{"start":{"line":118,"column":8},"end":{"line":132,"column":10}},"21":{"start":{"line":135,"column":8},"end":{"line":149,"column":10}},"22":{"start":{"line":153,"column":2},"end":{"line":171,"column":4}}},"fnMap":{"0":{"name":"(anonymous_0)","decl":{"start":{"line":13,"column":56},"end":{"line":13,"column":57}},"loc":{"start":{"line":20,"column":6},"end":{"line":172,"column":1}},"line":20},"1":{"name":"(anonymous_1)","decl":{"start":{"line":24,"column":12},"end":{"line":24,"column":13}},"loc":{"start":{"line":24,"column":18},"end":{"line":28,"column":3}},"line":24},"2":{"name":"(anonymous_2)","decl":{"start":{"line":32,"column":23},"end":{"line":32,"column":24}},"loc":{"start":{"line":32,"column":89},"end":{"line":38,"column":3}},"line":32},"3":{"name":"(anonymous_3)","decl":{"start":{"line":34,"column":16},"end":{"line":34,"column":17}},"loc":{"start":{"line":34,"column":48},"end":{"line":37,"column":5}},"line":34},"4":{"name":"(anonymous_4)","decl":{"start":{"line":40,"column":23},"end":{"line":40,"column":24}},"loc":{"start":{"line":40,"column":47},"end":{"line":44,"column":3}},"line":40},"5":{"name":"(anonymous_5)","decl":{"start":{"line":47,"column":27},"end":{"line":47,"column":28}},"loc":{"start":{"line":47,"column":33},"end":{"line":151,"column":3}},"line":47},"6":{"name":"(anonymous_6)","decl":{"start":{"line":108,"column":26},"end":{"line":108,"column":27}},"loc":{"start":{"line":108,"column":33},"end":{"line":108,"column":55}},"line":108}},"branchMap":{"0":{"loc":{"start":{"line":25,"column":4},"end":{"line":27,"column":5}},"type":"if","locations":[{"start":{"line":25,"column":4},"end":{"line":27,"column":5}},{"start":{},"end":{}}],"line":25},"1":{"loc":{"start":{"line":25,"column":8},"end":{"line":25,"column":26}},"type":"binary-expr","locations":[{"start":{"line":25,"column":8},"end":{"line":25,"column":14}},{"start":{"line":25,"column":18},"end":{"line":25,"column":26}}],"line":25},"2":{"loc":{"start":{"line":30,"column":2},"end":{"line":30,"column":27}},"type":"if","locations":[{"start":{"line":30,"column":2},"end":{"line":30,"column":27}},{"start":{},"end":{}}],"line":30},"3":{"loc":{"start":{"line":48,"column":4},"end":{"line":150,"column":5}},"type":"switch","locations":[{"start":{"line":49,"column":6},"end":{"line":75,"column":10}},{"start":{"line":77,"column":6},"end":{"line":115,"column":10}},{"start":{"line":117,"column":6},"end":{"line":132,"column":10}},{"start":{"line":134,"column":6},"end":{"line":149,"column":10}}],"line":48},"4":{"loc":{"start":{"line":58,"column":23},"end":{"line":58,"column":43}},"type":"binary-expr","locations":[{"start":{"line":58,"column":23},"end":{"line":58,"column":37}},{"start":{"line":58,"column":41},"end":{"line":58,"column":43}}],"line":58},"5":{"loc":{"start":{"line":68,"column":23},"end":{"line":68,"column":50}},"type":"binary-expr","locations":[{"start":{"line":68,"column":23},"end":{"line":68,"column":44}},{"start":{"line":68,"column":48},"end":{"line":68,"column":50}}],"line":68},"6":{"loc":{"start":{"line":86,"column":23},"end":{"line":86,"column":43}},"type":"binary-expr","locations":[{"start":{"line":86,"column":23},"end":{"line":86,"column":37}},{"start":{"line":86,"column":41},"end":{"line":86,"column":43}}],"line":86},"7":{"loc":{"start":{"line":96,"column":23},"end":{"line":96,"column":50}},"type":"binary-expr","locations":[{"start":{"line":96,"column":23},"end":{"line":96,"column":44}},{"start":{"line":96,"column":48},"end":{"line":96,"column":50}}],"line":96},"8":{"loc":{"start":{"line":107,"column":23},"end":{"line":107,"column":53}},"type":"binary-expr","locations":[{"start":{"line":107,"column":23},"end":{"line":107,"column":41}},{"start":{"line":107,"column":45},"end":{"line":107,"column":53}}],"line":107},"9":{"loc":{"start":{"line":126,"column":23},"end":{"line":126,"column":43}},"type":"binary-expr","locations":[{"start":{"line":126,"column":23},"end":{"line":126,"column":37}},{"start":{"line":126,"column":41},"end":{"line":126,"column":43}}],"line":126},"10":{"loc":{"start":{"line":143,"column":23},"end":{"line":143,"column":43}},"type":"binary-expr","locations":[{"start":{"line":143,"column":23},"end":{"line":143,"column":37}},{"start":{"line":143,"column":41},"end":{"line":143,"column":43}}],"line":143}},"s":{"0":0,"1":0,"2":0,"3":0,"4":0,"5":0,"6":0,"7":0,"8":0,"9":0,"10":0,"11":0,"12":0,"13":0,"14":0,"15":0,"16":0,"17":0,"18":0,"19":0,"20":0,"21":0,"22":0},"f":{"0":0,"1":0,"2":0,"3":0,"4":0,"5":0,"6":0},"b":{"0":[0,0],"1":[0,0],"2":[0,0],"3":[0,0,0,0],"4":[0,0],"5":[0,0],"6":[0,0],"7":[0,0],"8":[0,0],"9":[0,0],"10":[0,0]}}
,"/home/axw/projects/synapps/apps/web-frontend/src/components/WorkflowCanvas/NodeContextMenu.tsx": {"path":"/home/axw/projects/synapps/apps/web-frontend/src/components/WorkflowCanvas/NodeContextMenu.tsx","statementMap":{"0":{"start":{"line":13,"column":56},"end":{"line":73,"column":1}},"1":{"start":{"line":15,"column":18},"end":{"line":15,"column":52}},"2":{"start":{"line":18,"column":2},"end":{"line":33,"column":16}},"3":{"start":{"line":19,"column":31},"end":{"line":24,"column":5}},"4":{"start":{"line":21,"column":6},"end":{"line":23,"column":7}},"5":{"start":{"line":22,"column":8},"end":{"line":22,"column":18}},"6":{"start":{"line":27,"column":4},"end":{"line":27,"column":63}},"7":{"start":{"line":30,"column":4},"end":{"line":32,"column":6}},"8":{"start":{"line":31,"column":6},"end":{"line":31,"column":68}},"9":{"start":{"line":36,"column":20},"end":{"line":42,"column":3}},"10":{"start":{"line":44,"column":2},"end":{"line":72,"column":4}},"11":{"start":{"line":49,"column":22},"end":{"line":49,"column":41}},"12":{"start":{"line":50,"column":26},"end":{"line":50,"column":45}},"13":{"start":{"line":55,"column":31},"end":{"line":55,"column":52}},"14":{"start":{"line":55,"column":53},"end":{"line":55,"column":63}},"15":{"start":{"line":59,"column":29},"end":{"line":59,"column":46}},"16":{"start":{"line":59,"column":47},"end":{"line":59,"column":57}},"17":{"start":{"line":64,"column":10},"end":{"line":64,"column":29}},"18":{"start":{"line":65,"column":10},"end":{"line":65,"column":30}},"19":{"start":{"line":66,"column":10},"end":{"line":66,"column":20}}},"fnMap":{"0":{"name":"(anonymous_0)","decl":{"start":{"line":13,"column":56},"end":{"line":13,"column":57}},"loc":{"start":{"line":13,"column":125},"end":{"line":73,"column":1}},"line":13},"1":{"name":"(anonymous_1)","decl":{"start":{"line":18,"column":12},"end":{"line":18,"column":13}},"loc":{"start":{"line":18,"column":18},"end":{"line":33,"column":3}},"line":18},"2":{"name":"(anonymous_2)","decl":{"start":{"line":19,"column":31},"end":{"line":19,"column":32}},"loc":{"start":{"line":19,"column":54},"end":{"line":24,"column":5}},"line":19},"3":{"name":"(anonymous_3)","decl":{"start":{"line":30,"column":11},"end":{"line":30,"column":12}},"loc":{"start":{"line":30,"column":17},"end":{"line":32,"column":5}},"line":30},"4":{"name":"(anonymous_4)","decl":{"start":{"line":49,"column":15},"end":{"line":49,"column":16}},"loc":{"start":{"line":49,"column":22},"end":{"line":49,"column":41}},"line":49},"5":{"name":"(anonymous_5)","decl":{"start":{"line":50,"column":19},"end":{"line":50,"column":20}},"loc":{"start":{"line":50,"column":26},"end":{"line":50,"column":45}},"line":50},"6":{"name":"(anonymous_6)","decl":{"start":{"line":55,"column":23},"end":{"line":55,"column":24}},"loc":{"start":{"line":55,"column":29},"end":{"line":55,"column":65}},"line":55},"7":{"name":"(anonymous_7)","decl":{"start":{"line":59,"column":21},"end":{"line":59,"column":22}},"loc":{"start":{"line":59,"column":27},"end":{"line":59,"column":59}},"line":59},"8":{"name":"(anonymous_8)","decl":{"start":{"line":63,"column":21},"end":{"line":63,"column":22}},"loc":{"start":{"line":63,"column":28},"end":{"line":67,"column":9}},"line":63}},"branchMap":{"0":{"loc":{"start":{"line":21,"column":6},"end":{"line":23,"column":7}},"type":"if","locations":[{"start":{"line":21,"column":6},"end":{"line":23,"column":7}},{"start":{},"end":{}}],"line":21},"1":{"loc":{"start":{"line":21,"column":10},"end":{"line":21,"column":76}},"type":"binary-expr","locations":[{"start":{"line":21,"column":10},"end":{"line":21,"column":25}},{"start":{"line":21,"column":29},"end":{"line":21,"column":76}}],"line":21},"2":{"loc":{"start":{"line":54,"column":9},"end":{"line":58,"column":9}},"type":"binary-expr","locations":[{"start":{"line":54,"column":9},"end":{"line":54,"column":29}},{"start":{"line":54,"column":33},"end":{"line":54,"column":51}},{"start":{"line":55,"column":10},"end":{"line":57,"column":15}}],"line":54}},"s":{"0":0,"1":0,"2":0,"3":0,"4":0,"5":0,"6":0,"7":0,"8":0,"9":0,"10":0,"11":0,"12":0,"13":0,"14":0,"15":0,"16":0,"17":0,"18":0,"19":0},"f":{"0":0,"1":0,"2":0,"3":0,"4":0,"5":0,"6":0,"7":0,"8":0},"b":{"0":[0,0],"1":[0,0],"2":[0,0,0]}}
,"/home/axw/projects/synapps/apps/web-frontend/src/components/WorkflowCanvas/WorkflowCanvas.tsx": {"path":"/home/axw/projects/synapps/apps/web-frontend/src/components/WorkflowCanvas/WorkflowCanvas.tsx","statementMap":{"0":{"start":{"line":47,"column":18},"end":{"line":54,"column":1}},"1":{"start":{"line":56,"column":54},"end":{"line":819,"column":1}},"2":{"start":{"line":58,"column":28},"end":{"line":58,"column":48}},"3":{"start":{"line":59,"column":28},"end":{"line":59,"column":48}},"4":{"start":{"line":60,"column":36},"end":{"line":60,"column":76}},"5":{"start":{"line":61,"column":46},"end":{"line":61,"column":68}},"6":{"start":{"line":64,"column":40},"end":{"line":74,"column":4}},"7":{"start":{"line":77,"column":40},"end":{"line":87,"column":4}},"8":{"start":{"line":90,"column":23},"end":{"line":90,"column":71}},"9":{"start":{"line":93,"column":27},"end":{"line":93,"column":55}},"10":{"start":{"line":94,"column":52},"end":{"line":94,"column":71}},"11":{"start":{"line":97,"column":31},"end":{"line":103,"column":17}},"12":{"start":{"line":106,"column":22},"end":{"line":106,"column":40}},"13":{"start":{"line":109,"column":2},"end":{"line":184,"column":41}},"14":{"start":{"line":111,"column":4},"end":{"line":111,"column":46}},"15":{"start":{"line":111,"column":39},"end":{"line":111,"column":46}},"16":{"start":{"line":113,"column":26},"end":{"line":113,"column":54}},"17":{"start":{"line":114,"column":4},"end":{"line":114,"column":40}},"18":{"start":{"line":117,"column":4},"end":{"line":183,"column":5}},"19":{"start":{"line":119,"column":26},"end":{"line":126,"column":7}},"20":{"start":{"line":121,"column":41},"end":{"line":121,"column":73}},"21":{"start":{"line":123,"column":10},"end":{"line":124,"column":46}},"22":{"start":{"line":127,"column":6},"end":{"line":127,"column":32}},"23":{"start":{"line":129,"column":9},"end":{"line":183,"column":5}},"24":{"start":{"line":131,"column":26},"end":{"line":147,"column":7}},"25":{"start":{"line":134,"column":30},"end":{"line":134,"column":78}},"26":{"start":{"line":134,"column":61},"end":{"line":134,"column":77}},"27":{"start":{"line":135,"column":10},"end":{"line":144,"column":11}},"28":{"start":{"line":136,"column":12},"end":{"line":143,"column":14}},"29":{"start":{"line":145,"column":10},"end":{"line":145,"column":22}},"30":{"start":{"line":148,"column":6},"end":{"line":148,"column":32}},"31":{"start":{"line":150,"column":9},"end":{"line":183,"column":5}},"32":{"start":{"line":152,"column":26},"end":{"line":164,"column":7}},"33":{"start":{"line":155,"column":31},"end":{"line":155,"column":69}},"34":{"start":{"line":155,"column":52},"end":{"line":155,"column":68}},"35":{"start":{"line":156,"column":10},"end":{"line":161,"column":11}},"36":{"start":{"line":157,"column":12},"end":{"line":160,"column":14}},"37":{"start":{"line":162,"column":10},"end":{"line":162,"column":22}},"38":{"start":{"line":165,"column":6},"end":{"line":165,"column":32}},"39":{"start":{"line":167,"column":9},"end":{"line":183,"column":5}},"40":{"start":{"line":169,"column":22},"end":{"line":175,"column":7}},"41":{"start":{"line":177,"column":26},"end":{"line":180,"column":7}},"42":{"start":{"line":182,"column":6},"end":{"line":182,"column":32}},"43":{"start":{"line":187,"column":2},"end":{"line":229,"column":13}},"44":{"start":{"line":189,"column":27},"end":{"line":189,"column":47}},"45":{"start":{"line":192,"column":4},"end":{"line":194,"column":5}},"46":{"start":{"line":193,"column":6},"end":{"line":193,"column":13}},"47":{"start":{"line":197,"column":4},"end":{"line":197,"column":41}},"48":{"start":{"line":200,"column":20},"end":{"line":216,"column":7}},"49":{"start":{"line":200,"column":44},"end":{"line":216,"column":5}},"50":{"start":{"line":219,"column":20},"end":{"line":224,"column":7}},"51":{"start":{"line":219,"column":44},"end":{"line":224,"column":5}},"52":{"start":{"line":227,"column":4},"end":{"line":227,"column":22}},"53":{"start":{"line":228,"column":4},"end":{"line":228,"column":22}},"54":{"start":{"line":232,"column":39},"end":{"line":264,"column":3}},"55":{"start":{"line":234,"column":6},"end":{"line":234,"column":27}},"56":{"start":{"line":234,"column":20},"end":{"line":234,"column":27}},"57":{"start":{"line":236,"column":6},"end":{"line":261,"column":9}},"58":{"start":{"line":237,"column":25},"end":{"line":237,"column":55}},"59":{"start":{"line":240,"column":33},"end":{"line":240,"column":101}},"60":{"start":{"line":240,"column":56},"end":{"line":240,"column":80}},"61":{"start":{"line":241,"column":8},"end":{"line":252,"column":9}},"62":{"start":{"line":243,"column":25},"end":{"line":243,"column":44}},"63":{"start":{"line":246,"column":10},"end":{"line":249,"column":12}},"64":{"start":{"line":251,"column":10},"end":{"line":251,"column":26}},"65":{"start":{"line":255,"column":8},"end":{"line":258,"column":10}},"66":{"start":{"line":260,"column":8},"end":{"line":260,"column":24}},"67":{"start":{"line":267,"column":39},"end":{"line":284,"column":3}},"68":{"start":{"line":269,"column":6},"end":{"line":269,"column":27}},"69":{"start":{"line":269,"column":20},"end":{"line":269,"column":27}},"70":{"start":{"line":271,"column":6},"end":{"line":281,"column":9}},"71":{"start":{"line":272,"column":25},"end":{"line":272,"column":55}},"72":{"start":{"line":275,"column":8},"end":{"line":278,"column":10}},"73":{"start":{"line":280,"column":8},"end":{"line":280,"column":24}},"74":{"start":{"line":287,"column":31},"end":{"line":311,"column":3}},"75":{"start":{"line":289,"column":6},"end":{"line":289,"column":27}},"76":{"start":{"line":289,"column":20},"end":{"line":289,"column":27}},"77":{"start":{"line":292,"column":6},"end":{"line":295,"column":8}},"78":{"start":{"line":298,"column":22},"end":{"line":304,"column":7}},"79":{"start":{"line":306,"column":6},"end":{"line":308,"column":9}},"80":{"start":{"line":307,"column":8},"end":{"line":307,"column":37}},"81":{"start":{"line":314,"column":2},"end":{"line":400,"column":42}},"82":{"start":{"line":315,"column":24},"end":{"line":395,"column":6}},"83":{"start":{"line":317,"column":6},"end":{"line":394,"column":7}},"84":{"start":{"line":318,"column":8},"end":{"line":318,"column":29}},"85":{"start":{"line":321,"column":8},"end":{"line":335,"column":9}},"86":{"start":{"line":322,"column":10},"end":{"line":322,"column":54}},"87":{"start":{"line":325,"column":10},"end":{"line":334,"column":11}},"88":{"start":{"line":327,"column":32},"end":{"line":329,"column":13}},"89":{"start":{"line":328,"column":14},"end":{"line":328,"column":47}},"90":{"start":{"line":331,"column":12},"end":{"line":333,"column":13}},"91":{"start":{"line":332,"column":14},"end":{"line":332,"column":38}},"92":{"start":{"line":338,"column":8},"end":{"line":371,"column":11}},"93":{"start":{"line":339,"column":10},"end":{"line":370,"column":13}},"94":{"start":{"line":341,"column":12},"end":{"line":346,"column":13}},"95":{"start":{"line":342,"column":14},"end":{"line":345,"column":16}},"96":{"start":{"line":349,"column":12},"end":{"line":355,"column":13}},"97":{"start":{"line":351,"column":14},"end":{"line":354,"column":16}},"98":{"start":{"line":358,"column":12},"end":{"line":363,"column":13}},"99":{"start":{"line":359,"column":14},"end":{"line":362,"column":16}},"100":{"start":{"line":366,"column":12},"end":{"line":369,"column":14}},"101":{"start":{"line":374,"column":29},"end":{"line":388,"column":10}},"102":{"start":{"line":376,"column":29},"end":{"line":376,"column":72}},"103":{"start":{"line":376,"column":48},"end":{"line":376,"column":71}},"104":{"start":{"line":379,"column":10},"end":{"line":385,"column":11}},"105":{"start":{"line":381,"column":12},"end":{"line":384,"column":14}},"106":{"start":{"line":387,"column":10},"end":{"line":387,"column":22}},"107":{"start":{"line":390,"column":8},"end":{"line":390,"column":31}},"108":{"start":{"line":393,"column":8},"end":{"line":393,"column":32}},"109":{"start":{"line":397,"column":4},"end":{"line":399,"column":6}},"110":{"start":{"line":398,"column":6},"end":{"line":398,"column":20}},"111":{"start":{"line":403,"column":26},"end":{"line":436,"column":3}},"112":{"start":{"line":405,"column":4},"end":{"line":407,"column":5}},"113":{"start":{"line":406,"column":6},"end":{"line":406,"column":35}},"114":{"start":{"line":410,"column":21},"end":{"line":413,"column":6}},"115":{"start":{"line":416,"column":4},"end":{"line":432,"column":5}},"116":{"start":{"line":417,"column":26},"end":{"line":419,"column":7}},"117":{"start":{"line":421,"column":6},"end":{"line":431,"column":7}},"118":{"start":{"line":423,"column":8},"end":{"line":430,"column":11}},"119":{"start":{"line":435,"column":4},"end":{"line":435,"column":36}},"120":{"start":{"line":439,"column":17},"end":{"line":477,"column":3}},"121":{"start":{"line":441,"column":6},"end":{"line":441,"column":29}},"122":{"start":{"line":443,"column":6},"end":{"line":443,"column":27}},"123":{"start":{"line":443,"column":20},"end":{"line":443,"column":27}},"124":{"start":{"line":445,"column":6},"end":{"line":474,"column":7}},"125":{"start":{"line":446,"column":32},"end":{"line":446,"column":80}},"126":{"start":{"line":447,"column":25},"end":{"line":447,"column":76}},"127":{"start":{"line":449,"column":8},"end":{"line":449,"column":30}},"128":{"start":{"line":449,"column":23},"end":{"line":449,"column":30}},"129":{"start":{"line":451,"column":21},"end":{"line":451,"column":41}},"130":{"start":{"line":452,"column":25},"end":{"line":455,"column":10}},"131":{"start":{"line":457,"column":26},"end":{"line":457,"column":38}},"132":{"start":{"line":460,"column":28},"end":{"line":471,"column":9}},"133":{"start":{"line":473,"column":8},"end":{"line":473,"column":34}},"134":{"start":{"line":480,"column":21},"end":{"line":483,"column":8}},"135":{"start":{"line":481,"column":4},"end":{"line":481,"column":27}},"136":{"start":{"line":482,"column":4},"end":{"line":482,"column":43}},"137":{"start":{"line":486,"column":30},"end":{"line":517,"column":43}},"138":{"start":{"line":487,"column":4},"end":{"line":487,"column":25}},"139":{"start":{"line":487,"column":18},"end":{"line":487,"column":25}},"140":{"start":{"line":490,"column":26},"end":{"line":490,"column":61}},"141":{"start":{"line":490,"column":47},"end":{"line":490,"column":60}},"142":{"start":{"line":492,"column":4},"end":{"line":516,"column":5}},"143":{"start":{"line":494,"column":30},"end":{"line":494,"column":64}},"144":{"start":{"line":494,"column":56},"end":{"line":494,"column":63}},"145":{"start":{"line":497,"column":27},"end":{"line":499,"column":7}},"146":{"start":{"line":498,"column":16},"end":{"line":498,"column":50}},"147":{"start":{"line":502,"column":27},"end":{"line":506,"column":7}},"148":{"start":{"line":504,"column":10},"end":{"line":505,"column":48}},"149":{"start":{"line":509,"column":26},"end":{"line":513,"column":7}},"150":{"start":{"line":515,"column":6},"end":{"line":515,"column":32}},"151":{"start":{"line":520,"column":25},"end":{"line":548,"column":36}},"152":{"start":{"line":521,"column":4},"end":{"line":521,"column":36}},"153":{"start":{"line":521,"column":29},"end":{"line":521,"column":36}},"154":{"start":{"line":524,"column":25},"end":{"line":524,"column":70}},"155":{"start":{"line":524,"column":51},"end":{"line":524,"column":69}},"156":{"start":{"line":527,"column":25},"end":{"line":529,"column":5}},"157":{"start":{"line":528,"column":14},"end":{"line":528,"column":62}},"158":{"start":{"line":532,"column":25},"end":{"line":534,"column":5}},"159":{"start":{"line":533,"column":14},"end":{"line":533,"column":62}},"160":{"start":{"line":536,"column":4},"end":{"line":538,"column":5}},"161":{"start":{"line":541,"column":24},"end":{"line":545,"column":5}},"162":{"start":{"line":547,"column":4},"end":{"line":547,"column":30}},"163":{"start":{"line":551,"column":27},"end":{"line":553,"column":8}},"164":{"start":{"line":552,"column":4},"end":{"line":552,"column":74}},"165":{"start":{"line":552,"column":28},"end":{"line":552,"column":71}},"166":{"start":{"line":556,"column":23},"end":{"line":574,"column":46}},"167":{"start":{"line":557,"column":4},"end":{"line":557,"column":36}},"168":{"start":{"line":557,"column":29},"end":{"line":557,"column":36}},"169":{"start":{"line":560,"column":17},"end":{"line":560,"column":60}},"170":{"start":{"line":560,"column":41},"end":{"line":560,"column":59}},"171":{"start":{"line":562,"column":4},"end":{"line":573,"column":5}},"172":{"start":{"line":564,"column":6},"end":{"line":564,"column":25}},"173":{"start":{"line":567,"column":6},"end":{"line":572,"column":9}},"174":{"start":{"line":577,"column":31},"end":{"line":631,"column":36}},"175":{"start":{"line":578,"column":4},"end":{"line":578,"column":36}},"176":{"start":{"line":578,"column":29},"end":{"line":578,"column":36}},"177":{"start":{"line":580,"column":4},"end":{"line":580,"column":83}},"178":{"start":{"line":583,"column":25},"end":{"line":583,"column":68}},"179":{"start":{"line":583,"column":49},"end":{"line":583,"column":67}},"180":{"start":{"line":584,"column":4},"end":{"line":587,"column":5}},"181":{"start":{"line":585,"column":6},"end":{"line":585,"column":60}},"182":{"start":{"line":586,"column":6},"end":{"line":586,"column":13}},"183":{"start":{"line":590,"column":25},"end":{"line":603,"column":6}},"184":{"start":{"line":591,"column":6},"end":{"line":601,"column":7}},"185":{"start":{"line":592,"column":8},"end":{"line":600,"column":10}},"186":{"start":{"line":602,"column":6},"end":{"line":602,"column":18}},"187":{"start":{"line":606,"column":24},"end":{"line":609,"column":5}},"188":{"start":{"line":611,"column":4},"end":{"line":611,"column":46}},"189":{"start":{"line":614,"column":4},"end":{"line":614,"column":30}},"190":{"start":{"line":617,"column":4},"end":{"line":630,"column":7}},"191":{"start":{"line":618,"column":6},"end":{"line":629,"column":9}},"192":{"start":{"line":619,"column":8},"end":{"line":627,"column":9}},"193":{"start":{"line":620,"column":10},"end":{"line":626,"column":12}},"194":{"start":{"line":628,"column":8},"end":{"line":628,"column":20}},"195":{"start":{"line":634,"column":20},"end":{"line":649,"column":3}},"196":{"start":{"line":636,"column":6},"end":{"line":636,"column":27}},"197":{"start":{"line":636,"column":20},"end":{"line":636,"column":27}},"198":{"start":{"line":639,"column":6},"end":{"line":641,"column":7}},"199":{"start":{"line":640,"column":8},"end":{"line":640,"column":30}},"200":{"start":{"line":644,"column":6},"end":{"line":646,"column":7}},"201":{"start":{"line":645,"column":8},"end":{"line":645,"column":89}},"202":{"start":{"line":652,"column":27},"end":{"line":673,"column":36}},"203":{"start":{"line":653,"column":4},"end":{"line":653,"column":25}},"204":{"start":{"line":653,"column":18},"end":{"line":653,"column":25}},"205":{"start":{"line":656,"column":24},"end":{"line":670,"column":5}},"206":{"start":{"line":659,"column":8},"end":{"line":667,"column":9}},"207":{"start":{"line":660,"column":10},"end":{"line":666,"column":12}},"208":{"start":{"line":668,"column":8},"end":{"line":668,"column":20}},"209":{"start":{"line":672,"column":4},"end":{"line":672,"column":30}},"210":{"start":{"line":676,"column":25},"end":{"line":699,"column":28}},"211":{"start":{"line":677,"column":4},"end":{"line":677,"column":25}},"212":{"start":{"line":677,"column":18},"end":{"line":677,"column":25}},"213":{"start":{"line":680,"column":17},"end":{"line":680,"column":54}},"214":{"start":{"line":680,"column":38},"end":{"line":680,"column":53}},"215":{"start":{"line":681,"column":4},"end":{"line":681,"column":22}},"216":{"start":{"line":681,"column":15},"end":{"line":681,"column":22}},"217":{"start":{"line":686,"column":24},"end":{"line":686,"column":71}},"218":{"start":{"line":687,"column":4},"end":{"line":689,"column":5}},"219":{"start":{"line":688,"column":6},"end":{"line":688,"column":13}},"220":{"start":{"line":692,"column":25},"end":{"line":692,"column":89}},"221":{"start":{"line":693,"column":4},"end":{"line":698,"column":5}},"222":{"start":{"line":695,"column":6},"end":{"line":695,"column":27}},"223":{"start":{"line":697,"column":6},"end":{"line":697,"column":82}},"224":{"start":{"line":702,"column":28},"end":{"line":724,"column":3}},"225":{"start":{"line":705,"column":6},"end":{"line":705,"column":29}},"226":{"start":{"line":707,"column":6},"end":{"line":707,"column":27}},"227":{"start":{"line":707,"column":20},"end":{"line":707,"column":27}},"228":{"start":{"line":710,"column":26},"end":{"line":710,"column":60}},"229":{"start":{"line":713,"column":23},"end":{"line":713,"column":58}},"230":{"start":{"line":716,"column":6},"end":{"line":721,"column":9}},"231":{"start":{"line":728,"column":2},"end":{"line":818,"column":4}},"232":{"start":{"line":754,"column":14},"end":{"line":754,"column":65}},"233":{"start":{"line":754,"column":48},"end":{"line":754,"column":65}},"234":{"start":{"line":755,"column":14},"end":{"line":755,"column":65}},"235":{"start":{"line":755,"column":48},"end":{"line":755,"column":65}},"236":{"start":{"line":756,"column":14},"end":{"line":756,"column":63}},"237":{"start":{"line":756,"column":46},"end":{"line":756,"column":63}},"238":{"start":{"line":757,"column":14},"end":{"line":757,"column":28}},"239":{"start":{"line":760,"column":14},"end":{"line":760,"column":55}},"240":{"start":{"line":760,"column":38},"end":{"line":760,"column":55}},"241":{"start":{"line":761,"column":14},"end":{"line":761,"column":53}},"242":{"start":{"line":761,"column":36},"end":{"line":761,"column":53}},"243":{"start":{"line":762,"column":14},"end":{"line":762,"column":56}},"244":{"start":{"line":762,"column":39},"end":{"line":762,"column":56}},"245":{"start":{"line":763,"column":14},"end":{"line":763,"column":56}},"246":{"start":{"line":763,"column":39},"end":{"line":763,"column":56}},"247":{"start":{"line":764,"column":14},"end":{"line":764,"column":56}},"248":{"start":{"line":764,"column":39},"end":{"line":764,"column":56}},"249":{"start":{"line":765,"column":14},"end":{"line":765,"column":28}},"250":{"start":{"line":814,"column":23},"end":{"line":814,"column":102}},"251":{"start":{"line":822,"column":66},"end":{"line":828,"column":1}},"252":{"start":{"line":823,"column":2},"end":{"line":827,"column":4}}},"fnMap":{"0":{"name":"(anonymous_0)","decl":{"start":{"line":56,"column":54},"end":{"line":56,"column":55}},"loc":{"start":{"line":56,"column":100},"end":{"line":819,"column":1}},"line":56},"1":{"name":"(anonymous_1)","decl":{"start":{"line":109,"column":12},"end":{"line":109,"column":13}},"loc":{"start":{"line":109,"column":18},"end":{"line":184,"column":3}},"line":109},"2":{"name":"(anonymous_2)","decl":{"start":{"line":121,"column":33},"end":{"line":121,"column":34}},"loc":{"start":{"line":121,"column":41},"end":{"line":121,"column":73}},"line":121},"3":{"name":"(anonymous_3)","decl":{"start":{"line":122,"column":33},"end":{"line":122,"column":34}},"loc":{"start":{"line":123,"column":10},"end":{"line":124,"column":46}},"line":123},"4":{"name":"(anonymous_4)","decl":{"start":{"line":133,"column":30},"end":{"line":133,"column":31}},"loc":{"start":{"line":133,"column":38},"end":{"line":146,"column":9}},"line":133},"5":{"name":"(anonymous_5)","decl":{"start":{"line":134,"column":56},"end":{"line":134,"column":57}},"loc":{"start":{"line":134,"column":61},"end":{"line":134,"column":77}},"line":134},"6":{"name":"(anonymous_6)","decl":{"start":{"line":154,"column":39},"end":{"line":154,"column":40}},"loc":{"start":{"line":154,"column":47},"end":{"line":163,"column":9}},"line":154},"7":{"name":"(anonymous_7)","decl":{"start":{"line":155,"column":47},"end":{"line":155,"column":48}},"loc":{"start":{"line":155,"column":52},"end":{"line":155,"column":68}},"line":155},"8":{"name":"(anonymous_8)","decl":{"start":{"line":187,"column":12},"end":{"line":187,"column":13}},"loc":{"start":{"line":187,"column":18},"end":{"line":229,"column":3}},"line":187},"9":{"name":"(anonymous_9)","decl":{"start":{"line":200,"column":35},"end":{"line":200,"column":36}},"loc":{"start":{"line":200,"column":44},"end":{"line":216,"column":5}},"line":200},"10":{"name":"(anonymous_10)","decl":{"start":{"line":219,"column":35},"end":{"line":219,"column":36}},"loc":{"start":{"line":219,"column":44},"end":{"line":224,"column":5}},"line":219},"11":{"name":"(anonymous_11)","decl":{"start":{"line":233,"column":4},"end":{"line":233,"column":5}},"loc":{"start":{"line":233,"column":17},"end":{"line":262,"column":5}},"line":233},"12":{"name":"(anonymous_12)","decl":{"start":{"line":236,"column":15},"end":{"line":236,"column":16}},"loc":{"start":{"line":236,"column":24},"end":{"line":261,"column":7}},"line":236},"13":{"name":"(anonymous_13)","decl":{"start":{"line":240,"column":46},"end":{"line":240,"column":47}},"loc":{"start":{"line":240,"column":56},"end":{"line":240,"column":80}},"line":240},"14":{"name":"(anonymous_14)","decl":{"start":{"line":268,"column":4},"end":{"line":268,"column":5}},"loc":{"start":{"line":268,"column":17},"end":{"line":282,"column":5}},"line":268},"15":{"name":"(anonymous_15)","decl":{"start":{"line":271,"column":15},"end":{"line":271,"column":16}},"loc":{"start":{"line":271,"column":24},"end":{"line":281,"column":7}},"line":271},"16":{"name":"(anonymous_16)","decl":{"start":{"line":288,"column":4},"end":{"line":288,"column":5}},"loc":{"start":{"line":288,"column":32},"end":{"line":309,"column":5}},"line":288},"17":{"name":"(anonymous_17)","decl":{"start":{"line":306,"column":15},"end":{"line":306,"column":16}},"loc":{"start":{"line":306,"column":24},"end":{"line":308,"column":7}},"line":306},"18":{"name":"(anonymous_18)","decl":{"start":{"line":314,"column":12},"end":{"line":314,"column":13}},"loc":{"start":{"line":314,"column":18},"end":{"line":400,"column":3}},"line":314},"19":{"name":"(anonymous_19)","decl":{"start":{"line":315,"column":70},"end":{"line":315,"column":71}},"loc":{"start":{"line":315,"column":101},"end":{"line":395,"column":5}},"line":315},"20":{"name":"(anonymous_20)","decl":{"start":{"line":327,"column":43},"end":{"line":327,"column":44}},"loc":{"start":{"line":328,"column":14},"end":{"line":328,"column":47}},"line":328},"21":{"name":"(anonymous_21)","decl":{"start":{"line":338,"column":17},"end":{"line":338,"column":18}},"loc":{"start":{"line":338,"column":30},"end":{"line":371,"column":9}},"line":338},"22":{"name":"(anonymous_22)","decl":{"start":{"line":339,"column":31},"end":{"line":339,"column":32}},"loc":{"start":{"line":339,"column":39},"end":{"line":370,"column":11}},"line":339},"23":{"name":"(anonymous_23)","decl":{"start":{"line":374,"column":39},"end":{"line":374,"column":40}},"loc":{"start":{"line":374,"column":47},"end":{"line":388,"column":9}},"line":374},"24":{"name":"(anonymous_24)","decl":{"start":{"line":376,"column":40},"end":{"line":376,"column":41}},"loc":{"start":{"line":376,"column":48},"end":{"line":376,"column":71}},"line":376},"25":{"name":"(anonymous_25)","decl":{"start":{"line":397,"column":11},"end":{"line":397,"column":12}},"loc":{"start":{"line":397,"column":17},"end":{"line":399,"column":5}},"line":397},"26":{"name":"(anonymous_26)","decl":{"start":{"line":403,"column":26},"end":{"line":403,"column":27}},"loc":{"start":{"line":403,"column":57},"end":{"line":436,"column":3}},"line":403},"27":{"name":"(anonymous_27)","decl":{"start":{"line":440,"column":4},"end":{"line":440,"column":5}},"loc":{"start":{"line":440,"column":48},"end":{"line":475,"column":5}},"line":440},"28":{"name":"(anonymous_28)","decl":{"start":{"line":480,"column":33},"end":{"line":480,"column":34}},"loc":{"start":{"line":480,"column":77},"end":{"line":483,"column":3}},"line":480},"29":{"name":"(anonymous_29)","decl":{"start":{"line":486,"column":42},"end":{"line":486,"column":43}},"loc":{"start":{"line":486,"column":48},"end":{"line":517,"column":3}},"line":486},"30":{"name":"(anonymous_30)","decl":{"start":{"line":490,"column":39},"end":{"line":490,"column":40}},"loc":{"start":{"line":490,"column":47},"end":{"line":490,"column":60}},"line":490},"31":{"name":"(anonymous_31)","decl":{"start":{"line":494,"column":48},"end":{"line":494,"column":49}},"loc":{"start":{"line":494,"column":56},"end":{"line":494,"column":63}},"line":494},"32":{"name":"(anonymous_32)","decl":{"start":{"line":498,"column":8},"end":{"line":498,"column":9}},"loc":{"start":{"line":498,"column":16},"end":{"line":498,"column":50}},"line":498},"33":{"name":"(anonymous_33)","decl":{"start":{"line":503,"column":8},"end":{"line":503,"column":9}},"loc":{"start":{"line":504,"column":10},"end":{"line":505,"column":48}},"line":504},"34":{"name":"(anonymous_34)","decl":{"start":{"line":520,"column":37},"end":{"line":520,"column":38}},"loc":{"start":{"line":520,"column":57},"end":{"line":548,"column":3}},"line":520},"35":{"name":"(anonymous_35)","decl":{"start":{"line":524,"column":43},"end":{"line":524,"column":44}},"loc":{"start":{"line":524,"column":51},"end":{"line":524,"column":69}},"line":524},"36":{"name":"(anonymous_36)","decl":{"start":{"line":528,"column":6},"end":{"line":528,"column":7}},"loc":{"start":{"line":528,"column":14},"end":{"line":528,"column":62}},"line":528},"37":{"name":"(anonymous_37)","decl":{"start":{"line":533,"column":6},"end":{"line":533,"column":7}},"loc":{"start":{"line":533,"column":14},"end":{"line":533,"column":62}},"line":533},"38":{"name":"(anonymous_38)","decl":{"start":{"line":551,"column":39},"end":{"line":551,"column":40}},"loc":{"start":{"line":551,"column":45},"end":{"line":553,"column":3}},"line":551},"39":{"name":"(anonymous_39)","decl":{"start":{"line":552,"column":19},"end":{"line":552,"column":20}},"loc":{"start":{"line":552,"column":28},"end":{"line":552,"column":71}},"line":552},"40":{"name":"(anonymous_40)","decl":{"start":{"line":556,"column":35},"end":{"line":556,"column":36}},"loc":{"start":{"line":556,"column":55},"end":{"line":574,"column":3}},"line":556},"41":{"name":"(anonymous_41)","decl":{"start":{"line":560,"column":33},"end":{"line":560,"column":34}},"loc":{"start":{"line":560,"column":41},"end":{"line":560,"column":59}},"line":560},"42":{"name":"(anonymous_42)","decl":{"start":{"line":577,"column":43},"end":{"line":577,"column":44}},"loc":{"start":{"line":577,"column":81},"end":{"line":631,"column":3}},"line":577},"43":{"name":"(anonymous_43)","decl":{"start":{"line":583,"column":41},"end":{"line":583,"column":42}},"loc":{"start":{"line":583,"column":49},"end":{"line":583,"column":67}},"line":583},"44":{"name":"(anonymous_44)","decl":{"start":{"line":590,"column":40},"end":{"line":590,"column":41}},"loc":{"start":{"line":590,"column":48},"end":{"line":603,"column":5}},"line":590},"45":{"name":"(anonymous_45)","decl":{"start":{"line":617,"column":13},"end":{"line":617,"column":14}},"loc":{"start":{"line":617,"column":26},"end":{"line":630,"column":5}},"line":617},"46":{"name":"(anonymous_46)","decl":{"start":{"line":618,"column":27},"end":{"line":618,"column":28}},"loc":{"start":{"line":618,"column":35},"end":{"line":629,"column":7}},"line":618},"47":{"name":"(anonymous_47)","decl":{"start":{"line":635,"column":4},"end":{"line":635,"column":5}},"loc":{"start":{"line":635,"column":46},"end":{"line":647,"column":5}},"line":635},"48":{"name":"(anonymous_48)","decl":{"start":{"line":652,"column":39},"end":{"line":652,"column":40}},"loc":{"start":{"line":652,"column":76},"end":{"line":673,"column":3}},"line":652},"49":{"name":"(anonymous_49)","decl":{"start":{"line":658,"column":28},"end":{"line":658,"column":29}},"loc":{"start":{"line":658,"column":36},"end":{"line":669,"column":7}},"line":658},"50":{"name":"(anonymous_50)","decl":{"start":{"line":676,"column":37},"end":{"line":676,"column":38}},"loc":{"start":{"line":676,"column":57},"end":{"line":699,"column":3}},"line":676},"51":{"name":"(anonymous_51)","decl":{"start":{"line":680,"column":33},"end":{"line":680,"column":34}},"loc":{"start":{"line":680,"column":38},"end":{"line":680,"column":53}},"line":680},"52":{"name":"(anonymous_52)","decl":{"start":{"line":703,"column":4},"end":{"line":703,"column":5}},"loc":{"start":{"line":703,"column":45},"end":{"line":722,"column":5}},"line":703},"53":{"name":"(anonymous_53)","decl":{"start":{"line":753,"column":29},"end":{"line":753,"column":30}},"loc":{"start":{"line":753,"column":36},"end":{"line":758,"column":13}},"line":753},"54":{"name":"(anonymous_54)","decl":{"start":{"line":759,"column":23},"end":{"line":759,"column":24}},"loc":{"start":{"line":759,"column":30},"end":{"line":766,"column":13}},"line":759},"55":{"name":"(anonymous_55)","decl":{"start":{"line":814,"column":17},"end":{"line":814,"column":18}},"loc":{"start":{"line":814,"column":23},"end":{"line":814,"column":102}},"line":814},"56":{"name":"(anonymous_56)","decl":{"start":{"line":822,"column":66},"end":{"line":822,"column":67}},"loc":{"start":{"line":822,"column":77},"end":{"line":828,"column":1}},"line":822}},"branchMap":{"0":{"loc":{"start":{"line":56,"column":77},"end":{"line":56,"column":93}},"type":"default-arg","locations":[{"start":{"line":56,"column":88},"end":{"line":56,"column":93}}],"line":56},"1":{"loc":{"start":{"line":111,"column":4},"end":{"line":111,"column":46}},"type":"if","locations":[{"start":{"line":111,"column":4},"end":{"line":111,"column":46}},{"start":{},"end":{}}],"line":111},"2":{"loc":{"start":{"line":117,"column":4},"end":{"line":183,"column":5}},"type":"if","locations":[{"start":{"line":117,"column":4},"end":{"line":183,"column":5}},{"start":{"line":129,"column":9},"end":{"line":183,"column":5}}],"line":117},"3":{"loc":{"start":{"line":117,"column":8},"end":{"line":117,"column":67}},"type":"binary-expr","locations":[{"start":{"line":117,"column":8},"end":{"line":117,"column":43}},{"start":{"line":117,"column":47},"end":{"line":117,"column":67}}],"line":117},"4":{"loc":{"start":{"line":123,"column":10},"end":{"line":124,"column":46}},"type":"binary-expr","locations":[{"start":{"line":123,"column":10},"end":{"line":123,"column":46}},{"start":{"line":124,"column":10},"end":{"line":124,"column":46}}],"line":123},"5":{"loc":{"start":{"line":129,"column":9},"end":{"line":183,"column":5}},"type":"if","locations":[{"start":{"line":129,"column":9},"end":{"line":183,"column":5}},{"start":{"line":150,"column":9},"end":{"line":183,"column":5}}],"line":129},"6":{"loc":{"start":{"line":129,"column":13},"end":{"line":129,"column":71}},"type":"binary-expr","locations":[{"start":{"line":129,"column":13},"end":{"line":129,"column":48}},{"start":{"line":129,"column":52},"end":{"line":129,"column":71}}],"line":129},"7":{"loc":{"start":{"line":135,"column":10},"end":{"line":144,"column":11}},"type":"if","locations":[{"start":{"line":135,"column":10},"end":{"line":144,"column":11}},{"start":{},"end":{}}],"line":135},"8":{"loc":{"start":{"line":150,"column":9},"end":{"line":183,"column":5}},"type":"if","locations":[{"start":{"line":150,"column":9},"end":{"line":183,"column":5}},{"start":{"line":167,"column":9},"end":{"line":183,"column":5}}],"line":150},"9":{"loc":{"start":{"line":150,"column":13},"end":{"line":150,"column":71}},"type":"binary-expr","locations":[{"start":{"line":150,"column":13},"end":{"line":150,"column":48}},{"start":{"line":150,"column":52},"end":{"line":150,"column":71}}],"line":150},"10":{"loc":{"start":{"line":156,"column":10},"end":{"line":161,"column":11}},"type":"if","locations":[{"start":{"line":156,"column":10},"end":{"line":161,"column":11}},{"start":{},"end":{}}],"line":156},"11":{"loc":{"start":{"line":167,"column":9},"end":{"line":183,"column":5}},"type":"if","locations":[{"start":{"line":167,"column":9},"end":{"line":183,"column":5}},{"start":{},"end":{}}],"line":167},"12":{"loc":{"start":{"line":167,"column":13},"end":{"line":167,"column":73}},"type":"binary-expr","locations":[{"start":{"line":167,"column":13},"end":{"line":167,"column":45}},{"start":{"line":167,"column":49},"end":{"line":167,"column":73}}],"line":167},"13":{"loc":{"start":{"line":171,"column":16},"end":{"line":171,"column":53}},"type":"binary-expr","locations":[{"start":{"line":171,"column":16},"end":{"line":171,"column":47}},{"start":{"line":171,"column":51},"end":{"line":171,"column":53}}],"line":171},"14":{"loc":{"start":{"line":172,"column":16},"end":{"line":172,"column":53}},"type":"binary-expr","locations":[{"start":{"line":172,"column":16},"end":{"line":172,"column":47}},{"start":{"line":172,"column":51},"end":{"line":172,"column":53}}],"line":172},"15":{"loc":{"start":{"line":192,"column":4},"end":{"line":194,"column":5}},"type":"if","locations":[{"start":{"line":192,"column":4},"end":{"line":194,"column":5}},{"start":{},"end":{}}],"line":192},"16":{"loc":{"start":{"line":202,"column":12},"end":{"line":206,"column":20}},"type":"cond-expr","locations":[{"start":{"line":203,"column":10},"end":{"line":203,"column":19}},{"start":{"line":204,"column":10},"end":{"line":206,"column":20}}],"line":202},"17":{"loc":{"start":{"line":202,"column":12},"end":{"line":202,"column":86}},"type":"binary-expr","locations":[{"start":{"line":202,"column":12},"end":{"line":202,"column":34}},{"start":{"line":202,"column":38},"end":{"line":202,"column":60}},{"start":{"line":202,"column":64},"end":{"line":202,"column":86}}],"line":202},"18":{"loc":{"start":{"line":204,"column":10},"end":{"line":206,"column":20}},"type":"cond-expr","locations":[{"start":{"line":205,"column":12},"end":{"line":205,"column":21}},{"start":{"line":206,"column":12},"end":{"line":206,"column":20}}],"line":204},"19":{"loc":{"start":{"line":204,"column":10},"end":{"line":204,"column":54}},"type":"binary-expr","locations":[{"start":{"line":204,"column":10},"end":{"line":204,"column":31}},{"start":{"line":204,"column":35},"end":{"line":204,"column":54}}],"line":204},"20":{"loc":{"start":{"line":210,"column":15},"end":{"line":210,"column":43}},"type":"binary-expr","locations":[{"start":{"line":210,"column":15},"end":{"line":210,"column":30}},{"start":{"line":210,"column":34},"end":{"line":210,"column":43}}],"line":210},"21":{"loc":{"start":{"line":212,"column":12},"end":{"line":212,"column":99}},"type":"binary-expr","locations":[{"start":{"line":212,"column":12},"end":{"line":212,"column":33}},{"start":{"line":212,"column":37},"end":{"line":212,"column":57}},{"start":{"line":212,"column":61},"end":{"line":212,"column":99}}],"line":212},"22":{"loc":{"start":{"line":213,"column":12},"end":{"line":213,"column":85}},"type":"binary-expr","locations":[{"start":{"line":213,"column":12},"end":{"line":213,"column":34}},{"start":{"line":213,"column":38},"end":{"line":213,"column":61}},{"start":{"line":213,"column":65},"end":{"line":213,"column":85}}],"line":213},"23":{"loc":{"start":{"line":214,"column":12},"end":{"line":214,"column":106}},"type":"binary-expr","locations":[{"start":{"line":214,"column":12},"end":{"line":214,"column":34}},{"start":{"line":214,"column":38},"end":{"line":214,"column":61}},{"start":{"line":214,"column":65},"end":{"line":214,"column":106}}],"line":214},"24":{"loc":{"start":{"line":223,"column":16},"end":{"line":223,"column":38}},"type":"binary-expr","locations":[{"start":{"line":223,"column":16},"end":{"line":223,"column":29}},{"start":{"line":223,"column":33},"end":{"line":223,"column":38}}],"line":223},"25":{"loc":{"start":{"line":234,"column":6},"end":{"line":234,"column":27}},"type":"if","locations":[{"start":{"line":234,"column":6},"end":{"line":234,"column":27}},{"start":{},"end":{}}],"line":234},"26":{"loc":{"start":{"line":241,"column":8},"end":{"line":252,"column":9}},"type":"if","locations":[{"start":{"line":241,"column":8},"end":{"line":252,"column":9}},{"start":{},"end":{}}],"line":241},"27":{"loc":{"start":{"line":269,"column":6},"end":{"line":269,"column":27}},"type":"if","locations":[{"start":{"line":269,"column":6},"end":{"line":269,"column":27}},{"start":{},"end":{}}],"line":269},"28":{"loc":{"start":{"line":289,"column":6},"end":{"line":289,"column":27}},"type":"if","locations":[{"start":{"line":289,"column":6},"end":{"line":289,"column":27}},{"start":{},"end":{}}],"line":289},"29":{"loc":{"start":{"line":300,"column":16},"end":{"line":300,"column":39}},"type":"binary-expr","locations":[{"start":{"line":300,"column":16},"end":{"line":300,"column":33}},{"start":{"line":300,"column":37},"end":{"line":300,"column":39}}],"line":300},"30":{"loc":{"start":{"line":301,"column":16},"end":{"line":301,"column":39}},"type":"binary-expr","locations":[{"start":{"line":301,"column":16},"end":{"line":301,"column":33}},{"start":{"line":301,"column":37},"end":{"line":301,"column":39}}],"line":301},"31":{"loc":{"start":{"line":317,"column":6},"end":{"line":394,"column":7}},"type":"if","locations":[{"start":{"line":317,"column":6},"end":{"line":394,"column":7}},{"start":{},"end":{}}],"line":317},"32":{"loc":{"start":{"line":321,"column":8},"end":{"line":335,"column":9}},"type":"if","locations":[{"start":{"line":321,"column":8},"end":{"line":335,"column":9}},{"start":{},"end":{}}],"line":321},"33":{"loc":{"start":{"line":321,"column":12},"end":{"line":321,"column":79}},"type":"binary-expr","locations":[{"start":{"line":321,"column":12},"end":{"line":321,"column":36}},{"start":{"line":321,"column":40},"end":{"line":321,"column":79}}],"line":321},"34":{"loc":{"start":{"line":325,"column":10},"end":{"line":334,"column":11}},"type":"if","locations":[{"start":{"line":325,"column":10},"end":{"line":334,"column":11}},{"start":{},"end":{}}],"line":325},"35":{"loc":{"start":{"line":325,"column":14},"end":{"line":325,"column":66}},"type":"binary-expr","locations":[{"start":{"line":325,"column":14},"end":{"line":325,"column":35}},{"start":{"line":325,"column":39},"end":{"line":325,"column":66}}],"line":325},"36":{"loc":{"start":{"line":331,"column":12},"end":{"line":333,"column":13}},"type":"if","locations":[{"start":{"line":331,"column":12},"end":{"line":333,"column":13}},{"start":{},"end":{}}],"line":331},"37":{"loc":{"start":{"line":341,"column":12},"end":{"line":346,"column":13}},"type":"if","locations":[{"start":{"line":341,"column":12},"end":{"line":346,"column":13}},{"start":{},"end":{}}],"line":341},"38":{"loc":{"start":{"line":341,"column":16},"end":{"line":341,"column":74}},"type":"binary-expr","locations":[{"start":{"line":341,"column":16},"end":{"line":341,"column":37}},{"start":{"line":341,"column":41},"end":{"line":341,"column":74}}],"line":341},"39":{"loc":{"start":{"line":349,"column":12},"end":{"line":355,"column":13}},"type":"if","locations":[{"start":{"line":349,"column":12},"end":{"line":355,"column":13}},{"start":{},"end":{}}],"line":349},"40":{"loc":{"start":{"line":349,"column":16},"end":{"line":350,"column":58}},"type":"binary-expr","locations":[{"start":{"line":349,"column":16},"end":{"line":349,"column":40}},{"start":{"line":349,"column":44},"end":{"line":349,"column":83}},{"start":{"line":350,"column":16},"end":{"line":350,"column":58}}],"line":349},"41":{"loc":{"start":{"line":358,"column":12},"end":{"line":363,"column":13}},"type":"if","locations":[{"start":{"line":358,"column":12},"end":{"line":363,"column":13}},{"start":{},"end":{}}],"line":358},"42":{"loc":{"start":{"line":358,"column":16},"end":{"line":358,"column":103}},"type":"binary-expr","locations":[{"start":{"line":358,"column":16},"end":{"line":358,"column":41}},{"start":{"line":358,"column":45},"end":{"line":358,"column":66}},{"start":{"line":358,"column":70},"end":{"line":358,"column":103}}],"line":358},"43":{"loc":{"start":{"line":368,"column":44},"end":{"line":368,"column":71}},"type":"binary-expr","locations":[{"start":{"line":368,"column":44},"end":{"line":368,"column":61}},{"start":{"line":368,"column":65},"end":{"line":368,"column":71}}],"line":368},"44":{"loc":{"start":{"line":379,"column":10},"end":{"line":385,"column":11}},"type":"if","locations":[{"start":{"line":379,"column":10},"end":{"line":385,"column":11}},{"start":{},"end":{}}],"line":379},"45":{"loc":{"start":{"line":379,"column":14},"end":{"line":380,"column":96}},"type":"binary-expr","locations":[{"start":{"line":379,"column":14},"end":{"line":379,"column":24}},{"start":{"line":379,"column":28},"end":{"line":379,"column":49}},{"start":{"line":380,"column":15},"end":{"line":380,"column":54}},{"start":{"line":380,"column":58},"end
[...]
:5}},"33":{"start":{"line":82,"column":40},"end":{"line":82,"column":54}},"34":{"start":{"line":83,"column":6},"end":{"line":83,"column":48}},"35":{"start":{"line":85,"column":6},"end":{"line":85,"column":63}},"36":{"start":{"line":86,"column":6},"end":{"line":86,"column":21}},"37":{"start":{"line":94,"column":4},"end":{"line":96,"column":5}},"38":{"start":{"line":95,"column":6},"end":{"line":95,"column":42}},"39":{"start":{"line":98,"column":4},"end":{"line":98,"column":44}},"40":{"start":{"line":101,"column":4},"end":{"line":109,"column":6}},"41":{"start":{"line":102,"column":24},"end":{"line":102,"column":48}},"42":{"start":{"line":103,"column":6},"end":{"line":108,"column":7}},"43":{"start":{"line":104,"column":8},"end":{"line":104,"column":35}},"44":{"start":{"line":105,"column":8},"end":{"line":107,"column":9}},"45":{"start":{"line":106,"column":10},"end":{"line":106,"column":38}},"46":{"start":{"line":116,"column":4},"end":{"line":116,"column":45}},"47":{"start":{"line":119,"column":4},"end":{"line":121,"column":6}},"48":{"start":{"line":120,"column":6},"end":{"line":120,"column":50}},"49":{"start":{"line":128,"column":27},"end":{"line":128,"column":34}},"50":{"start":{"line":131,"column":22},"end":{"line":131,"column":46}},"51":{"start":{"line":132,"column":4},"end":{"line":134,"column":5}},"52":{"start":{"line":133,"column":6},"end":{"line":133,"column":52}},"53":{"start":{"line":133,"column":36},"end":{"line":133,"column":50}},"54":{"start":{"line":137,"column":4},"end":{"line":139,"column":5}},"55":{"start":{"line":138,"column":6},"end":{"line":138,"column":59}},"56":{"start":{"line":147,"column":4},"end":{"line":147,"column":69}},"57":{"start":{"line":147,"column":51},"end":{"line":147,"column":67}},"58":{"start":{"line":150,"column":4},"end":{"line":152,"column":5}},"59":{"start":{"line":151,"column":6},"end":{"line":151,"column":43}},"60":{"start":{"line":159,"column":4},"end":{"line":169,"column":5}},"61":{"start":{"line":160,"column":20},"end":{"line":160,"column":90}},"62":{"start":{"line":161,"column":22},"end":{"line":166,"column":7}},"63":{"start":{"line":168,"column":6},"end":{"line":168,"column":39}},"64":{"start":{"line":176,"column":4},"end":{"line":183,"column":5}},"65":{"start":{"line":177,"column":6},"end":{"line":182,"column":7}},"66":{"start":{"line":179,"column":8},"end":{"line":181,"column":27}},"67":{"start":{"line":180,"column":10},"end":{"line":180,"column":43}},"68":{"start":{"line":190,"column":4},"end":{"line":194,"column":5}},"69":{"start":{"line":191,"column":6},"end":{"line":193,"column":15}},"70":{"start":{"line":192,"column":8},"end":{"line":192,"column":23}},"71":{"start":{"line":199,"column":32},"end":{"line":199,"column":54}}},"fnMap":{"0":{"name":"(anonymous_0)","decl":{"start":{"line":16,"column":2},"end":{"line":16,"column":3}},"loc":{"start":{"line":16,"column":16},"end":{"line":18,"column":3}},"line":16},"1":{"name":"(anonymous_1)","decl":{"start":{"line":23,"column":2},"end":{"line":23,"column":3}},"loc":{"start":{"line":23,"column":25},"end":{"line":64,"column":3}},"line":23},"2":{"name":"(anonymous_2)","decl":{"start":{"line":35,"column":25},"end":{"line":35,"column":26}},"loc":{"start":{"line":35,"column":31},"end":{"line":42,"column":5}},"line":35},"3":{"name":"(anonymous_3)","decl":{"start":{"line":44,"column":28},"end":{"line":44,"column":29}},"loc":{"start":{"line":44,"column":39},"end":{"line":51,"column":5}},"line":44},"4":{"name":"(anonymous_4)","decl":{"start":{"line":53,"column":26},"end":{"line":53,"column":27}},"loc":{"start":{"line":53,"column":32},"end":{"line":57,"column":5}},"line":53},"5":{"name":"(anonymous_5)","decl":{"start":{"line":59,"column":26},"end":{"line":59,"column":27}},"loc":{"start":{"line":59,"column":37},"end":{"line":63,"column":5}},"line":59},"6":{"name":"(anonymous_6)","decl":{"start":{"line":69,"column":2},"end":{"line":69,"column":3}},"loc":{"start":{"line":69,"column":28},"end":{"line":75,"column":3}},"line":69},"7":{"name":"(anonymous_7)","decl":{"start":{"line":80,"column":2},"end":{"line":80,"column":3}},"loc":{"start":{"line":80,"column":45},"end":{"line":88,"column":3}},"line":80},"8":{"name":"(anonymous_8)","decl":{"start":{"line":93,"column":2},"end":{"line":93,"column":3}},"loc":{"start":{"line":93,"column":76},"end":{"line":110,"column":3}},"line":93},"9":{"name":"(anonymous_9)","decl":{"start":{"line":101,"column":11},"end":{"line":101,"column":12}},"loc":{"start":{"line":101,"column":17},"end":{"line":109,"column":5}},"line":101},"10":{"name":"(anonymous_10)","decl":{"start":{"line":115,"column":2},"end":{"line":115,"column":3}},"loc":{"start":{"line":115,"column":78},"end":{"line":122,"column":3}},"line":115},"11":{"name":"(anonymous_11)","decl":{"start":{"line":119,"column":11},"end":{"line":119,"column":12}},"loc":{"start":{"line":119,"column":17},"end":{"line":121,"column":5}},"line":119},"12":{"name":"(anonymous_12)","decl":{"start":{"line":127,"column":2},"end":{"line":127,"column":3}},"loc":{"start":{"line":127,"column":57},"end":{"line":140,"column":3}},"line":127},"13":{"name":"(anonymous_13)","decl":{"start":{"line":133,"column":24},"end":{"line":133,"column":25}},"loc":{"start":{"line":133,"column":36},"end":{"line":133,"column":50}},"line":133},"14":{"name":"(anonymous_14)","decl":{"start":{"line":145,"column":2},"end":{"line":145,"column":3}},"loc":{"start":{"line":145,"column":64},"end":{"line":153,"column":3}},"line":145},"15":{"name":"(anonymous_15)","decl":{"start":{"line":147,"column":39},"end":{"line":147,"column":40}},"loc":{"start":{"line":147,"column":51},"end":{"line":147,"column":67}},"line":147},"16":{"name":"(anonymous_16)","decl":{"start":{"line":158,"column":2},"end":{"line":158,"column":3}},"loc":{"start":{"line":158,"column":67},"end":{"line":170,"column":3}},"line":158},"17":{"name":"(anonymous_17)","decl":{"start":{"line":175,"column":2},"end":{"line":175,"column":3}},"loc":{"start":{"line":175,"column":37},"end":{"line":184,"column":3}},"line":175},"18":{"name":"(anonymous_18)","decl":{"start":{"line":179,"column":43},"end":{"line":179,"column":44}},"loc":{"start":{"line":179,"column":49},"end":{"line":181,"column":9}},"line":179},"19":{"name":"(anonymous_19)","decl":{"start":{"line":189,"column":2},"end":{"line":189,"column":3}},"loc":{"start":{"line":189,"column":36},"end":{"line":195,"column":3}},"line":189},"20":{"name":"(anonymous_20)","decl":{"start":{"line":191,"column":39},"end":{"line":191,"column":40}},"loc":{"start":{"line":191,"column":45},"end":{"line":193,"column":7}},"line":191}},"branchMap":{"0":{"loc":{"start":{"line":24,"column":4},"end":{"line":26,"column":5}},"type":"if","locations":[{"start":{"line":24,"column":4},"end":{"line":26,"column":5}},{"start":{},"end":{}}],"line":24},"1":{"loc":{"start":{"line":28,"column":21},"end":{"line":28,"column":73}},"type":"cond-expr","locations":[{"start":{"line":28,"column":61},"end":{"line":28,"column":66}},{"start":{"line":28,"column":69},"end":{"line":28,"column":73}}],"line":28},"2":{"loc":{"start":{"line":30,"column":18},"end":{"line":30,"column":90}},"type":"binary-expr","locations":[{"start":{"line":30,"column":18},"end":{"line":30,"column":53}},{"start":{"line":30,"column":57},"end":{"line":30,"column":90}}],"line":30},"3":{"loc":{"start":{"line":38,"column":6},"end":{"line":41,"column":7}},"type":"if","locations":[{"start":{"line":38,"column":6},"end":{"line":41,"column":7}},{"start":{},"end":{}}],"line":38},"4":{"loc":{"start":{"line":70,"column":4},"end":{"line":74,"column":5}},"type":"if","locations":[{"start":{"line":70,"column":4},"end":{"line":74,"column":5}},{"start":{},"end":{}}],"line":70},"5":{"loc":{"start":{"line":81,"column":4},"end":{"line":87,"column":5}},"type":"if","locations":[{"start":{"line":81,"column":4},"end":{"line":87,"column":5}},{"start":{"line":84,"column":11},"end":{"line":87,"column":5}}],"line":81},"6":{"loc":{"start":{"line":81,"column":8},"end":{"line":81,"column":39}},"type":"binary-expr","locations":[{"start":{"line":81,"column":8},"end":{"line":81,"column":24}},{"start":{"line":81,"column":28},"end":{"line":81,"column":39}}],"line":81},"7":{"loc":{"start":{"line":94,"column":4},"end":{"line":96,"column":5}},"type":"if","locations":[{"start":{"line":94,"column":4},"end":{"line":96,"column":5}},{"start":{},"end":{}}],"line":94},"8":{"loc":{"start":{"line":103,"column":6},"end":{"line":108,"column":7}},"type":"if","locations":[{"start":{"line":103,"column":6},"end":{"line":108,"column":7}},{"start":{},"end":{}}],"line":103},"9":{"loc":{"start":{"line":105,"column":8},"end":{"line":107,"column":9}},"type":"if","locations":[{"start":{"line":105,"column":8},"end":{"line":107,"column":9}},{"start":{},"end":{}}],"line":105},"10":{"loc":{"start":{"line":132,"column":4},"end":{"line":134,"column":5}},"type":"if","locations":[{"start":{"line":132,"column":4},"end":{"line":134,"column":5}},{"start":{},"end":{}}],"line":132},"11":{"loc":{"start":{"line":137,"column":4},"end":{"line":139,"column":5}},"type":"if","locations":[{"start":{"line":137,"column":4},"end":{"line":139,"column":5}},{"start":{},"end":{}}],"line":137},"12":{"loc":{"start":{"line":150,"column":4},"end":{"line":152,"column":5}},"type":"if","locations":[{"start":{"line":150,"column":4},"end":{"line":152,"column":5}},{"start":{},"end":{}}],"line":150},"13":{"loc":{"start":{"line":150,"column":8},"end":{"line":150,"column":64}},"type":"binary-expr","locations":[{"start":{"line":150,"column":8},"end":{"line":150,"column":35}},{"start":{"line":150,"column":39},"end":{"line":150,"column":64}}],"line":150},"14":{"loc":{"start":{"line":159,"column":4},"end":{"line":169,"column":5}},"type":"if","locations":[{"start":{"line":159,"column":4},"end":{"line":169,"column":5}},{"start":{},"end":{}}],"line":159},"15":{"loc":{"start":{"line":160,"column":20},"end":{"line":160,"column":90}},"type":"cond-expr","locations":[{"start":{"line":160,"column":50},"end":{"line":160,"column":70}},{"start":{"line":160,"column":73},"end":{"line":160,"column":90}}],"line":160},"16":{"loc":{"start":{"line":162,"column":14},"end":{"line":164,"column":85}},"type":"cond-expr","locations":[{"start":{"line":163,"column":12},"end":{"line":163,"column":74}},{"start":{"line":164,"column":12},"end":{"line":164,"column":85}}],"line":162},"17":{"loc":{"start":{"line":176,"column":4},"end":{"line":183,"column":5}},"type":"if","locations":[{"start":{"line":176,"column":4},"end":{"line":183,"column":5}},{"start":{},"end":{}}],"line":176},"18":{"loc":{"start":{"line":177,"column":6},"end":{"line":182,"column":7}},"type":"if","locations":[{"start":{"line":177,"column":6},"end":{"line":182,"column":7}},{"start":{},"end":{}}],"line":177},"19":{"loc":{"start":{"line":177,"column":10},"end":{"line":177,"column":87}},"type":"binary-expr","locations":[{"start":{"line":177,"column":10},"end":{"line":177,"column":47}},{"start":{"line":177,"column":51},"end":{"line":177,"column":87}}],"line":177},"20":{"loc":{"start":{"line":190,"column":4},"end":{"line":194,"column":5}},"type":"if","locations":[{"start":{"line":190,"column":4},"end":{"line":194,"column":5}},{"start":{},"end":{}}],"line":190}},"s":{"0":0,"1":0,"2":0,"3":0,"4":0,"5":0,"6":0,"7":0,"8":0,"9":0,"10":0,"11":0,"12":0,"13":0,"14":0,"15":0,"16":0,"17":0,"18":0,"19":0,"20":0,"21":0,"22":0,"23":0,"24":0,"25":0,"26":0,"27":0,"28":0,"29":0,"30":0,"31":0,"32":0,"33":0,"34":0,"35":0,"36":0,"37":0,"38":0,"39":0,"40":0,"41":0,"42":0,"43":0,"44":0,"45":0,"46":0,"47":0,"48":0,"49":0,"50":0,"51":0,"52":0,"53":0,"54":0,"55":0,"56":0,"57":0,"58":0,"59":0,"60":0,"61":0,"62":0,"63":0,"64":0,"65":0,"66":0,"67":0,"68":0,"69":0,"70":0,"71":0},"f":{"0":0,"1":0,"2":0,"3":0,"4":0,"5":0,"6":0,"7":0,"8":0,"9":0,"10":0,"11":0,"12":0,"13":0,"14":0,"15":0,"16":0,"17":0,"18":0,"19":0,"20":0},"b":{"0":[0,0],"1":[0,0],"2":[0,0],"3":[0,0],"4":[0,0],"5":[0,0],"6":[0,0],"7":[0,0],"8":[0,0],"9":[0,0],"10":[0,0],"11":[0,0],"12":[0,0],"13":[0,0],"14":[0,0],"15":[0,0],"16":[0,0],"17":[0,0],"18":[0,0],"19":[0,0],"20":[0,0]}}
,"/home/axw/projects/synapps/apps/web-frontend/src/templates/BlogPostWriter.ts": {"path":"/home/axw/projects/synapps/apps/web-frontend/src/templates/BlogPostWriter.ts","statementMap":{"0":{"start":{"line":8,"column":52},"end":{"line":85,"column":1}}},"fnMap":{},"branchMap":{},"s":{"0":0},"f":{},"b":{}}
,"/home/axw/projects/synapps/apps/web-frontend/src/templates/ChatbotWithMemory.ts": {"path":"/home/axw/projects/synapps/apps/web-frontend/src/templates/ChatbotWithMemory.ts","statementMap":{"0":{"start":{"line":8,"column":55},"end":{"line":86,"column":1}}},"fnMap":{},"branchMap":{},"s":{"0":0},"f":{},"b":{}}
,"/home/axw/projects/synapps/apps/web-frontend/src/templates/IllustratedStory.ts": {"path":"/home/axw/projects/synapps/apps/web-frontend/src/templates/IllustratedStory.ts","statementMap":{"0":{"start":{"line":8,"column":54},"end":{"line":69,"column":1}}},"fnMap":{},"branchMap":{},"s":{"0":0},"f":{},"b":{}}
,"/home/axw/projects/synapps/apps/web-frontend/src/templates/index.ts": {"path":"/home/axw/projects/synapps/apps/web-frontend/src/templates/index.ts","statementMap":{"0":{"start":{"line":10,"column":41},"end":{"line":14,"column":1}},"1":{"start":{"line":17,"column":31},"end":{"line":19,"column":1}},"2":{"start":{"line":18,"column":2},"end":{"line":18,"column":56}},"3":{"start":{"line":18,"column":36},"end":{"line":18,"column":54}}},"fnMap":{"0":{"name":"(anonymous_0)","decl":{"start":{"line":17,"column":31},"end":{"line":17,"column":32}},"loc":{"start":{"line":17,"column":73},"end":{"line":19,"column":1}},"line":17},"1":{"name":"(anonymous_1)","decl":{"start":{"line":18,"column":24},"end":{"line":18,"column":25}},"loc":{"start":{"line":18,"column":36},"end":{"line":18,"column":54}},"line":18}},"branchMap":{},"s":{"0":0,"1":0,"2":0,"3":0},"f":{"0":0,"1":0},"b":{}}
,"/home/axw/projects/synapps/apps/web-frontend/src/types/index.ts": {"path":"/home/axw/projects/synapps/apps/web-frontend/src/types/index.ts","statementMap":{},"fnMap":{},"branchMap":{},"s":{},"f":{},"b":{}}
,"/home/axw/projects/synapps/apps/web-frontend/src/utils/flowUtils.ts": {"path":"/home/axw/projects/synapps/apps/web-frontend/src/utils/flowUtils.ts","statementMap":{"0":{"start":{"line":10,"column":26},"end":{"line":12,"column":1}},"1":{"start":{"line":11,"column":2},"end":{"line":11,"column":18}},"2":{"start":{"line":17,"column":25},"end":{"line":19,"column":1}},"3":{"start":{"line":18,"column":2},"end":{"line":18,"column":42}},"4":{"start":{"line":25,"column":38},"end":{"line":63,"column":1}},"5":{"start":{"line":27,"column":20},"end":{"line":27,"column":44}},"6":{"start":{"line":30,"column":24},"end":{"line":33,"column":3}},"7":{"start":{"line":36,"column":44},"end":{"line":36,"column":46}},"8":{"start":{"line":39,"column":2},"end":{"line":50,"column":5}},"9":{"start":{"line":40,"column":18},"end":{"line":40,"column":25}},"10":{"start":{"line":41,"column":18},"end":{"line":41,"column":30}},"11":{"start":{"line":44,"column":4},"end":{"line":44,"column":29}},"12":{"start":{"line":46,"column":4},"end":{"line":49,"column":6}},"13":{"start":{"line":53,"column":2},"end":{"line":60,"column":5}},"14":{"start":{"line":54,"column":4},"end":{"line":59,"column":6}},"15":{"start":{"line":62,"column":2},"end":{"line":62,"column":17}},"16":{"start":{"line":68,"column":28},"end":{"line":109,"column":1}},"17":{"start":{"line":69,"column":27},"end":{"line":69,"column":29}},"18":{"start":{"line":72,"column":2},"end":{"line":75,"column":3}},"19":{"start":{"line":73,"column":4},"end":{"line":73,"column":37}},"20":{"start":{"line":74,"column":4},"end":{"line":74,"column":36}},"21":{"start":{"line":78,"column":19},"end":{"line":78,"column":65}},"22":{"start":{"line":78,"column":43},"end":{"line":78,"column":64}},"23":{"start":{"line":79,"column":17},"end":{"line":79,"column":61}},"24":{"start":{"line":79,"column":41},"end":{"line":79,"column":60}},"25":{"start":{"line":81,"column":2},"end":{"line":83,"column":3}},"26":{"start":{"line":82,"column":4},"end":{"line":82,"column":42}},"27":{"start":{"line":85,"column":2},"end":{"line":87,"column":3}},"28":{"start":{"line":86,"column":4},"end":{"line":86,"column":40}},"29":{"start":{"line":90,"column":25},"end":{"line":90,"column":42}},"30":{"start":{"line":93,"column":2},"end":{"line":96,"column":5}},"31":{"start":{"line":94,"column":4},"end":{"line":94,"column":36}},"32":{"start":{"line":95,"column":4},"end":{"line":95,"column":36}},"33":{"start":{"line":99,"column":24},"end":{"line":99,"column":79}},"34":{"start":{"line":99,"column":50},"end":{"line":99,"column":78}},"35":{"start":{"line":101,"column":2},"end":{"line":103,"column":3}},"36":{"start":{"line":102,"column":4},"end":{"line":102,"column":67}},"37":{"start":{"line":105,"column":2},"end":{"line":108,"column":4}}},"fnMap":{"0":{"name":"(anonymous_0)","decl":{"start":{"line":10,"column":26},"end":{"line":10,"column":27}},"loc":{"start":{"line":10,"column":40},"end":{"line":12,"column":1}},"line":10},"1":{"name":"(anonymous_1)","decl":{"start":{"line":17,"column":25},"end":{"line":17,"column":26}},"loc":{"start":{"line":17,"column":47},"end":{"line":19,"column":1}},"line":17},"2":{"name":"(anonymous_2)","decl":{"start":{"line":25,"column":38},"end":{"line":25,"column":39}},"loc":{"start":{"line":25,"column":72},"end":{"line":63,"column":1}},"line":25},"3":{"name":"(anonymous_3)","decl":{"start":{"line":39,"column":36},"end":{"line":39,"column":37}},"loc":{"start":{"line":39,"column":44},"end":{"line":50,"column":3}},"line":39},"4":{"name":"(anonymous_4)","decl":{"start":{"line":53,"column":36},"end":{"line":53,"column":37}},"loc":{"start":{"line":53,"column":44},"end":{"line":60,"column":3}},"line":53},"5":{"name":"(anonymous_5)","decl":{"start":{"line":68,"column":28},"end":{"line":68,"column":29}},"loc":{"start":{"line":68,"column":82},"end":{"line":109,"column":1}},"line":68},"6":{"name":"(anonymous_6)","decl":{"start":{"line":78,"column":35},"end":{"line":78,"column":36}},"loc":{"start":{"line":78,"column":43},"end":{"line":78,"column":64}},"line":78},"7":{"name":"(anonymous_7)","decl":{"start":{"line":79,"column":33},"end":{"line":79,"column":34}},"loc":{"start":{"line":79,"column":41},"end":{"line":79,"column":60}},"line":79},"8":{"name":"(anonymous_8)","decl":{"start":{"line":93,"column":21},"end":{"line":93,"column":22}},"loc":{"start":{"line":93,"column":29},"end":{"line":96,"column":3}},"line":93},"9":{"name":"(anonymous_9)","decl":{"start":{"line":99,"column":42},"end":{"line":99,"column":43}},"loc":{"start":{"line":99,"column":50},"end":{"line":99,"column":78}},"line":99}},"branchMap":{"0":{"loc":{"start":{"line":72,"column":2},"end":{"line":75,"column":3}},"type":"if","locations":[{"start":{"line":72,"column":2},"end":{"line":75,"column":3}},{"start":{},"end":{}}],"line":72},"1":{"loc":{"start":{"line":72,"column":6},"end":{"line":72,"column":44}},"type":"binary-expr","locations":[{"start":{"line":72,"column":6},"end":{"line":72,"column":17}},{"start":{"line":72,"column":21},"end":{"line":72,"column":44}}],"line":72},"2":{"loc":{"start":{"line":81,"column":2},"end":{"line":83,"column":3}},"type":"if","locations":[{"start":{"line":81,"column":2},"end":{"line":83,"column":3}},{"start":{},"end":{}}],"line":81},"3":{"loc":{"start":{"line":85,"column":2},"end":{"line":87,"column":3}},"type":"if","locations":[{"start":{"line":85,"column":2},"end":{"line":87,"column":3}},{"start":{},"end":{}}],"line":85},"4":{"loc":{"start":{"line":101,"column":2},"end":{"line":103,"column":3}},"type":"if","locations":[{"start":{"line":101,"column":2},"end":{"line":103,"column":3}},{"start":{},"end":{}}],"line":101}},"s":{"0":0,"1":0,"2":0,"3":0,"4":0,"5":0,"6":0,"7":0,"8":0,"9":0,"10":0,"11":0,"12":0,"13":0,"14":0,"15":0,"16":0,"17":0,"18":0,"19":0,"20":0,"21":0,"22":0,"23":0,"24":0,"25":0,"26":0,"27":0,"28":0,"29":0,"30":0,"31":0,"32":0,"33":0,"34":0,"35":0,"36":0,"37":0},"f":{"0":0,"1":0,"2":0,"3":0,"4":0,"5":0,"6":0,"7":0,"8":0,"9":0},"b":{"0":[0,0],"1":[0,0],"2":[0,0],"3":[0,0],"4":[0,0]}}
}
