{"/home/axw/projects/synapps/apps/web-frontend/src/components/CodeEditor/CodeEditor.css": {"path":"/home/axw/projects/synapps/apps/web-frontend/src/components/CodeEditor/CodeEditor.css","statementMap":{},"fnMap":{},"branchMap":{},"s":{},"f":{},"b":{},"meta":{"lastBranch":0,"lastFunction":0,"lastStatement":0,"seen":{}}}
,"/home/axw/projects/synapps/apps/web-frontend/src/components/CodeEditor/CodeEditor.tsx": {"path":"/home/axw/projects/synapps/apps/web-frontend/src/components/CodeEditor/CodeEditor.tsx","statementMap":{"0":{"start":{"line":19,"column":46},"end":{"line":221,"column":null}},"1":{"start":{"line":26,"column":22},"end":{"line":26,"column":null}},"2":{"start":{"line":27,"column":22},"end":{"line":27,"column":null}},"3":{"start":{"line":28,"column":34},"end":{"line":28,"column":null}},"4":{"start":{"line":29,"column":38},"end":{"line":29,"column":null}},"5":{"start":{"line":30,"column":30},"end":{"line":30,"column":null}},"6":{"start":{"line":31,"column":8},"end":{"line":31,"column":null}},"7":{"start":{"line":34,"column":31},"end":{"line":54,"column":null}},"8":{"start":{"line":35,"column":4},"end":{"line":35,"column":null}},"9":{"start":{"line":38,"column":4},"end":{"line":48,"column":null}},"10":{"start":{"line":51,"column":4},"end":{"line":53,"column":null}},"11":{"start":{"line":52,"column":6},"end":{"line":52,"column":null}},"12":{"start":{"line":57,"column":27},"end":{"line":61,"column":null}},"13":{"start":{"line":58,"column":4},"end":{"line":60,"column":null}},"14":{"start":{"line":59,"column":6},"end":{"line":59,"column":null}},"15":{"start":{"line":64,"column":35},"end":{"line":82,"column":null}},"16":{"start":{"line":65,"column":4},"end":{"line":65,"column":null}},"17":{"start":{"line":65,"column":40},"end":{"line":65,"column":null}},"18":{"start":{"line":67,"column":4},"end":{"line":67,"column":null}},"19":{"start":{"line":69,"column":4},"end":{"line":81,"column":null}},"20":{"start":{"line":70,"column":23},"end":{"line":73,"column":null}},"21":{"start":{"line":75,"column":6},"end":{"line":75,"column":null}},"22":{"start":{"line":76,"column":6},"end":{"line":76,"column":null}},"23":{"start":{"line":78,"column":6},"end":{"line":78,"column":null}},"24":{"start":{"line":80,"column":6},"end":{"line":80,"column":null}},"25":{"start":{"line":85,"column":32},"end":{"line":92,"column":null}},"26":{"start":{"line":86,"column":4},"end":{"line":91,"column":null}},"27":{"start":{"line":87,"column":6},"end":{"line":87,"column":null}},"28":{"start":{"line":88,"column":6},"end":{"line":88,"column":null}},"29":{"start":{"line":89,"column":6},"end":{"line":89,"column":null}},"30":{"start":{"line":90,"column":6},"end":{"line":90,"column":null}},"31":{"start":{"line":95,"column":21},"end":{"line":99,"column":null}},"32":{"start":{"line":96,"column":4},"end":{"line":98,"column":null}},"33":{"start":{"line":97,"column":6},"end":{"line":97,"column":null}},"34":{"start":{"line":101,"column":2},"end":{"line":219,"column":null}},"35":{"start":{"line":158,"column":33},"end":{"line":158,"column":null}},"36":{"start":{"line":172,"column":33},"end":{"line":172,"column":null}},"37":{"start":{"line":189,"column":16},"end":{"line":189,"column":null}},"38":{"start":{"line":190,"column":16},"end":{"line":190,"column":null}},"39":{"start":{"line":199,"column":16},"end":{"line":199,"column":null}},"40":{"start":{"line":200,"column":16},"end":{"line":200,"column":null}},"41":{"start":{"line":209,"column":16},"end":{"line":209,"column":null}},"42":{"start":{"line":210,"column":16},"end":{"line":210,"column":null}}},"fnMap":{"0":{"name":"(anonymous_0)","decl":{"start":{"line":19,"column":46},"end":{"line":19,"column":47}},"loc":{"start":{"line":25,"column":6},"end":{"line":221,"column":null}},"line":25},"1":{"name":"(anonymous_1)","decl":{"start":{"line":34,"column":31},"end":{"line":34,"column":32}},"loc":{"start":{"line":34,"column":95},"end":{"line":54,"column":null}},"line":34},"2":{"name":"(anonymous_2)","decl":{"start":{"line":51,"column":67},"end":{"line":51,"column":73}},"loc":{"start":{"line":51,"column":73},"end":{"line":53,"column":5}},"line":51},"3":{"name":"(anonymous_3)","decl":{"start":{"line":57,"column":27},"end":{"line":57,"column":28}},"loc":{"start":{"line":57,"column":58},"end":{"line":61,"column":null}},"line":57},"4":{"name":"(anonymous_4)","decl":{"start":{"line":64,"column":35},"end":{"line":64,"column":47}},"loc":{"start":{"line":64,"column":47},"end":{"line":82,"column":null}},"line":64},"5":{"name":"(anonymous_5)","decl":{"start":{"line":85,"column":32},"end":{"line":85,"column":38}},"loc":{"start":{"line":85,"column":38},"end":{"line":92,"column":null}},"line":85},"6":{"name":"(anonymous_6)","decl":{"start":{"line":95,"column":21},"end":{"line":95,"column":27}},"loc":{"start":{"line":95,"column":27},"end":{"line":99,"column":null}},"line":95},"7":{"name":"(anonymous_7)","decl":{"start":{"line":158,"column":27},"end":{"line":158,"column":33}},"loc":{"start":{"line":158,"column":33},"end":{"line":158,"column":null}},"line":158},"8":{"name":"(anonymous_8)","decl":{"start":{"line":172,"column":26},"end":{"line":172,"column":27}},"loc":{"start":{"line":172,"column":33},"end":{"line":172,"column":null}},"line":172},"9":{"name":"(anonymous_9)","decl":{"start":{"line":188,"column":23},"end":{"line":188,"column":29}},"loc":{"start":{"line":188,"column":29},"end":{"line":191,"column":null}},"line":188},"10":{"name":"(anonymous_10)","decl":{"start":{"line":198,"column":23},"end":{"line":198,"column":29}},"loc":{"start":{"line":198,"column":29},"end":{"line":201,"column":null}},"line":198},"11":{"name":"(anonymous_11)","decl":{"start":{"line":208,"column":23},"end":{"line":208,"column":29}},"loc":{"start":{"line":208,"column":29},"end":{"line":211,"column":null}},"line":208}},"branchMap":{"0":{"loc":{"start":{"line":22,"column":2},"end":{"line":22,"column":null}},"type":"default-arg","locations":[{"start":{"line":22,"column":13},"end":{"line":22,"column":null}}],"line":22},"1":{"loc":{"start":{"line":58,"column":4},"end":{"line":60,"column":null}},"type":"if","locations":[{"start":{"line":58,"column":4},"end":{"line":60,"column":null}},{"start":{},"end":{}}],"line":58},"2":{"loc":{"start":{"line":65,"column":4},"end":{"line":65,"column":null}},"type":"if","locations":[{"start":{"line":65,"column":4},"end":{"line":65,"column":null}},{"start":{},"end":{}}],"line":65},"3":{"loc":{"start":{"line":65,"column":8},"end":{"line":65,"column":40}},"type":"binary-expr","locations":[{"start":{"line":65,"column":8},"end":{"line":65,"column":17}},{"start":{"line":65,"column":17},"end":{"line":65,"column":26}},{"start":{"line":65,"column":26},"end":{"line":65,"column":40}}],"line":65},"4":{"loc":{"start":{"line":86,"column":4},"end":{"line":91,"column":null}},"type":"if","locations":[{"start":{"line":86,"column":4},"end":{"line":91,"column":null}},{"start":{},"end":{}}],"line":86},"5":{"loc":{"start":{"line":86,"column":8},"end":{"line":86,"column":41}},"type":"binary-expr","locations":[{"start":{"line":86,"column":8},"end":{"line":86,"column":22}},{"start":{"line":86,"column":22},"end":{"line":86,"column":41}}],"line":86},"6":{"loc":{"start":{"line":96,"column":4},"end":{"line":98,"column":null}},"type":"if","locations":[{"start":{"line":96,"column":4},"end":{"line":98,"column":null}},{"start":{},"end":{}}],"line":96},"7":{"loc":{"start":{"line":110,"column":11},"end":{"line":116,"column":null}},"type":"binary-expr","locations":[{"start":{"line":110,"column":11},"end":{"line":110,"column":null}},{"start":{"line":111,"column":12},"end":{"line":116,"column":null}}],"line":110},"8":{"loc":{"start":{"line":119,"column":11},"end":{"line":125,"column":null}},"type":"binary-expr","locations":[{"start":{"line":119,"column":11},"end":{"line":119,"column":null}},{"start":{"line":120,"column":12},"end":{"line":125,"column":null}}],"line":119},"9":{"loc":{"start":{"line":134,"column":17},"end":{"line":134,"column":null}},"type":"cond-expr","locations":[{"start":{"line":134,"column":28},"end":{"line":134,"column":41}},{"start":{"line":134,"column":41},"end":{"line":134,"column":null}}],"line":134},"10":{"loc":{"start":{"line":138,"column":22},"end":{"line":138,"column":null}},"type":"binary-expr","locations":[{"start":{"line":138,"column":22},"end":{"line":138,"column":34}},{"start":{"line":138,"column":34},"end":{"line":138,"column":null}}],"line":138},"11":{"loc":{"start":{"line":144,"column":7},"end":{"line":217,"column":null}},"type":"binary-expr","locations":[{"start":{"line":144,"column":7},"end":{"line":144,"column":null}},{"start":{"line":145,"column":8},"end":{"line":217,"column":null}}],"line":144},"12":{"loc":{"start":{"line":148,"column":13},"end":{"line":162,"column":null}},"type":"binary-expr","locations":[{"start":{"line":148,"column":13},"end":{"line":148,"column":null}},{"start":{"line":149,"column":14},"end":{"line":162,"column":null}}],"line":148},"13":{"loc":{"start":{"line":166,"column":11},"end":{"line":182,"column":null}},"type":"binary-expr","locations":[{"start":{"line":166,"column":11},"end":{"line":166,"column":null}},{"start":{"line":167,"column":12},"end":{"line":182,"column":null}}],"line":166},"14":{"loc":{"start":{"line":178,"column":26},"end":{"line":178,"column":null}},"type":"binary-expr","locations":[{"start":{"line":178,"column":26},"end":{"line":178,"column":35}},{"start":{"line":178,"column":35},"end":{"line":178,"column":null}}],"line":178},"15":{"loc":{"start":{"line":180,"column":17},"end":{"line":180,"column":null}},"type":"cond-expr","locations":[{"start":{"line":180,"column":32},"end":{"line":180,"column":50}},{"start":{"line":180,"column":50},"end":{"line":180,"column":null}}],"line":180},"16":{"loc":{"start":{"line":192,"column":24},"end":{"line":192,"column":null}},"type":"binary-expr","locations":[{"start":{"line":192,"column":24},"end":{"line":192,"column":40}},{"start":{"line":192,"column":40},"end":{"line":192,"column":null}}],"line":192},"17":{"loc":{"start":{"line":202,"column":24},"end":{"line":202,"column":null}},"type":"binary-expr","locations":[{"start":{"line":202,"column":24},"end":{"line":202,"column":40}},{"start":{"line":202,"column":40},"end":{"line":202,"column":null}}],"line":202},"18":{"loc":{"start":{"line":212,"column":24},"end":{"line":212,"column":null}},"type":"binary-expr","locations":[{"start":{"line":212,"column":24},"end":{"line":212,"column":40}},{"start":{"line":212,"column":40},"end":{"line":212,"column":null}}],"line":212}},"s":{"0":1,"1":55,"2":55,"3":55,"4":55,"5":55,"6":55,"7":55,"8":54,"9":54,"10":54,"11":1,"12":55,"13":1,"14":1,"15":55,"16":3,"17":0,"18":3,"19":3,"20":3,"21":2,"22":2,"23":1,"24":3,"25":55,"26":1,"27":1,"28":1,"29":1,"30":1,"31":55,"32":3,"33":3,"34":55,"35":1,"36":38,"37":0,"38":0,"39":0,"40":0,"41":0,"42":0},"f":{"0":55,"1":54,"2":1,"3":1,"4":3,"5":1,"6":3,"7":1,"8":38,"9":0,"10":0,"11":0},"b":{"0":[55],"1":[1,0],"2":[0,3],"3":[3,3,3],"4":[1,0],"5":[1,1],"6":[3,0],"7":[55,53],"8":[55,1],"9":[2,52],"10":[55,53],"11":[55,53],"12":[53,2],"13":[53,51],"14":[51,44],"15":[3,48],"16":[53,50],"17":[53,50],"18":[53,50]},"meta":{"lastBranch":19,"lastFunction":12,"lastStatement":43,"seen":{"s:19:46:221:Infinity":0,"f:19:46:19:47":0,"b:22:13:22:Infinity":0,"s:26:22:26:Infinity":1,"s:27:22:27:Infinity":2,"s:28:34:28:Infinity":3,"s:29:38:29:Infinity":4,"s:30:30:30:Infinity":5,"s:31:8:31:Infinity":6,"s:34:31:54:Infinity":7,"f:34:31:34:32":1,"s:35:4:35:Infinity":8,"s:38:4:48:Infinity":9,"s:51:4:53:Infinity":10,"f:51:67:51:73":2,"s:52:6:52:Infinity":11,"s:57:27:61:Infinity":12,"f:57:27:57:28":3,"b:58:4:60:Infinity:undefined:undefined:undefined:undefined":1,"s:58:4:60:Infinity":13,"s:59:6:59:Infinity":14,"s:64:35:82:Infinity":15,"f:64:35:64:47":4,"b:65:4:65:Infinity:undefined:undefined:undefined:undefined":2,"s:65:4:65:Infinity":16,"b:65:8:65:17:65:17:65:26:65:26:65:40":3,"s:65:40:65:Infinity":17,"s:67:4:67:Infinity":18,"s:69:4:81:Infinity":19,"s:70:23:73:Infinity":20,"s:75:6:75:Infinity":21,"s:76:6:76:Infinity":22,"s:78:6:78:Infinity":23,"s:80:6:80:Infinity":24,"s:85:32:92:Infinity":25,"f:85:32:85:38":5,"b:86:4:91:Infinity:undefined:undefined:undefined:undefined":4,"s:86:4:91:Infinity":26,"b:86:8:86:22:86:22:86:41":5,"s:87:6:87:Infinity":27,"s:88:6:88:Infinity":28,"s:89:6:89:Infinity":29,"s:90:6:90:Infinity":30,"s:95:21:99:Infinity":31,"f:95:21:95:27":6,"b:96:4:98:Infinity:undefined:undefined:undefined:undefined":6,"s:96:4:98:Infinity":32,"s:97:6:97:Infinity":33,"s:101:2:219:Infinity":34,"b:110:11:110:Infinity:111:12:116:Infinity":7,"b:119:11:119:Infinity:120:12:125:Infinity":8,"b:134:28:134:41:134:41:134:Infinity":9,"b:138:22:138:34:138:34:138:Infinity":10,"b:144:7:144:Infinity:145:8:217:Infinity":11,"b:148:13:148:Infinity:149:14:162:Infinity":12,"f:158:27:158:33":7,"s:158:33:158:Infinity":35,"b:166:11:166:Infinity:167:12:182:Infinity":13,"f:172:26:172:27":8,"s:172:33:172:Infinity":36,"b:178:26:178:35:178:35:178:Infinity":14,"b:180:32:180:50:180:50:180:Infinity":15,"f:188:23:188:29":9,"s:189:16:189:Infinity":37,"s:190:16:190:Infinity":38,"b:192:24:192:40:192:40:192:Infinity":16,"f:198:23:198:29":10,"s:199:16:199:Infinity":39,"s:200:16:200:Infinity":40,"b:202:24:202:40:202:40:202:Infinity":17,"f:208:23:208:29":11,"s:209:16:209:Infinity":41,"s:210:16:210:Infinity":42,"b:212:24:212:40:212:40:212:Infinity":18}}}
,"/home/axw/projects/synapps/apps/web-frontend/src/components/TemplateLoader/TemplateLoader.css": {"path":"/home/axw/projects/synapps/apps/web-frontend/src/components/TemplateLoader/TemplateLoader.css","statementMap":{},"fnMap":{},"branchMap":{},"s":{},"f":{},"b":{},"meta":{"lastBranch":0,"lastFunction":0,"lastStatement":0,"seen":{}}}
,"/home/axw/projects/synapps/apps/web-frontend/src/components/TemplateLoader/TemplateLoader.tsx": {"path":"/home/axw/projects/synapps/apps/web-frontend/src/components/TemplateLoader/TemplateLoader.tsx","statementMap":{"0":{"start":{"line":16,"column":54},"end":{"line":66,"column":null}},"1":{"start":{"line":17,"column":46},"end":{"line":17,"column":null}},"2":{"start":{"line":19,"column":30},"end":{"line":21,"column":null}},"3":{"start":{"line":20,"column":4},"end":{"line":20,"column":null}},"4":{"start":{"line":23,"column":27},"end":{"line":28,"column":null}},"5":{"start":{"line":24,"column":4},"end":{"line":27,"column":null}},"6":{"start":{"line":25,"column":12},"end":{"line":25,"column":null}},"7":{"start":{"line":26,"column":6},"end":{"line":26,"column":null}},"8":{"start":{"line":30,"column":2},"end":{"line":64,"column":null}},"9":{"start":{"line":39,"column":10},"end":{"line":51,"column":null}},"10":{"start":{"line":42,"column":27},"end":{"line":42,"column":null}},"11":{"start":{"line":48,"column":16},"end":{"line":48,"column":null}}},"fnMap":{"0":{"name":"(anonymous_0)","decl":{"start":{"line":16,"column":54},"end":{"line":16,"column":55}},"loc":{"start":{"line":16,"column":89},"end":{"line":66,"column":null}},"line":16},"1":{"name":"(anonymous_1)","decl":{"start":{"line":19,"column":30},"end":{"line":19,"column":31}},"loc":{"start":{"line":19,"column":58},"end":{"line":21,"column":null}},"line":19},"2":{"name":"(anonymous_2)","decl":{"start":{"line":23,"column":27},"end":{"line":23,"column":33}},"loc":{"start":{"line":23,"column":33},"end":{"line":28,"column":null}},"line":23},"3":{"name":"(anonymous_3)","decl":{"start":{"line":38,"column":23},"end":{"line":38,"column":null}},"loc":{"start":{"line":39,"column":10},"end":{"line":51,"column":null}},"line":39},"4":{"name":"(anonymous_4)","decl":{"start":{"line":42,"column":21},"end":{"line":42,"column":27}},"loc":{"start":{"line":42,"column":27},"end":{"line":42,"column":null}},"line":42},"5":{"name":"(anonymous_5)","decl":{"start":{"line":47,"column":33},"end":{"line":47,"column":null}},"loc":{"start":{"line":48,"column":16},"end":{"line":48,"column":null}},"line":48}},"branchMap":{"0":{"loc":{"start":{"line":24,"column":4},"end":{"line":27,"column":null}},"type":"if","locations":[{"start":{"line":24,"column":4},"end":{"line":27,"column":null}},{"start":{},"end":{}}],"line":24},"1":{"loc":{"start":{"line":41,"column":40},"end":{"line":41,"column":94}},"type":"cond-expr","locations":[{"start":{"line":41,"column":79},"end":{"line":41,"column":92}},{"start":{"line":41,"column":92},"end":{"line":41,"column":94}}],"line":41}},"s":{"0":1,"1":10,"2":10,"3":4,"4":10,"5":1,"6":1,"7":1,"8":10,"9":20,"10":4,"11":30},"f":{"0":10,"1":4,"2":1,"3":20,"4":4,"5":30},"b":{"0":[1,0],"1":[4,16]},"meta":{"lastBranch":2,"lastFunction":6,"lastStatement":12,"seen":{"s:16:54:66:Infinity":0,"f:16:54:16:55":0,"s:17:46:17:Infinity":1,"s:19:30:21:Infinity":2,"f:19:30:19:31":1,"s:20:4:20:Infinity":3,"s:23:27:28:Infinity":4,"f:23:27:23:33":2,"b:24:4:27:Infinity:undefined:undefined:undefined:undefined":0,"s:24:4:27:Infinity":5,"s:25:12:25:Infinity":6,"s:26:6:26:Infinity":7,"s:30:2:64:Infinity":8,"f:38:23:38:Infinity":3,"s:39:10:51:Infinity":9,"b:41:79:41:92:41:92:41:94":1,"f:42:21:42:27":4,"s:42:27:42:Infinity":10,"f:47:33:47:Infinity":5,"s:48:16:48:Infinity":11}}}
,"/home/axw/projects/synapps/apps/web-frontend/src/components/WorkflowCanvas/NodeContextMenu.css": {"path":"/home/axw/projects/synapps/apps/web-frontend/src/components/WorkflowCanvas/NodeContextMenu.css","statementMap":{},"fnMap":{},"branchMap":{},"s":{},"f":{},"b":{},"meta":{"lastBranch":0,"lastFunction":0,"lastStatement":0,"seen":{}}}
,"/home/axw/projects/synapps/apps/web-frontend/src/components/WorkflowCanvas/WorkflowCanvas.css": {"path":"/home/axw/projects/synapps/apps/web-frontend/src/components/WorkflowCanvas/WorkflowCanvas.css","statementMap":{},"fnMap":{},"branchMap":{},"s":{},"f":{},"b":{},"meta":{"lastBranch":0,"lastFunction":0,"lastStatement":0,"seen":{}}}
,"/home/axw/projects/synapps/apps/web-frontend/src/components/WorkflowCanvas/WorkflowCanvas.tsx": {"path":"/home/axw/projects/synapps/apps/web-frontend/src/components/WorkflowCanvas/WorkflowCanvas.tsx","statementMap":{"0":{"start":{"line":50,"column":18},"end":{"line":57,"column":null}},"1":{"start":{"line":59,"column":54},"end":{"line":838,"column":null}},"2":{"start":{"line":60,"column":8},"end":{"line":60,"column":null}},"3":{"start":{"line":60,"column":48},"end":{"line":60,"column":58}},"4":{"start":{"line":61,"column":8},"end":{"line":61,"column":null}},"5":{"start":{"line":61,"column":51},"end":{"line":61,"column":64}},"6":{"start":{"line":63,"column":4},"end":{"line":70,"column":null}},"7":{"start":{"line":71,"column":26},"end":{"line":71,"column":null}},"8":{"start":{"line":71,"column":70},"end":{"line":71,"column":null}},"9":{"start":{"line":74,"column":24},"end":{"line":74,"column":null}},"10":{"start":{"line":75,"column":24},"end":{"line":75,"column":null}},"11":{"start":{"line":76,"column":31},"end":{"line":76,"column":null}},"12":{"start":{"line":77,"column":8},"end":{"line":77,"column":null}},"13":{"start":{"line":77,"column":49},"end":{"line":77,"column":64}},"14":{"start":{"line":78,"column":8},"end":{"line":78,"column":null}},"15":{"start":{"line":78,"column":52},"end":{"line":78,"column":70}},"16":{"start":{"line":79,"column":8},"end":{"line":79,"column":null}},"17":{"start":{"line":79,"column":54},"end":{"line":79,"column":74}},"18":{"start":{"line":80,"column":8},"end":{"line":80,"column":null}},"19":{"start":{"line":80,"column":57},"end":{"line":80,"column":80}},"20":{"start":{"line":83,"column":36},"end":{"line":93,"column":null}},"21":{"start":{"line":96,"column":36},"end":{"line":106,"column":null}},"22":{"start":{"line":109,"column":8},"end":{"line":109,"column":null}},"23":{"start":{"line":112,"column":8},"end":{"line":112,"column":null}},"24":{"start":{"line":113,"column":48},"end":{"line":113,"column":null}},"25":{"start":{"line":116,"column":8},"end":{"line":122,"column":null}},"26":{"start":{"line":125,"column":8},"end":{"line":125,"column":null}},"27":{"start":{"line":128,"column":2},"end":{"line":203,"column":null}},"28":{"start":{"line":130,"column":4},"end":{"line":130,"column":null}},"29":{"start":{"line":130,"column":39},"end":{"line":130,"column":null}},"30":{"start":{"line":132,"column":26},"end":{"line":132,"column":null}},"31":{"start":{"line":133,"column":4},"end":{"line":133,"column":null}},"32":{"start":{"line":136,"column":4},"end":{"line":202,"column":null}},"33":{"start":{"line":138,"column":26},"end":{"line":145,"column":null}},"34":{"start":{"line":140,"column":41},"end":{"line":140,"column":73}},"35":{"start":{"line":142,"column":10},"end":{"line":143,"column":null}},"36":{"start":{"line":146,"column":6},"end":{"line":146,"column":null}},"37":{"start":{"line":147,"column":4},"end":{"line":202,"column":null}},"38":{"start":{"line":150,"column":26},"end":{"line":166,"column":null}},"39":{"start":{"line":153,"column":30},"end":{"line":153,"column":null}},"40":{"start":{"line":153,"column":61},"end":{"line":153,"column":77}},"41":{"start":{"line":154,"column":10},"end":{"line":163,"column":null}},"42":{"start":{"line":155,"column":12},"end":{"line":162,"column":null}},"43":{"start":{"line":164,"column":10},"end":{"line":164,"column":null}},"44":{"start":{"line":167,"column":6},"end":{"line":167,"column":null}},"45":{"start":{"line":168,"column":4},"end":{"line":202,"column":null}},"46":{"start":{"line":171,"column":26},"end":{"line":183,"column":null}},"47":{"start":{"line":174,"column":31},"end":{"line":174,"column":null}},"48":{"start":{"line":174,"column":52},"end":{"line":174,"column":68}},"49":{"start":{"line":175,"column":10},"end":{"line":180,"column":null}},"50":{"start":{"line":176,"column":12},"end":{"line":179,"column":null}},"51":{"start":{"line":181,"column":10},"end":{"line":181,"column":null}},"52":{"start":{"line":184,"column":6},"end":{"line":184,"column":null}},"53":{"start":{"line":185,"column":4},"end":{"line":202,"column":null}},"54":{"start":{"line":188,"column":22},"end":{"line":194,"column":null}},"55":{"start":{"line":196,"column":26},"end":{"line":199,"column":null}},"56":{"start":{"line":201,"column":6},"end":{"line":201,"column":null}},"57":{"start":{"line":206,"column":2},"end":{"line":248,"column":null}},"58":{"start":{"line":208,"column":27},"end":{"line":208,"column":null}},"59":{"start":{"line":211,"column":4},"end":{"line":213,"column":null}},"60":{"start":{"line":212,"column":6},"end":{"line":212,"column":null}},"61":{"start":{"line":216,"column":4},"end":{"line":216,"column":null}},"62":{"start":{"line":219,"column":20},"end":{"line":235,"column":null}},"63":{"start":{"line":219,"column":44},"end":{"line":235,"column":6}},"64":{"start":{"line":238,"column":20},"end":{"line":243,"column":null}},"65":{"start":{"line":238,"column":44},"end":{"line":243,"column":6}},"66":{"start":{"line":246,"column":4},"end":{"line":246,"column":null}},"67":{"start":{"line":247,"column":4},"end":{"line":247,"column":null}},"68":{"start":{"line":251,"column":8},"end":{"line":283,"column":null}},"69":{"start":{"line":253,"column":6},"end":{"line":253,"column":null}},"70":{"start":{"line":253,"column":20},"end":{"line":253,"column":null}},"71":{"start":{"line":255,"column":6},"end":{"line":280,"column":null}},"72":{"start":{"line":256,"column":14},"end":{"line":256,"column":null}},"73":{"start":{"line":259,"column":33},"end":{"line":259,"column":null}},"74":{"start":{"line":259,"column":56},"end":{"line":259,"column":80}},"75":{"start":{"line":260,"column":8},"end":{"line":271,"column":null}},"76":{"start":{"line":262,"column":25},"end":{"line":262,"column":null}},"77":{"start":{"line":265,"column":10},"end":{"line":268,"column":null}},"78":{"start":{"line":270,"column":10},"end":{"line":270,"column":null}},"79":{"start":{"line":274,"column":8},"end":{"line":277,"column":null}},"80":{"start":{"line":279,"column":8},"end":{"line":279,"column":null}},"81":{"start":{"line":286,"column":8},"end":{"line":303,"column":null}},"82":{"start":{"line":288,"column":6},"end":{"line":288,"column":null}},"83":{"start":{"line":288,"column":20},"end":{"line":288,"column":null}},"84":{"start":{"line":290,"column":6},"end":{"line":300,"column":null}},"85":{"start":{"line":291,"column":14},"end":{"line":291,"column":null}},"86":{"start":{"line":294,"column":8},"end":{"line":297,"column":null}},"87":{"start":{"line":299,"column":8},"end":{"line":299,"column":null}},"88":{"start":{"line":306,"column":8},"end":{"line":330,"column":null}},"89":{"start":{"line":308,"column":6},"end":{"line":308,"column":null}},"90":{"start":{"line":308,"column":20},"end":{"line":308,"column":null}},"91":{"start":{"line":311,"column":6},"end":{"line":314,"column":null}},"92":{"start":{"line":317,"column":22},"end":{"line":323,"column":null}},"93":{"start":{"line":325,"column":6},"end":{"line":327,"column":null}},"94":{"start":{"line":326,"column":8},"end":{"line":326,"column":null}},"95":{"start":{"line":333,"column":2},"end":{"line":419,"column":null}},"96":{"start":{"line":334,"column":24},"end":{"line":414,"column":null}},"97":{"start":{"line":336,"column":6},"end":{"line":413,"column":null}},"98":{"start":{"line":337,"column":8},"end":{"line":337,"column":null}},"99":{"start":{"line":340,"column":8},"end":{"line":354,"column":null}},"100":{"start":{"line":341,"column":10},"end":{"line":341,"column":null}},"101":{"start":{"line":344,"column":10},"end":{"line":353,"column":null}},"102":{"start":{"line":346,"column":32},"end":{"line":348,"column":null}},"103":{"start":{"line":347,"column":14},"end":{"line":347,"column":null}},"104":{"start":{"line":350,"column":12},"end":{"line":352,"column":null}},"105":{"start":{"line":351,"column":14},"end":{"line":351,"column":null}},"106":{"start":{"line":357,"column":8},"end":{"line":390,"column":null}},"107":{"start":{"line":358,"column":10},"end":{"line":389,"column":null}},"108":{"start":{"line":360,"column":12},"end":{"line":365,"column":null}},"109":{"start":{"line":361,"column":14},"end":{"line":364,"column":null}},"110":{"start":{"line":368,"column":12},"end":{"line":374,"column":null}},"111":{"start":{"line":370,"column":14},"end":{"line":373,"column":null}},"112":{"start":{"line":377,"column":12},"end":{"line":382,"column":null}},"113":{"start":{"line":378,"column":14},"end":{"line":381,"column":null}},"114":{"start":{"line":385,"column":12},"end":{"line":388,"column":null}},"115":{"start":{"line":393,"column":29},"end":{"line":407,"column":null}},"116":{"start":{"line":395,"column":29},"end":{"line":395,"column":null}},"117":{"start":{"line":395,"column":48},"end":{"line":395,"column":71}},"118":{"start":{"line":398,"column":10},"end":{"line":404,"column":null}},"119":{"start":{"line":400,"column":12},"end":{"line":403,"column":null}},"120":{"start":{"line":406,"column":10},"end":{"line":406,"column":null}},"121":{"start":{"line":409,"column":8},"end":{"line":409,"column":null}},"122":{"start":{"line":412,"column":8},"end":{"line":412,"column":null}},"123":{"start":{"line":416,"column":4},"end":{"line":418,"column":null}},"124":{"start":{"line":417,"column":6},"end":{"line":417,"column":null}},"125":{"start":{"line":422,"column":26},"end":{"line":455,"column":null}},"126":{"start":{"line":424,"column":4},"end":{"line":426,"column":null}},"127":{"start":{"line":425,"column":6},"end":{"line":425,"column":null}},"128":{"start":{"line":429,"column":21},"end":{"line":432,"column":null}},"129":{"start":{"line":435,"column":4},"end":{"line":451,"column":null}},"130":{"start":{"line":436,"column":26},"end":{"line":438,"column":null}},"131":{"start":{"line":440,"column":6},"end":{"line":450,"column":null}},"132":{"start":{"line":442,"column":8},"end":{"line":449,"column":null}},"133":{"start":{"line":454,"column":4},"end":{"line":454,"column":null}},"134":{"start":{"line":458,"column":8},"end":{"line":495,"column":null}},"135":{"start":{"line":460,"column":6},"end":{"line":460,"column":null}},"136":{"start":{"line":462,"column":6},"end":{"line":462,"column":null}},"137":{"start":{"line":462,"column":20},"end":{"line":462,"column":null}},"138":{"start":{"line":464,"column":6},"end":{"line":492,"column":null}},"139":{"start":{"line":465,"column":25},"end":{"line":465,"column":null}},"140":{"start":{"line":467,"column":8},"end":{"line":467,"column":null}},"141":{"start":{"line":467,"column":23},"end":{"line":467,"column":null}},"142":{"start":{"line":469,"column":21},"end":{"line":469,"column":null}},"143":{"start":{"line":470,"column":25},"end":{"line":473,"column":null}},"144":{"start":{"line":475,"column":14},"end":{"line":475,"column":null}},"145":{"start":{"line":478,"column":28},"end":{"line":489,"column":null}},"146":{"start":{"line":491,"column":8},"end":{"line":491,"column":null}},"147":{"start":{"line":498,"column":8},"end":{"line":501,"column":null}},"148":{"start":{"line":499,"column":4},"end":{"line":499,"column":null}},"149":{"start":{"line":500,"column":4},"end":{"line":500,"column":null}},"150":{"start":{"line":504,"column":8},"end":{"line":535,"column":null}},"151":{"start":{"line":505,"column":4},"end":{"line":505,"column":null}},"152":{"start":{"line":505,"column":18},"end":{"line":505,"column":null}},"153":{"start":{"line":508,"column":26},"end":{"line":508,"column":null}},"154":{"start":{"line":508,"column":47},"end":{"line":508,"column":60}},"155":{"start":{"line":510,"column":4},"end":{"line":534,"column":null}},"156":{"start":{"line":512,"column":30},"end":{"line":512,"column":null}},"157":{"start":{"line":512,"column":56},"end":{"line":512,"column":63}},"158":{"start":{"line":515,"column":27},"end":{"line":517,"column":null}},"159":{"start":{"line":516,"column":16},"end":{"line":516,"column":null}},"160":{"start":{"line":520,"column":27},"end":{"line":524,"column":null}},"161":{"start":{"line":522,"column":10},"end":{"line":523,"column":null}},"162":{"start":{"line":527,"column":26},"end":{"line":531,"column":null}},"163":{"start":{"line":533,"column":6},"end":{"line":533,"column":null}},"164":{"start":{"line":538,"column":8},"end":{"line":566,"column":null}},"165":{"start":{"line":539,"column":4},"end":{"line":539,"column":null}},"166":{"start":{"line":539,"column":29},"end":{"line":539,"column":null}},"167":{"start":{"line":542,"column":25},"end":{"line":542,"column":null}},"168":{"start":{"line":542,"column":51},"end":{"line":542,"column":69}},"169":{"start":{"line":545,"column":25},"end":{"line":547,"column":null}},"170":{"start":{"line":546,"column":14},"end":{"line":546,"column":null}},"171":{"start":{"line":550,"column":25},"end":{"line":552,"column":null}},"172":{"start":{"line":551,"column":14},"end":{"line":551,"column":null}},"173":{"start":{"line":554,"column":4},"end":{"line":556,"column":null}},"174":{"start":{"line":559,"column":24},"end":{"line":563,"column":null}},"175":{"start":{"line":565,"column":4},"end":{"line":565,"column":null}},"176":{"start":{"line":569,"column":8},"end":{"line":571,"column":null}},"177":{"start":{"line":570,"column":4},"end":{"line":570,"column":null}},"178":{"start":{"line":570,"column":28},"end":{"line":570,"column":72}},"179":{"start":{"line":574,"column":8},"end":{"line":592,"column":null}},"180":{"start":{"line":575,"column":4},"end":{"line":575,"column":null}},"181":{"start":{"line":575,"column":29},"end":{"line":575,"column":null}},"182":{"start":{"line":578,"column":17},"end":{"line":578,"column":null}},"183":{"start":{"line":578,"column":41},"end":{"line":578,"column":59}},"184":{"start":{"line":580,"column":4},"end":{"line":591,"column":null}},"185":{"start":{"line":582,"column":6},"end":{"line":582,"column":null}},"186":{"start":{"line":585,"column":6},"end":{"line":590,"column":null}},"187":{"start":{"line":595,"column":8},"end":{"line":649,"column":null}},"188":{"start":{"line":596,"column":4},"end":{"line":596,"column":null}},"189":{"start":{"line":596,"column":29},"end":{"line":596,"column":null}},"190":{"start":{"line":598,"column":4},"end":{"line":598,"column":null}},"191":{"start":{"line":601,"column":25},"end":{"line":601,"column":null}},"192":{"start":{"line":601,"column":49},"end":{"line":601,"column":67}},"193":{"start":{"line":602,"column":4},"end":{"line":605,"column":null}},"194":{"start":{"line":603,"column":6},"end":{"line":603,"column":null}},"195":{"start":{"line":604,"column":6},"end":{"line":604,"column":null}},"196":{"start":{"line":608,"column":25},"end":{"line":621,"column":null}},"197":{"start":{"line":609,"column":6},"end":{"line":619,"column":null}},"198":{"start":{"line":610,"column":8},"end":{"line":618,"column":null}},"199":{"start":{"line":620,"column":6},"end":{"line":620,"column":null}},"200":{"start":{"line":624,"column":24},"end":{"line":627,"column":null}},"201":{"start":{"line":629,"column":4},"end":{"line":629,"column":null}},"202":{"start":{"line":632,"column":4},"end":{"line":632,"column":null}},"203":{"start":{"line":635,"column":4},"end":{"line":648,"column":null}},"204":{"start":{"line":636,"column":6},"end":{"line":647,"column":null}},"205":{"start":{"line":637,"column":8},"end":{"line":645,"column":null}},"206":{"start":{"line":638,"column":10},"end":{"line":644,"column":null}},"207":{"start":{"line":646,"column":8},"end":{"line":646,"column":null}},"208":{"start":{"line":652,"column":8},"end":{"line":667,"column":null}},"209":{"start":{"line":654,"column":6},"end":{"line":654,"column":null}},"210":{"start":{"line":654,"column":20},"end":{"line":654,"column":null}},"211":{"start":{"line":657,"column":6},"end":{"line":659,"column":null}},"212":{"start":{"line":658,"column":8},"end":{"line":658,"column":null}},"213":{"start":{"line":662,"column":6},"end":{"line":664,"column":null}},"214":{"start":{"line":663,"column":8},"end":{"line":663,"column":null}},"215":{"start":{"line":670,"column":8},"end":{"line":691,"column":null}},"216":{"start":{"line":671,"column":4},"end":{"line":671,"column":null}},"217":{"start":{"line":671,"column":18},"end":{"line":671,"column":null}},"218":{"start":{"line":674,"column":24},"end":{"line":688,"column":null}},"219":{"start":{"line":677,"column":8},"end":{"line":685,"column":null}},"220":{"start":{"line":678,"column":10},"end":{"line":684,"column":null}},"221":{"start":{"line":686,"column":8},"end":{"line":686,"column":null}},"222":{"start":{"line":690,"column":4},"end":{"line":690,"column":null}},"223":{"start":{"line":694,"column":8},"end":{"line":717,"column":null}},"224":{"start":{"line":695,"column":4},"end":{"line":695,"column":null}},"225":{"start":{"line":695,"column":18},"end":{"line":695,"column":null}},"226":{"start":{"line":698,"column":17},"end":{"line":698,"column":null}},"227":{"start":{"line":698,"column":38},"end":{"line":698,"column":53}},"228":{"start":{"line":699,"column":4},"end":{"line":699,"column":null}},"229":{"start":{"line":699,"column":15},"end":{"line":699,"column":null}},"230":{"start":{"line":704,"column":24},"end":{"line":704,"column":null}},"231":{"start":{"line":705,"column":4},"end":{"line":707,"column":null}},"232":{"start":{"line":706,"column":6},"end":{"line":706,"column":null}},"233":{"start":{"line":710,"column":25},"end":{"line":710,"column":null}},"234":{"start":{"line":711,"column":4},"end":{"line":716,"column":null}},"235":{"start":{"line":713,"column":6},"end":{"line":713,"column":null}},"236":{"start":{"line":715,"column":6},"end":{"line":715,"column":null}},"237":{"start":{"line":720,"column":8},"end":{"line":742,"column":null}},"238":{"start":{"line":723,"column":6},"end":{"line":723,"column":null}},"239":{"start":{"line":725,"column":6},"end":{"line":725,"column":null}},"240":{"start":{"line":725,"column":20},"end":{"line":725,"column":null}},"241":{"start":{"line":728,"column":26},"end":{"line":728,"column":null}},"242":{"start":{"line":731,"column":23},"end":{"line":731,"column":null}},"243":{"start":{"line":734,"column":6},"end":{"line":739,"column":null}},"244":{"start":{"line":746,"column":2},"end":{"line":836,"column":null}},"245":{"start":{"line":773,"column":14},"end":{"line":773,"column":null}},"246":{"start":{"line":773,"column":48},"end":{"line":773,"column":null}},"247":{"start":{"line":774,"column":14},"end":{"line":774,"column":null}},"248":{"start":{"line":774,"column":48},"end":{"line":774,"column":null}},"249":{"start":{"line":775,"column":14},"end":{"line":775,"column":null}},"250":{"start":{"line":775,"column":46},"end":{"line":775,"column":null}},"251":{"start":{"line":776,"column":14},"end":{"line":776,"column":null}},"252":{"start":{"line":779,"column":14},"end":{"line":779,"column":null}},"253":{"start":{"line":779,"column":38},"end":{"line":779,"column":null}},"254":{"start":{"line":780,"column":14},"end":{"line":780,"column":null}},"255":{"start":{"line":780,"column":36},"end":{"line":780,"column":null}},"256":{"start":{"line":781,"column":14},"end":{"line":781,"column":null}},"257":{"start":{"line":781,"column":39},"end":{"line":781,"column":null}},"258":{"start":{"line":782,"column":14},"end":{"line":782,"column":null}},"259":{"start":{"line":782,"column":39},"end":{"line":782,"column":null}},"260":{"start":{"line":783,"column":14},"end":{"line":783,"column":null}},"261":{"start":{"line":783,"column":39},"end":{"line":783,"column":null}},"262":{"start":{"line":784,"column":14},"end":{"line":784,"column":null}},"263":{"start":{"line":833,"column":23},"end":{"line":833,"column":null}},"264":{"start":{"line":841,"column":66},"end":{"line":847,"column":null}},"265":{"start":{"line":842,"column":2},"end":{"line":845,"column":null}}},"fnMap":{"0":{"name":"(anonymous_0)","decl":{"start":{"line":59,"column":54},"end":{"line":59,"column":55}},"loc":{"start":{"line":59,"column":128},"end":{"line":838,"column":null}},"line":59},"1":{"name":"(anonymous_1)","decl":{"start":{"line":60,"column":37},"end":{"line":60,"column":38}},"loc":{"start":{"line":60,"column":48},"end":{"line":60,"column":58}},"line":60},"2":{"name":"(anonymous_2)","decl":{"start":{"line":61,"column":40},"end":{"line":61,"column":41}},"loc":{"start":{"line":61,"column":51},"end":{"line":61,"column":64}},"line":61},"3":{"name":"(anonymous_3)","decl":{"start":{"line":71,"column":47},"end":{"line":71,"column":48}},"loc":{"start":{"line":71,"column":70},"end":{"line":71,"column":null}},"line":71},"4":{"name":"(anonymous_4)","decl":{"start":{"line":77,"column":38},"end":{"line":77,"column":39}},"loc":{"start":{"line":77,"column":49},"end":{"line":77,"column":64}},"line":77},"5":{"name":"(anonymous_5)","decl":{"start":{"line":78,"column":41},"end":{"line":78,"column":42}},"loc":{"start":{"line":78,"column":52},"end":{"line":78,"column":70}},"line":78},"6":{"name":"(anonymous_6)","decl":{"start":{"line":79,"column":43},"end":{"line":79,"column":44}},"loc":{"start":{"line":79,"column":54},"end":{"line":79,"column":74}},"line":79},"7":{"name":"(anonymous_7)","decl":{"start":{"line":80,"column":46},"end":{"line":80,"column":47}},"loc":{"start":{"line":80,"column":57},"end":{"line":80,"column":80}},"line":80},"8":{"name":"(anonymous_8)","decl":{"start":{"line":128,"column":12},"end":{"line":128,"column":18}},"loc":{"start":{"line":128,"column":18},"end":{"line":203,"column":5}},"line":128},"9":{"name":"(anonymous_9)","decl":{"start":{"line":140,"column":33},"end":{"line":140,"column":41}},"loc":{"start":{"line":140,"column":41},"end":{"line":140,"column":73}},"line":140},"10":{"name":"(anonymous_10)","decl":{"start":{"line":141,"column":33},"end":{"line":141,"column":null}},"loc":{"start":{"line":142,"column":10},"end":{"line":143,"column":null}},"line":142},"11":{"name":"(anonymous_11)","decl":{"start":{"line":152,"column":30},"end":{"line":152,"column":38}},"loc":{"start":{"line":152,"column":38},"end":{"line":165,"column":9}},"line":152},"12":{"name":"(anonymous_12)","decl":{"start":{"line":153,"column":56},"end":{"line":153,"column":61}},"loc":{"start":{"line":153,"column":61},"end":{"line":153,"column":77}},"line":153},"13":{"name":"(anonymous_13)","decl":{"start":{"line":173,"column":39},"end":{"line":173,"column":47}},"loc":{"start":{"line":173,"column":47},"end":{"line":182,"column":9}},"line":173},"14":{"name":"(anonymous_14)","decl":{"start":{"line":174,"column":47},"end":{"line":174,"column":52}},"loc":{"start":{"line":174,"column":52},"end":{"line":174,"column":68}},"line":174},"15":{"name":"(anonymous_15)","decl":{"start":{"line":206,"column":12},"end":{"line":206,"column":18}},"loc":{"start":{"line":206,"column":18},"end":{"line":248,"column":5}},"line":206},"16":{"name":"(anonymous_16)","decl":{"start":{"line":219,"column":35},"end":{"line":219,"column":44}},"loc":{"start":{"line":219,"column":44},"end":{"line":235,"column":6}},"line":219},"17":{"name":"(anonymous_17)","decl":{"start":{"line":238,"column":35},"end":{"line":238,"column":44}},"loc":{"start":{"line":238,"column":44},"end":{"line":243,"column":6}},"line":238},"18":{"name":"(anonymous_18)","decl":{"start":{"line":252,"column":4},"end":{"line":252,"column":5}},"loc":{"start":{"line":252,"column":17},"end":{"line":281,"column":null}},"line":252},"19":{"name":"(anonymous_19)","decl":{"start":{"line":255,"column":15},"end":{"line":255,"column":16}},"loc":{"start":{"line":255,"column":24},"end":{"line":280,"column":7}},"line":255},"20":{"name":"(anonymous_20)","decl":{"start":{"line":259,"column":46},"end":{"line":259,"column":56}},"loc":{"start":{"line":259,"column":56},"end":{"line":259,"column":80}},"line":259},"21":{"name":"(anonymous_21)","decl":{"start":{"line":287,"column":4},"end":{"line":287,"column":5}},"loc":{"start":{"line":287,"column":17},"end":{"line":301,"column":null}},"line":287},"22":{"name":"(anonymous_22)","decl":{"start":{"line":290,"column":15},"end":{"line":290,"column":16}},"loc":{"start":{"line":290,"column":24},"end":{"line":300,"column":7}},"line":290},"23":{"name":"(anonymous_23)","decl":{"start":{"line":307,"column":4},"end":{"line":307,"column":5}},"loc":{"start":{"line":307,"column":32},"end":{"line":328,"column":null}},"line":307},"24":{"name":"(anonymous_24)","decl":{"start":{"line":325,"column":15},"end":{"line":325,"column":16}},"loc":{"start":{"line":325,"column":24},"end":{"line":327,"column":7}},"line":325},"25":{"name":"(anonymous_25)","decl":{"start":{"line":333,"column":12},"end":{"line":333,"column":18}},"loc":{"start":{"line":333,"column":18},"end":{"line":419,"column":5}},"line":333},"26":{"name":"(anonymous_26)","decl":{"start":{"line":334,"column":70},"end":{"line":334,"column":71}},"loc":{"start":{"line":334,"column":101},"end":{"line":414,"column":5}},"line":334},"27":{"name":"(anonymous_27)","decl":{"start":{"line":346,"column":43},"end":{"line":346,"column":null}},"loc":{"start":{"line":347,"column":14},"end":{"line":347,"column":null}},"line":347},"28":{"name":"(anonymous_28)","decl":{"start":{"line":357,"column":17},"end":{"line":357,"column":30}},"loc":{"start":{"line":357,"column":30},"end":{"line":390,"column":9}},"line":357},"29":{"name":"(anonymous_29)","decl":{"start":{"line":358,"column":31},"end":{"line":358,"column":39}},"loc":{"start":{"line":358,"column":39},"end":{"line":389,"column":11}},"line":358},"30":{"name":"(anonymous_30)","decl":{"start":{"line":393,"column":39},"end":{"line":393,"column":47}},"loc":{"start":{"line":393,"column":47},"end":{"line":407,"column":9}},"line":393},"31":{"name":"(anonymous_31)","decl":{"start":{"line":395,"column":40},"end":{"line":395,"column":48}},"loc":{"start":{"line":395,"column":48},"end":{"line":395,"column":71}},"line":395},"32":{"name":"(anonymous_32)","decl":{"start":{"line":416,"column":11},"end":{"line":416,"column":17}},"loc":{"start":{"line":416,"column":17},"end":{"line":418,"column":null}},"line":416},"33":{"name":"(anonymous_33)","decl":{"start":{"line":422,"column":26},"end":{"line":422,"column":27}},"loc":{"start":{"line":422,"column":57},"end":{"line":455,"column":null}},"line":422},"34":{"name":"(anonymous_34)","decl":{"start":{"line":459,"column":4},"end":{"line":459,"column":5}},"loc":{"start":{"line":459,"column":48},"end":{"line":493,"column":null}},"line":459},"35":{"name":"(anonymous_35)","decl":{"start":{"line":498,"column":33},"end":{"line":498,"column":34}},"loc":{"start":{"line":498,"column":77},"end":{"line":501,"column":5}},"line":498},"36":{"name":"(anonymous_36)","decl":{"start":{"line":504,"column":42},"end":{"line":504,"column":48}},"loc":{"start":{"line":504,"column":48},"end":{"line":535,"column":5}},"line":504},"37":{"name":"(anonymous_37)","decl":{"start":{"line":508,"column":39},"end":{"line":508,"column":47}},"loc":{"start":{"line":508,"column":47},"end":{"line":508,"column":60}},"line":508},"38":{"name":"(anonymous_38)","decl":{"start":{"line":512,"column":48},"end":{"line":512,"column":56}},"loc":{"start":{"line":512,"column":56},"end":{"line":512,"column":63}},"line":512},"39":{"name":"(anonymous_39)","decl":{"start":{"line":516,"column":8},"end":{"line":516,"column":16}},"loc":{"start":{"line":516,"column":16},"end":{"line":516,"column":null}},"line":516},"40":{"name":"(anonymous_40)","decl":{"start":{"line":521,"column":8},"end":{"line":521,"column":null}},"loc":{"start":{"line":522,"column":10},"end":{"line":523,"column":null}},"line":522},"41":{"name":"(anonymous_41)","decl":{"start":{"line":538,"column":37},"end":{"line":538,"column":38}},"loc":{"start":{"line":538,"column":57},"end":{"line":566,"column":5}},"line":538},"42":{"name":"(anonymous_42)","decl":{"start":{"line":542,"column":43},"end":{"line":542,"column":51}},"loc":{"start":{"line":542,"column":51},"end":{"line":542,"column":69}},"line":542},"43":{"name":"(anonymous_43)","decl":{"start":{"line":546,"column":6},"end":{"line":546,"column":14}},"loc":{"start":{"line":546,"column":14},"end":{"line":546,"column":null}},"line":546},"44":{"name":"(anonymous_44)","decl":{"start":{"line":551,"column":6},"end":{"line":551,"column":14}},"loc":{"start":{"line":551,"column":14},"end":{"line":551,"column":null}},"line":551},"45":{"name":"(anonymous_45)","decl":{"start":{"line":569,"column":39},"end":{"line":569,"column":45}},"loc":{"start":{"line":569,"column":45},"end":{"line":571,"column":5}},"line":569},"46":{"name":"(anonymous_46)","decl":{"start":{"line":570,"column":19},"end":{"line":570,"column":28}},"loc":{"start":{"line":570,"column":28},"end":{"line":570,"column":72}},"line":570},"47":{"name":"(anonymous_47)","decl":{"start":{"line":574,"column":35},"end":{"line":574,"column":36}},"loc":{"start":{"line":574,"column":55},"end":{"line":592,"column":5}},"line":574},"48":{"name":"(anonymous_48)","decl":{"start":{"line":578,"column":33},"end":{"line":578,"column":41}},"loc":{"start":{"line":578,"column":41},"end":{"line":578,"column":59}},"line":578},"49":{"name":"(anonymous_49)","decl":{"start":{"line":595,"column":43},"end":{"line":595,"column":44}},"loc":{"start":{"line":595,"column":81},"end":{"line":649,"column":5}},"line":595},"50":{"name":"(anonymous_50)","decl":{"start":{"line":601,"column":41},"end":{"line":601,"column":49}},"loc":{"start":{"line":601,"column":49},"end":{"line":601,"column":67}},"line":601},"51":{"name":"(anonymous_51)","decl":{"start":{"line":608,"column":40},"end":{"line":608,"column":48}},"loc":{"start":{"line":608,"column":48},"end":{"line":621,"column":5}},"line":608},"52":{"name":"(anonymous_52)","decl":{"start":{"line":635,"column":13},"end":{"line":635,"column":26}},"loc":{"start":{"line":635,"column":26},"end":{"line":648,"column":5}},"line":635},"53":{"name":"(anonymous_53)","decl":{"start":{"line":636,"column":27},"end":{"line":636,"column":35}},"loc":{"start":{"line":636,"column":35},"end":{"line":647,"column":7}},"line":636},"54":{"name":"(anonymous_54)","decl":{"start":{"line":653,"column":4},"end":{"line":653,"column":5}},"loc":{"start":{"line":653,"column":46},"end":{"line":665,"column":null}},"line":653},"55":{"name":"(anonymous_55)","decl":{"start":{"line":670,"column":39},"end":{"line":670,"column":40}},"loc":{"start":{"line":670,"column":76},"end":{"line":691,"column":5}},"line":670},"56":{"name":"(anonymous_56)","decl":{"start":{"line":676,"column":28},"end":{"line":676,"column":36}},"loc":{"start":{"line":676,"column":36},"end":{"line":687,"column":7}},"line":676},"57":{"name":"(anonymous_57)","decl":{"start":{"line":694,"column":37},"end":{"line":694,"column":38}},"loc":{"start":{"line":694,"column":57},"end":{"line":717,"column":5}},"line":694},"58":{"name":"(anonymous_58)","decl":{"start":{"line":698,"column":33},"end":{"line":698,"column":38}},"loc":{"start":{"line":698,"column":38},"end":{"line":698,"column":53}},"line":698},"59":{"name":"(anonymous_59)","decl":{"start":{"line":721,"column":4},"end":{"line":721,"column":5}},"loc":{"start":{"line":721,"column":45},"end":{"line":740,"column":null}},"line":721},"60":{"name":"(anonymous_60)","decl":{"start":{"line":772,"column":29},"end":{"line":772,"column":30}},"loc":{"start":{"line":772,"column":36},"end":{"line":777,"column":null}},"line":772},"61":{"name":"(anonymous_61)","decl":{"start":{"line":778,"column":23},"end":{"line":778,"column":24}},"loc":{"start":{"line":778,"column":30},"end":{"line":785,"column":null}},"line":778},"62":{"name":"(anonymous_62)","decl":{"start":{"line":833,"column":17},"end":{"line":833,"column":23}},"loc":{"start":{"line":833,"column":23},"end":{"line":833,"column":null}},"line":833},"63":{"name":"(anonymous_63)","decl":{"start":{"line":841,"column":66},"end":{"line":841,"column":67}},"loc":{"start":{"line":841,"column":77},"end":{"line":847,"column":null}},"line":841}},"branchMap":{"0":{"loc":{"start":{"line":59,"column":105},"end":{"line":59,"column":122}},"type":"default-arg","locations":[{"start":{"line":59,"column":116},"end":{"line":59,"column":122}}],"line":59},"1":{"loc":{"start":{"line":63,"column":4},"end":{"line":70,"column":null}},"type":"binary-expr","locations":[{"start":{"line":63,"column":4},"end":{"line":63,"column":null}},{"start":{"line":64,"column":4},"end":{"line":64,"column":null}},{"start":{"line":65,"column":5},"end":{"line":70,"column":null}}],"line":63},"2":{"loc":{"start":{"line":71,"column":26},"end":{"line":71,"column":null}},"type":"binary-expr","locations":[{"start":{"line":71,"column":26},"end":{"line":71,"column":47}},{"start":{"line":71,"column":47},"end":{"line":71,"column":null}}],"line":71},"3":{"loc":{"start":{"line":130,"column":4},"end":{"line":130,"column":null}},"type":"if","locations":[{"start":{"line":130,"column":4},"end":{"line":130,"column":null}},{"start":{},"end":{}}],"line":130},"4":{"loc":{"start":{"line":136,"column":4},"end":{"line":202,"column":null}},"type":"if","locations":[{"start":{"line":136,"column":4},"end":{"line":202,"column":null}},{"start":{"line":147,"column":4},"end":{"line":202,"column":null}}],"line":136},"5":{"loc":{"start":{"line":136,"column":8},"end":{"line":136,"column":69}},"type":"binary-expr","locations":[{"start":{"line":136,"column":8},"end":{"line":136,"column":47}},{"start":{"line":136,"column":47},"end":{"line":136,"column":69}}],"line":136},"6":{"loc":{"start":{"line":142,"column":10},"end":{"line":143,"column":null}},"type":"binary-expr","locations":[{"start":{"line":142,"column":10},"end":{"line":142,"column":null}},{"start":{"line":143,"column":10},"end":{"line":143,"column":null}}],"line":142},"7":{"loc":{"start":{"line":147,"column":4},"end":{"line":202,"column":null}},"type":"if","locations":[{"start":{"line":147,"column":4},"end":{"line":202,"column":null}},{"start":{"line":168,"column":4},"end":{"line":202,"column":null}}],"line":147},"8":{"loc":{"start":{"line":148,"column":13},"end":{"line":148,"column":73}},"type":"binary-expr","locations":[{"start":{"line":148,"column":13},"end":{"line":148,"column":52}},{"start":{"line":148,"column":52},"end":{"line":148,"column":73}}],"line":148},"9":{"loc":{"start":{"line":154,"column":10},"end":{"line":163,"column":null}},"type":"if","locations":[{"start":{"line":154,"column":10},"end":{"line":163,"column":null}},{"start":{},"end":{}}],"line":154},"10":{"loc":{"start":{"line":168,"column":4},"end":{"line":202,"column":null}},"type":"if","locations":[{"start":{"line":168,"column":4},"end":{"line":202,"column":null}},{"start":{"line":185,"column":4},"end":{"line":202,"column":null}}],"line":168},"11":{"loc":{"start":{"line":169,"column":13},"end":{"line":169,"column":73}},"type":"binary-expr","locations":[{"start":{"line":169,"column":13},"end":{"line":169,"column":52}},{"start":{"line":169,"column":52},"end":{"line":169,"column":73}}],"line":169},"12":{"loc":{"start":{"line":175,"column":10},"end":{"line":180,"column":null}},"type":"if","locations":[{"start":{"line":175,"column":10},"end":{"line":180,"column":null}},{"start":{},"end":{}}],"line":175},"13":{"loc":{"start":{"line":185,"column":4},"end":{"line":202,"column":null}},"type":"if","locations":[{"start":{"line":185,"column":4},"end":{"line":202,"column":null}},{"start":{},"end":{}}],"line":185},"14":{"loc":{"start":{"line":186,"column":13},"end":{"line":186,"column":75}},"type":"binary-expr","locations":[{"start":{"line":186,"column":13},"end":{"line":186,"column":49}},{"start":{"line":186,"column":49},"end":{"line":186,"column":75}}],"line":186},"15":{"loc":{"start":{"line":190,"column":16},"end":{"line":190,"column":null}},"type":"binary-expr","locations":[{"start":{"line":190,"column":16},"end":{"line":190,"column":51}},{"start":{"line":190,"column":51},"end":{"line":190,"column":null}}],"line":190},"16":{"loc":{"start":{"line":191,"column":16},"end":{"line":191,"column":null}},"type":"binary-expr","locations":[{"start":{"line":191,"column":16},"end":{"line":191,"column":51}},{"start":{"line":191,"column":51},"end":{"line":191,"column":null}}],"line":191},"17":{"loc":{"start":{"line":192,"column":22},"end":{"line":192,"column":null}},"type":"binary-expr","locations":[{"start":{"line":192,"column":22},"end":{"line":192,"column":63}},{"start":{"line":192,"column":63},"end":{"line":192,"column":null}}],"line":192},"18":{"loc":{"start":{"line":193,"column":22},"end":{"line":193,"column":null}},"type":"binary-expr","locations":[{"start":{"line":193,"column":22},"end":{"line":193,"column":63}},{"start":{"line":193,"column":63},"end":{"line":193,"column":null}}],"line":193},"19":{"loc":{"start":{"line":211,"column":4},"end":{"line":213,"column":null}},"type":"if","locations":[{"start":{"line":211,"column":4},"end":{"line":213,"column":null}},{"start":{},"end":{}}],"line":211},"20":{"loc":{"start":{"line":221,"column":12},"end":{"line":225,"column":null}},"type":"cond-expr","locations":[{"start":{"line":222,"column":10},"end":{"line":222,"column":null}},{"start":{"line":223,"column":10},"end":{"line":225,"column":null}}],"line":221},"21":{"loc":{"start":{"line":221,"column":12},"end":{"line":221,"column":null}},"type":"binary-expr","locations":[{"start":{"line":221,"column":12},"end":{"line":221,"column":38}},{"start":{"line":221,"column":38},"end":{"line":221,"column":64}},{"start":{"line":221,"column":64},"end":{"line":221,"column":null}}],"line":221},"22":{"loc":{"start":{"line":223,"column":10},"end":{"line":225,"column":null}},"type":"cond-expr","locations":[{"start":{"line":224,"column":12},"end":{"line":224,"column":null}},{"start":{"line":225,"column":12},"end":{"line":225,"column":null}}],"line":223},"23":{"loc":{"start":{"line":223,"column":10},"end":{"line":223,"column":null}},"type":"binary-expr","locations":[{"start":{"line":223,"column":10},"end":{"line":223,"column":35}},{"start":{"line":223,"column":35},"end":{"line":223,"column":null}}],"line":223},"24":{"loc":{"start":{"line":229,"column":15},"end":{"line":229,"column":null}},"type":"binary-expr","locations":[{"start":{"line":229,"column":15},"end":{"line":229,"column":34}},{"start":{"line":229,"column":34},"end":{"line":229,"column":null}}],"line":229},"25":{"loc":{"start":{"line":231,"column":12},"end":{"line":231,"column":null}},"type":"binary-expr","locations":[{"start":{"line":231,"column":12},"end":{"line":231,"column":37}},{"start":{"line":231,"column":37},"end":{"line":231,"column":61}},{"start":{"line":231,"column":61},"end":{"line":231,"column":null}}],"line":231},"26":{"loc":{"start":{"line":232,"column":12},"end":{"line":232,"column":null}},"type":"binary-expr","locations":[{"start":{"line":232,"column":12},"end":{"line":232,"column":38}},{"start":{"line":232,"column":38},"end":{"line":232,"column":65}},{"start":{"line":232,"column":65},"end":{"line":232,"column":null}}],"line":232},"27":{"loc":{"start":{"line":233,"column":12},"end":{"line":233,"column":null}},"type":"binary-expr","locations":[{"start":{"line":233,"column":12},"end":{"line":233,"column":38}},{"start":{"line":233,"column":38},"end":{"line":233,"column":65}},{"start":{"line":233,"column":65},"end":{"line":233,"column":null}}],"line":233},"28":{"loc":{"start":{"line":242,"column":16},"end":{"line":242,"column":null}},"type":"binary-expr","locations":[{"start":{"line":242,"column":16},"end":{"line":242,"column":33}},{"start":{"line":242,"column":33},"end":{"line":242,"column":null}}],"line":242},"29":{"loc":{"start":{"line":253,"column":6},"end":{"line":253,"column":null}},"type":"if","locations":[{"start":{"line":253,"column":6},"end":{"line":253,"column":null}},{"start":{},"end":{}}],"line":253},"30":{"loc":{"start":{"line":260,"column":8},"end":{"line":271,"column":null}},"type":"if","locations":[{"start":{"line":260,"column":8},"end":{"line":271,"column":null}},{"start":{},"end":{}}],"line":260},"31":{"loc":{"start":{"line":288,"column":6},"end":{"line":288,"column":null}},"type":"if","locations":[{"start":{"line":288,"column":6},"end":{"line":288,"column":null}},{"start":{},"end":{}}],"line":288},"32":{"loc":{"start":{"line":308,"column":6},"end":{"line":308,"column":null}},"type":"if","locations":[{"start":{"line":308,"column":6},"end":{"line":308,"column":null}},{"start":{},"end":{}}],"line":308},"33":{"loc":{"start":{"line":319,"column":16},"end":{"line":319,"column":null}},"type":"binary-expr","locations":[{"start":{"line":319,"column":16},"end":{"line":319,"column":37}},{"start":{"line":319,"column":37},"end":{"line":319,"column":null}}],"line":319},"34":{"loc":{"start":{"line":320,"column":16},"end":{"line":320,"column":null}},"type":"binary-expr","locations":[{"start":{"line":320,"column":16},"end":{"line":320,"column":37}},{"start":{"line":320,"column":37},"end":{"line":320,"column":null}}],"line":320},"35":{"loc":{"start":{"line":321,"column":22},"end":{"line":321,"column":null}},"type":"binary-expr","locations":[{"start":{"line":321,"column":22},"end":{"line":321,"column":49}},{"start":{"line":321,"column":49},"end":{"line":321,"column":null}}],"line":321},"36":{"loc":{"start":{"line":322,"column":22},"end":{"line":322,"column":null}},"type":"binary-expr","locations":[{"start":{"line":322,"column":22},"end":{"line":322,"column":49}},{"start":{"line":322,"column":49},"end":{"line":322,"column":null}}],"line":322},"37":{"loc":{"start":{"line":336,"column":6},"end":{"line":413,"column":null}},"type":"if","locations":[{"start":{"line":336,"column":6},"end":{"line":413,"column":null}},{"start":{},"end":{}}],"line":336},"38":{"loc":{"start":{"line":340,"column":8},"end":{"line":354,"column":null}},"type":"if","locations":[{"start":{"line":340,"column":8},"end":{"line":354,"column":null}},{"start":{},"end":{}}],"line":340},"39":{"loc":{"start":{"line":340,"column":12},"end":{"line":340,"column":81}},"type":"binary-expr","locations":[{"start":{"line":340,"column":12},"end":{"line":340,"column":40}},{"start":{"line":340,"column":40},"end":{"line":340,"column":81}}],"line":340},"40":{"loc":{"start":{"line":344,"column":10},"end":{"line":353,"column":null}},"type":"if","locations":[{"start":{"line":344,"column":10},"end":{"line":353,"column":null}},{"start":{},"end":{}}],"line":344},"41":{"loc":{"start":{"line":344,"column":14},"end":{"line":344,"column":68}},"type":"binary-expr","locations":[{"start":{"line":344,"column":14},"end":{"line":344,"column":39}},{"start":{"line":344,"column":39},"end":{"line":344,"column":68}}],"line":344},"42":{"loc":{"start":{"line":350,"column":12},"end":{"line":352,"column":null}},"type":"if","locations":[{"start":{"line":350,"column":12},"end":{"line":352,"column":null}},{"start":{},"end":{}}],"line":350},"43":{"loc":{"start":{"line":360,"column":12},"end":{"line":365,"column":null}},"type":"if","locations":[{"start":{"line":360,"column":12},"end":{"line":365,"column":null}},{"start":{},"end":{}}],"line":360},"44":{"loc":{"start":{"line":360,"column":16},"end":{"line":360,"column":76}},"type":"binary-expr","locations":[{"start":{"line":360,"column":16},"end":{"line":360,"column":41}},{"start":{"line":360,"column":41},"end":{"line":360,"column":76}}],"line":360},"45":{"loc":{"start":{"line":368,"column":12},"end":{"line":374,"column":null}},"type":"if","locations":[{"start":{"line":368,"column":12},"end":{"line":374,"column":null}},{"start":{},"end":{}}],"line":368},"46":{"loc":{"start":{"line":368,"column":16},"end":{"line":369,"column":60}},"type":"binary-expr","locations":[{"start":{"line":368,"column":16},"end":{"line":368,"column":44}},{"start":{"line":368,"column":44},"end":{"line":368,"column":null}},{"start":{"line":369,"column":16},"end":{"line":369,"column":60}}],"line":368},"47":{"loc":{"start":{"line":377,"column":12},"end":{"line":382,"column":null}},"type":"if","locations":[{"start":{"line":377,"column":12},"end":{"line":382,"column":null}},{"start":{},"end":{}}],"line":377},"48":{"loc":{"start":{"line":377,"column":16},"end":{"line":377,"column":105}},"type":"binary-expr","locations":[{"start":{"line":377,"column":16},"end":{"line":377,"column":45}},{"start":{"line":377,"column":45},"end":{"line":377,"column":70}},{"start":{"line":377,"column":70},"end":{"line":377,"column":105}}],"line":377},"49":{"loc":{"start":{"line":387,"column":44},"end":{"line":387,"column":72}},"type":"binary-expr","locations":[{"start":{"line":387,"column":44},"end":{"line":387,"column":65}},{"start":{"line":387,"column":65},"end":{"line":387,"column":72}}],"line":387},"50":{"loc":{"start":{"line":398,"column":10},"end":{"line":404,"column":null}},"type":"if","locations":[{"start":{"line":398,"column":10},"end":{"line":404,"column":null}},{"start":{},"end":{}}],"line":398},"51":{"loc":{"start":{"line":398,"column":14},"end":{"line":399,"column":98}},"type":"binary-expr","locations":[{"start":{"line":398,"column":14},"end":{"line":398,"column":28}},{"start":{"line":398,"column":28},"end":{"line":398,"column":null}},{"start":{"line":399,"column":15},"end":{"line":399,"column":58}},{"start":{"line":399,"column":58},"end":{"line":399,"column":98}}],"line":398},"52":{"loc":{"start":{"line":424,"column":4},"end":{"line":426,"column":null}},"type":"if","locations":[{"start":{"line":424,"column":4},"end":{"line":426,"column":null}},{"start":{},"end":{}}],"line":424},"53":{"loc":{"start":{"line":435,"column":4},"end":{"line":451,"column":null}},"type":"if","locations":[{"start":{"line":435,"column":4},"end":{"line":451,"column":null}},{"start":{},"end":{}}],"line":435},"54":{"loc":{"start":{"line":440,"column":6},"end":{"line":450,"column":null}},"type":"if","locations":[{"start":{"line":440,"column":6},"end":{"line":450,"column":null}},{"start":{},"end":{}}],"line":440},"55":{"loc":{"start":{"line":462,"column":6},"end":{"line":462,"column":null}},"type":"if","locations":[{"start":{"line":462,"column":6},"end":{"line":462,"column":null}},{"start":{},"end":{}}],"line":462},"56":{"loc":{"start":{"line":464,"column":6},"end":{"line":492,"column":null}},"type":"if","locations":[{"start":{"line":464,"column":6},"end":{"line":492,"column":null}},{"start":{},"end":{}}],"line":464},"57":{"loc":{"start":{"line":464,"column":10},"end":{"line":464,"column":57}},"type":"binary-expr","locations":[{"start":{"line":464,"column":10},"end":{"line":464,"column":38}},{"start":{"line":464,"column":38},"end":{"line":464,"column":57}}],"line":464},"58":{"loc":{"start":{"line":467,"column":8},"end":{"line":467,"column":null}},"type":"if","locations":[{"start":{"line":467,"column":8},"end":{"line":467,"column":null}},{"start":{},"end":{}}],"line":467},"59":{"loc":{"start":{"line":505,"column":4},"end":{"line":505,"column":null}},"type":"if","locations":[{"start":{"line":505,"column":4},"end":{"line":505,"column":null}},{"start":{},"end":{}}],"line":505},"60":{"loc":{"start":{"line":510,"column":4},"end":{"line":534,"column":null}},"type":"if","locations":[{"start":{"line":510,"column":4},"end":{"line":534,"column":null}},{"start":{},"end":{}}],"line":510},"61":{"loc":{"start":{"line":522,"column":10},"end":{"line":523,"column":null}},"type":"binary-expr","locations":[{"start":{"line":522,"column":10},"end":{"line":522,"column":null}},{"start":{"line":523,"column":10},"end":{"line":523,"column":null}}],"line":522},"62":{"loc":{"start":{"line":539,"column":4},"end":{"line":539,"column":null}},"type":"if","locations":[{"start":{"line":539,"column":4},"end":{"line":539,"column":null}},{"start":{},"end":{}}],"line":539},"63":{"loc":{"start":{"line":539,"column":8},"end":{"line":539,"column":29}},"type":"binary-expr","locations":[{"start":{"line":539,"column":8},"end":{"line":539,"column":20}},{"start":{"line":539,"column":20},"end":{"line":539,"column":29}}],"line":539},"64":{"loc":{"start":{"line":546,"column":14},"end":{"line":546,"column":null}},"type":"binary-expr","locations":[{"start":{"line":546,"column":14},"end":{"line":546,"column":40}},{"start":{"line":546,"column":40},"end":{"line":546,"column":null}}],"line":546},"65":{"loc":{"start":{"line":551,"column":14},"end":{"line":551,"column":null}},"type":"binary-expr","locations":[{"start":{"line":551,"column":14},"end":{"line":551,"column":40}},{"start":{"line":551,"column":40},"end":{"line":551,"column":null}}],"line":551},"66":{"loc":{"start":{"line":554,"column":4},"end":{"line":556,"column":null}},"type":"if","locations":[{"start":{"line":554,"column":4},"end":{"line":556,"column":null}},{"start":{},"end":{}}],"line":554},"67":{"loc":{"start":{"line":575,"column":4},"end":{"line":575,"column":null}},"type":"if","locations":[{"start":{"line":575,"column":4},"end":{"line":575,"column":null}},{"start":{},"end":{}}],"line":575},"68":{"loc":{"start":{"line":575,"column":8},"end":{"line":575,"column":29}},"type":"binary-expr","locations":[{"start":{"line":575,"column":8},"end":{"line":575,"column":20}},{"start":{"line":575,"column":20},"end":{"line":575,"column":29}}],"line":575},"69":{"loc":{"start":{"line":580,"column":4},"end":{"line":591,"column":null}},"type":"if","locations":[{"start":{"line":580,"column":4},"end":{"line":591,"column":null}},{"start":{},"end":{}}],"line":580},"70":{"loc":{"start":{"line":588,"column":18},"end":{"line":588,"column":null}},"type":"binary-expr","locations":[{"start":{"line":588,"column":18},"end":{"line":588,"column":31}},{"start":{"line":588,"column":31},"end":{"line":588,"column":null}}],"line":588},"71":{"loc":{"start":{"line":589,"column":18},"end":{"line":589,"column":null}},"type":"binary-expr","locations":[{"start":{"line":589,"column":18},"end":{"line":589,"column":31}},{"start":{"line":589,"column":31},"end":{"line":589,"column":null}}],"line":589},"72":{"loc":{"start":{"line":596,"column":4},"end":{"line":596,"column":null}},"type":"if","locations":[{"start":{"line":596,"column":4},"end":{"line":596,"column":null}},{"start":{},"end":{}}],"line":596},"73":{"loc":{"start":{"line":596,"column":8},"end":{"line":596,"column":29}},"type":"binary-expr","locations":[{"start":{"line":596,"column":8},"end":{"line":596,"column":20}},{"start":{"line":596,"column":20},"end":{"line":596,"column":29}}],"line":596},"74":{"loc":{"start":{"line":602,"column":4},"end":{"line":605,"column":null}},"type":"if","locations":[{"start":{"line":602,"column":4},"end":{"line":605,"column":null}},{"start":{},"end":{}}],"line":602},"75":{"loc":{"start":{"line":609,"column":6},"end":{"line":619,"column":null}},"type":"if","locations":[{"start":{"line":609,"column":6},"end":{"line":619,"column":null}},{"start":{},"end":{}}],"line":609},"76":{"loc":{"start":{"line":637,"column":8},"end":{"line":645,"column":null}},"type":"if","locations":[{"start":{"line":637,"column":8},"end":{"line":645,"column":null}},{"start":{},"end":{}}],"line":637},"77":{"loc":{"start":{"line":654,"column":6},"end":{"line":654,"column":null}},"type":"if","locations":[{"start":{"line":654,"column":6},"end":{"line":654,"column":null}},{"start":{},"end":{}}],"line":654},"78":{"loc":{"start":{"line":657,"column":6},"end":{"line":659,"column":null}},"type":"if","locations":[{"start":{"line":657,"column":6},"end":{"line":659,"column":null}},{"start":{},"end":{}}],"line":657},"79":{"loc":{"start":{"line":657,"column":10},"end":{"line":657,"column":63}},"type":"binary-expr","locations":[{"start":{"line":657,"column":10},"end":{"line":657,"column":36}},{"start":{"line":657,"column":36},"end":{"line":657,"column":63}}],"line":657},"80":{"loc":{"start":{"line":662,"column":6},"end":{"line":664,"column":null}},"type":"if","locations":[{"start":{"line":662,"column":6},"end":{"line":664,"column":null}},{"start":{},"end":{}}],"line":662},"81":{"loc":{"start":{"line":671,"column":4},"end":{"line":671,"column":null}},"type":"if","locations":[{"start":{"line":671,"column":4},"end":{"line":671,"column":null}},{"start":{},"end":{}}],"line":671},"82":{"loc":{"start":{"line":677,"column":8},"end":{"line":685,"column":null}},"type":"if","locations":[{"start":{"line":677,"column":8},"end":{"line":685,"column":null}},{"start":{},"end":{}}],"line":677},"83":{"loc":{"start":{"line":695,"column":4},"end":{"line":695,"column":null}},"type":"if","locations":[{"start":{"line":695,"column":4},"end":{"line":695,"column":null}},{"start":{},"end":{}}],"line":695},"84":{"loc":{"start":{"line":699,"column":4},"end":{"line":699,"column":null}},"type":"if","locations":[{"start":{"line":699,"column":4},"end":{"line":699,"column":null}},{"start":{},"end":{}}],"line":699},"85":{"loc":{"start":{"line":705,"column":4},"end":{"line":707,"column":null}},"type":"if","locations":[{"start":{"line":705,"column":4},"end":{"line":707,"column":null}},{"start":{},"end":{}}],"line":705},"86":{"loc":{"start":{"line":711,"column":4},"end":{"line":716,"column":null}},"type":"if","locations":[{"start":{"line":711,"column":4},"end":{"line":716,"column":null}},{"start":{"line":714,"column":11},"end":{"line":716,"column":null}}],"line":711},"87":{"loc":{"start":{"line":725,"column":6},"end":{"line":725,"column":null}},"type":"if","locations":[{"start":{"line":725,"column":6},"end":{"line":725,"column":null}},{"start":{},"end":{}}],"line":725},"88":{"loc":{"start":{"line":737,"column":18},"end":{"line":737,"column":null}},"type":"binary-expr","locations":[{"start":{"line":737,"column":18},"end":{"line":737,"column":31}},{"start":{"line":737,"column":31},"end":{"line":737,"column":null}}],"line":737},"89":{"loc":{"start":{"line":773,"column":14},"end":{"line":773,"column":null}},"type":"if","locations":[{"start":{"line":773,"column":14},"end":{"line":773,"column":null}},{"start":{},"end":{}}],"line":773},"90":{"loc":{"start":{"line":774,"column":14},"end":{"line":774,"column":null}},"type":"if","locations":[{"start":{"line":774,"column":14},"end":{"line":774,"column":null}},{"start":{},"end":{}}],"line":774},"91":{"loc":{"start":{"line":775,"column":14},"end":{"line":775,"column":null}},"type":"if","locations":[{"start":{"line":775,"column":14},"end":{"line":775,"column":null}},{"start":{},"end":{}}],"line":775},"92":{"loc":{"start":{"line":779,"column":14},"end":{"line":779,"column":null}},"type":"if","locations":[{"start":{"line":779,"column":14},"end":{"line":779,"column":null}},{"start":{},"end":{}}],"line":779},"93":{"loc":{"start":{"line":780,"column":14},"end":{"line":780,"column":null}},"type":"if","locations":[{"start":{"line":780,"column":14},"end":{"line":780,"column":null}},{"start":{},"end":{}}],"line":780},"94":{"loc":{"start":{"line":781,"column":14},"end":{"line":781,"column":null}},"type":"if","locations":[{"start":{"line":781,"column":14},"end":{"line":781,"column":null}},{"start":{},"end":{}}],"line":781},"95":{"loc":{"start":{"line":782,"column":14},"end":{"line":782,"column":null}},"type":"if","locations":[{"start":{"line":782,"column":14},"end":{"line":782,"column":null}},{"start":{},"end":{}}],"line":782},"96":{"loc":{"start":{"line":783,"column":14},"end":{"line":783,"column":null}},"type":"if","locations":[{"start":{"line":783,"column":14},"end":{"line":783,"column":null}},{"start":{},"end":{}}],"line":783},"97":{"loc":{"start":{"line":791,"column":7},"end":{"line":812,"column":null}},"type":"binary-expr","locations":[{"start":{"line":791,"column":7},"end":{"line":791,"column":null}},{"start":{"line":792,"column":8},"end":{"line":812,"column":null}}],"line":791},"98":{"loc":{"start":{"line":807,"column":11},"end":{"line":810,"column":null}},"type":"binary-expr","locations":[{"start":{"line":807,"column":11},"end":{"line":807,"column":null}},{"start":{"line":808,"column":12},"end":{"line":810,"column":null}}],"line":807},"99":{"loc":{"start":{"line":816,"column":7},"end":{"line":824,"column":null}},"type":"binary-expr","locations":[{"start":{"line":816,"column":7},"end":{"line":816,"column":30}},{"start":{"line":816,"column":30},"end":{"line":816,"column":null}},{"start":{"line":817,"column":8},"end":{"line":824,"column":null}}],"line":816},"100":{"loc":{"start":{"line":819,"column":18},"end":{"line":819,"column":null}},"type":"binary-expr","locations":[{"start":{"line":819,"column":18},"end":{"line":819,"column":40}},{"start":{"line":819,"column":40},"end":{"line":819,"column":null}}],"line":819},"101":{"loc":{"start":{"line":820,"column":20},"end":{"line":820,"column":null}},"type":"binary-expr","locations":[{"start":{"line":820,"column":20},"end":{"line":820,"column":44}},{"start":{"line":820,"column":44},"end":{"line":820,"column":null}}],"line":820},"102":{"loc":{"start":{"line":830,"column":16},"end":{"line":830,"column":null}},"type":"binary-expr","locations":[{"start":{"line":830,"column":16},"end":{"line":830,"column":38}},{"start":{"line":830,"column":38},"end":{"line":830,"column":null}}],"line":830},"103":{"loc":{"start":{"line":831,"column":18},"end":{"line":831,"column":null}},"type":"binary-expr","locations":[{"start":{"line":831,"column":18},"end":{"line":831,"column":42}},{"start":{"line":831,"column":42},"end":{"line":831,"column":null}}],"line":831},"104":{"loc":{"start":{"line":832,"column":18},"end":{"line":832,"column":null}},"type":"binary-expr","locations":[{"start":{"line":832,"column":18},"end":{"line":832,"column":42}},{"start":{"line":832,"column":42},"end":{"line":832,"column":null}}],"line":832}},"s":{"0":1,"1":1,"2":32,"3":93,"4":32,"5":93,"6":32,"7":32,"8":0,"9":32,"10":32,"11":32,"12":32,"13":97,"14":32,"15":97,"16":32,"17":97,"18":32,"19":97,"20":32,"21":32,"22":32,"23":32,"24":32,"25":32,"26":32,"27":32,"28":25,"29":21,"30":4,"31":4,"32":4,"33":1,"34":3,"35":2,"36":1,"37":3,"38":1,"39":3,"40":6,"41":3,"42":3,"43":0,"44":1,"45":2,"46":1,"47":1,"48":2,"49":1,"50":1,"51":0,"52":1,"53":1,"54":1,"55":1,"56":1,"57":32,"58":9,"59":9,"60":0,"61":9,"62":9,"63":144,"64":9,"65":16,"66":9,"67":9,"68":32,"69":3,"70":1,"71":2,"72":2,"73":2,"74":2,"75":2,"76":1,"77":1,"78":1,"79":1,"80":1,"81":32,"82":2,"83":1,"84":1,"85":1,"86":1,"87":1,"88":32,"89":2,"90":1,"91":1,"92":1,"93":2,"94":1,"95":32,"96":25,"97":2,"98":2,"99":2,"100":2,"101":2,"102":1,"103":2,"104":1,"105":1,"106":2,"107":2,"108":6,"109":2,"110":4,"111":2,"112":2,"113":0,"114":2,"115":2,"116":4,"117":10,"118":4,"119":2,"120":2,"121":2,"122":2,"123":25,"124":25,"125":32,"126":3,"127":2,"128":3,"129":3,"130":3,"131":3,"132":3,"133":3,"134":32,"135":1,"136":1,"137":0,"138":1,"139":1,"140":1,"141":0,"142":1,"143":1,"144":1,"145":1,"146":1,"147":32,"148":1,"149":1,"150":32,"151":1,"152":0,"153":1,"154":3,"155":1,"156":1,"157":1,"158":1,"159":3,"160":1,"161":2,"162":1,"163":1,"164":32,"165":1,"166":0,"167":1,"168":3,"169":1,"170":2,"171":1,"172":2,"173":1,"174":1,"175":1,"176":32,"177":1,"178":1,"179":32,"180":1,"181":0,"182":1,"183":2,"184":1,"185":1,"186":1,"187":32,"188":1,"189":0,"190":1,"191":1,"192":2,"193":1,"194":0,"195":0,"196":1,"197":3,"198":1,"199":2,"200":1,"201":1,"202":1,"203":1,"204":1,"205":3,"206":1,"207":2,"208":32,"209":2,"210":0,"211":2,"212":1,"213":2,"214":1,"215":32,"216":0,"217":0,"218":0,"219":0,"220":0,"221":0,"222":0,"223":32,"224":0,"225":0,"226":0,"227":0,"228":0,"229":0,"230":0,"231":0,"232":0,"233":0,"234":0,"235":0,"236":0,"237":32,"238":3,"239":3,"240":0,"241":3,"242":3,"243":3,"244":32,"245":0,"246":0,"247":0,"248":0,"249":0,"250":0,"251":0,"252":0,"253":0,"254":0,"255":0,"256":0,"257":0,"258":0,"259":0,"260":0,"261":0,"262":0,"263":0,"264":1,"265":10},"f":{"0":32,"1":93,"2":93,"3":0,"4":97,"5":97,"6":97,"7":97,"8":25,"9":3,"10":2,"11":3,"12":6,"13":1,"14":2,"15":9,"16":144,"17":16,"18":3,"19":2,"20":2,"21":2,"22":1,"23":2,"24":1,"25":25,"26":2,"27":2,"28":2,"29":6,"30":4,"31":10,"32":25,"33":3,"34":1,"35":1,"36":1,"37":3,"38":1,"39":3,"40":2,"41":1,"42":3,"43":2,"44":2,"45":1,"46":1,"47":1,"48":2,"49":1,"50":2,"51":3,"52":1,"53":3,"54":2,"55":0,"56":0,"57":0,"58":0,"59":3,"60":0,"61":0,"62":0,"63":10},"b":{"0":[32],"1":[32,0,0],"2":[32,0],"3":[21,4],"4":[1,3],"5":[4,1],"6":[2,1],"7":[1,2],"8":[3,1],"9":[3,0],"10":[1,1],"11":[2,1],"12":[1,0],"13":[1,0],"14":[1,1],"15":[1,0],"16":[1,0],"17":[1,1],"18":[1,1],"19":[0,9],"20":[128,16],"21":[144,16,16],"22":[16,0],"23":[16,8],"24":[144,0],"25":[144,8,8],"26":[144,128,128],"27":[144,0,0],"28":[16,16],"29":[1,2],"30":[1,1],"31":[1,1],"32":[1,1],"33":[1,0],"34":[2,0],"35":[2,1],"36":[2,1],"37":[2,0],"38":[2,0],"39":[2,2],"40":[1,1],"41":[2,2],"42":[1,0],"43":[2,4],"44":[6,6],"45":[2,2],"46":[4,4,4],"47":[0,2],"48":[2,1,1],"49":[2,1],"50":[2,2],"51":[4,4,4,2],"52":[2,1],"53":[3,0],"54":[3,0],"55":[0,1],"56":[1,0],"57":[1,1],"58":[0,1],"59":[0,1],"60":[1,0],"61":[2,1],"62":[0,1],"63":[1,1],"64":[2,1],"65":[2,1],"66":[1,0],"67":[0,1],"68":[1,1],"69":[1,0],"70":[1,0],"71":[1,0],"72":[0,1],"73":[1,1],"74":[0,1],"75":[1,2],"76":[1,2],"77":[0,2],"78":[1,1],"79":[2,1],"80":[1,1],"81":[0,0],"82":[0,0],"83":[0,0],"84":[0,0],"85":[0,0],"86":[0,0],"87":[0,3],"88":[3,0],"89":[0,0],"90":[0,0],"91":[0,0],"92":[0,0],"93":[0,0],"94":[0,0],"95":[0,0],"96":[0,0],"97":[32,2],"98":[2,1],"99":[32,4,4],"100":[4,0],"101":[4,0],"102":[32,29],"103":[32,29],"104":[32,29]},"meta":{"lastBranch":105,"lastFunction":64,"lastStatement":266,"seen":{"s:50:18:57:Infinity":0,"s:59:54:838:Infinity":1,"f:59:54:59:55":0,"b:59:116:59:122":0,"s:60:8:60:Infinity":2,"f:60:37:60:38":1,"s:60:48:60:58":3,"s:61:8:61:Infinity":4,"f:61:40:61:41":2,"s:61:51:61:64":5,"s:63:4:70:Infinity":6,"b:63:4:63:Infinity:64:4:64:Infinity:65:5:70:Infinity":1,"s:71:26:71:Infinity":7,"b:71:26:71:47:71:47:71:Infinity":2,"f:71:47:71:48":3,"s:71:70:71:Infinity":8,"s:74:24:74:Infinity":9,"s:75:24:75:Infinity":10,"s:76:31:76:Infinity":11,"s:77:8:77:Infinity":12,"f:77:38:77:39":4,"s:77:49:77:64":13,"s:78:8:78:Infinity":14,"f:78:41:78:42":5,"s:78:52:78:70":15,"s:79:8:79:Infinity":16,"f:79:43:79:44":6,"s:79:54:79:74":17,"s:80:8:80:Infinity":18,"f:80:46:80:47":7,"s:80:57:80:80":19,"s:83:36:93:Infinity":20,"s:96:36:106:Infinity":21,"s:109:8:109:Infinity":22,"s:112:8:112:Infinity":23,"s:113:48:113:Infinity":24,"s:116:8:122:Infinity":25,"s:125:8:125:Infinity":26,"s:128:2:203:Infinity":27,"f:128:12:128:18":8,"b:130:4:130:Infinity:undefined:undefined:undefined:undefined":3,"s:130:4:130:Infinity":28,"s:130:39:130:Infinity":29,"s:132:26:132:Infinity":30,"s:133:4:133:Infinity":31,"b:136:4:202:Infinity:147:4:202:Infinity":4,"s:136:4:202:Infinity":32,"b:136:8:136:47:136:47:136:69":5,"s:138:26:145:Infinity":33,"f:140:33:140:41":9,"s:140:41:140:73":34,"f:141:33:141:Infinity":10,"s:142:10:143:Infinity":35,"b:142:10:142:Infinity:143:10:143:Infinity":6,"s:146:6:146:Infinity":36,"b:147:4:202:Infinity:168:4:202:Infinity":7,"s:147:4:202:Infinity":37,"b:148:13:148:52:148:52:148:73":8,"s:150:26:166:Infinity":38,"f:152:30:152:38":11,"s:153:30:153:Infinity":39,"f:153:56:153:61":12,"s:153:61:153:77":40,"b:154:10:163:Infinity:undefined:undefined:undefined:undefined":9,"s:154:10:163:Infinity":41,"s:155:12:162:Infinity":42,"s:164:10:164:Infinity":43,"s:167:6:167:Infinity":44,"b:168:4:202:Infinity:
[...]
null}},"11":{"start":{"line":47,"column":37},"end":{"line":47,"column":null}},"12":{"start":{"line":48,"column":2},"end":{"line":48,"column":null}},"13":{"start":{"line":51,"column":20},"end":{"line":54,"column":null}},"14":{"start":{"line":52,"column":16},"end":{"line":52,"column":null}},"15":{"start":{"line":53,"column":2},"end":{"line":53,"column":null}},"16":{"start":{"line":56,"column":13},"end":{"line":99,"column":null}},"17":{"start":{"line":56,"column":74},"end":{"line":99,"column":2}},"18":{"start":{"line":58,"column":26},"end":{"line":58,"column":null}},"19":{"start":{"line":60,"column":4},"end":{"line":71,"column":null}},"20":{"start":{"line":74,"column":18},"end":{"line":74,"column":null}},"21":{"start":{"line":75,"column":4},"end":{"line":75,"column":null}},"22":{"start":{"line":76,"column":4},"end":{"line":76,"column":null}},"23":{"start":{"line":77,"column":4},"end":{"line":77,"column":null}},"24":{"start":{"line":78,"column":4},"end":{"line":78,"column":null}},"25":{"start":{"line":79,"column":4},"end":{"line":79,"column":null}},"26":{"start":{"line":80,"column":4},"end":{"line":80,"column":null}},"27":{"start":{"line":81,"column":4},"end":{"line":81,"column":null}},"28":{"start":{"line":82,"column":4},"end":{"line":82,"column":null}},"29":{"start":{"line":83,"column":4},"end":{"line":83,"column":null}},"30":{"start":{"line":84,"column":4},"end":{"line":84,"column":null}},"31":{"start":{"line":87,"column":4},"end":{"line":87,"column":null}},"32":{"start":{"line":88,"column":4},"end":{"line":88,"column":null}},"33":{"start":{"line":89,"column":4},"end":{"line":89,"column":null}},"34":{"start":{"line":90,"column":4},"end":{"line":90,"column":null}},"35":{"start":{"line":91,"column":4},"end":{"line":91,"column":null}},"36":{"start":{"line":92,"column":4},"end":{"line":92,"column":null}},"37":{"start":{"line":93,"column":4},"end":{"line":93,"column":null}},"38":{"start":{"line":94,"column":4},"end":{"line":94,"column":null}},"39":{"start":{"line":95,"column":4},"end":{"line":95,"column":null}},"40":{"start":{"line":96,"column":4},"end":{"line":96,"column":null}},"41":{"start":{"line":97,"column":4},"end":{"line":97,"column":null}}},"fnMap":{"0":{"name":"(anonymous_0)","decl":{"start":{"line":36,"column":20},"end":{"line":36,"column":21}},"loc":{"start":{"line":36,"column":52},"end":{"line":39,"column":null}},"line":36},"1":{"name":"(anonymous_1)","decl":{"start":{"line":41,"column":20},"end":{"line":41,"column":21}},"loc":{"start":{"line":41,"column":58},"end":{"line":44,"column":null}},"line":41},"2":{"name":"(anonymous_2)","decl":{"start":{"line":46,"column":23},"end":{"line":46,"column":24}},"loc":{"start":{"line":46,"column":46},"end":{"line":49,"column":null}},"line":46},"3":{"name":"(anonymous_3)","decl":{"start":{"line":51,"column":20},"end":{"line":51,"column":21}},"loc":{"start":{"line":51,"column":65},"end":{"line":54,"column":null}},"line":51},"4":{"name":"(anonymous_4)","decl":{"start":{"line":56,"column":59},"end":{"line":56,"column":60}},"loc":{"start":{"line":56,"column":74},"end":{"line":99,"column":2}},"line":56},"5":{"name":"(anonymous_5)","decl":{"start":{"line":58,"column":15},"end":{"line":58,"column":16}},"loc":{"start":{"line":58,"column":26},"end":{"line":58,"column":null}},"line":58},"6":{"name":"(anonymous_6)","decl":{"start":{"line":59,"column":16},"end":{"line":59,"column":22}},"loc":{"start":{"line":59,"column":22},"end":{"line":72,"column":null}},"line":59},"7":{"name":"(anonymous_7)","decl":{"start":{"line":73,"column":16},"end":{"line":73,"column":22}},"loc":{"start":{"line":73,"column":22},"end":{"line":85,"column":null}},"line":73},"8":{"name":"(anonymous_8)","decl":{"start":{"line":86,"column":17},"end":{"line":86,"column":23}},"loc":{"start":{"line":86,"column":23},"end":{"line":98,"column":null}},"line":86}},"branchMap":{"0":{"loc":{"start":{"line":37,"column":2},"end":{"line":37,"column":null}},"type":"if","locations":[{"start":{"line":37,"column":2},"end":{"line":37,"column":null}},{"start":{},"end":{}}],"line":37},"1":{"loc":{"start":{"line":42,"column":2},"end":{"line":42,"column":null}},"type":"if","locations":[{"start":{"line":42,"column":2},"end":{"line":42,"column":null}},{"start":{},"end":{}}],"line":42},"2":{"loc":{"start":{"line":47,"column":2},"end":{"line":47,"column":null}},"type":"if","locations":[{"start":{"line":47,"column":2},"end":{"line":47,"column":null}},{"start":{},"end":{}}],"line":47},"3":{"loc":{"start":{"line":53,"column":9},"end":{"line":53,"column":null}},"type":"cond-expr","locations":[{"start":{"line":53,"column":26},"end":{"line":53,"column":37}},{"start":{"line":53,"column":37},"end":{"line":53,"column":null}}],"line":53},"4":{"loc":{"start":{"line":61,"column":17},"end":{"line":61,"column":null}},"type":"binary-expr","locations":[{"start":{"line":61,"column":17},"end":{"line":61,"column":46}},{"start":{"line":61,"column":46},"end":{"line":61,"column":null}}],"line":61},"5":{"loc":{"start":{"line":62,"column":20},"end":{"line":62,"column":null}},"type":"binary-expr","locations":[{"start":{"line":62,"column":20},"end":{"line":62,"column":52}},{"start":{"line":62,"column":52},"end":{"line":62,"column":null}}],"line":62},"6":{"loc":{"start":{"line":67,"column":20},"end":{"line":67,"column":null}},"type":"binary-expr","locations":[{"start":{"line":67,"column":20},"end":{"line":67,"column":52}},{"start":{"line":67,"column":52},"end":{"line":67,"column":null}}],"line":67},"7":{"loc":{"start":{"line":70,"column":16},"end":{"line":70,"column":null}},"type":"binary-expr","locations":[{"start":{"line":70,"column":16},"end":{"line":70,"column":44}},{"start":{"line":70,"column":44},"end":{"line":70,"column":null}}],"line":70}},"s":{"0":1,"1":1,"2":10,"3":0,"4":10,"5":1,"6":20,"7":0,"8":20,"9":1,"10":60,"11":0,"12":60,"13":1,"14":6,"15":6,"16":1,"17":1,"18":3,"19":1,"20":2,"21":2,"22":2,"23":2,"24":2,"25":2,"26":2,"27":2,"28":2,"29":2,"30":2,"31":6,"32":6,"33":6,"34":6,"35":6,"36":6,"37":6,"38":6,"39":6,"40":6,"41":6},"f":{"0":10,"1":20,"2":60,"3":6,"4":1,"5":3,"6":1,"7":2,"8":6},"b":{"0":[0,10],"1":[0,20],"2":[0,60],"3":[4,2],"4":[1,0],"5":[1,1],"6":[1,1],"7":[1,1]},"meta":{"lastBranch":8,"lastFunction":9,"lastStatement":42,"seen":{"s:23:40:34:Infinity":0,"s:36:20:39:Infinity":1,"f:36:20:36:21":0,"b:37:2:37:Infinity:undefined:undefined:undefined:undefined":0,"s:37:2:37:Infinity":2,"s:37:37:37:Infinity":3,"s:38:2:38:Infinity":4,"s:41:20:44:Infinity":5,"f:41:20:41:21":1,"b:42:2:42:Infinity:undefined:undefined:undefined:undefined":1,"s:42:2:42:Infinity":6,"s:42:37:42:Infinity":7,"s:43:2:43:Infinity":8,"s:46:23:49:Infinity":9,"f:46:23:46:24":2,"b:47:2:47:Infinity:undefined:undefined:undefined:undefined":2,"s:47:2:47:Infinity":10,"s:47:37:47:Infinity":11,"s:48:2:48:Infinity":12,"s:51:20:54:Infinity":13,"f:51:20:51:21":3,"s:52:16:52:Infinity":14,"s:53:2:53:Infinity":15,"b:53:26:53:37:53:37:53:Infinity":3,"s:56:13:99:Infinity":16,"f:56:59:56:60":4,"s:56:74:99:2":17,"f:58:15:58:16":5,"s:58:26:58:Infinity":18,"f:59:16:59:22":6,"s:60:4:71:Infinity":19,"b:61:17:61:46:61:46:61:Infinity":4,"b:62:20:62:52:62:52:62:Infinity":5,"b:67:20:67:52:67:52:67:Infinity":6,"b:70:16:70:44:70:44:70:Infinity":7,"f:73:16:73:22":7,"s:74:18:74:Infinity":20,"s:75:4:75:Infinity":21,"s:76:4:76:Infinity":22,"s:77:4:77:Infinity":23,"s:78:4:78:Infinity":24,"s:79:4:79:Infinity":25,"s:80:4:80:Infinity":26,"s:81:4:81:Infinity":27,"s:82:4:82:Infinity":28,"s:83:4:83:Infinity":29,"s:84:4:84:Infinity":30,"f:86:17:86:23":8,"s:87:4:87:Infinity":31,"s:88:4:88:Infinity":32,"s:89:4:89:Infinity":33,"s:90:4:90:Infinity":34,"s:91:4:91:Infinity":35,"s:92:4:92:Infinity":36,"s:93:4:93:Infinity":37,"s:94:4:94:Infinity":38,"s:95:4:95:Infinity":39,"s:96:4:96:Infinity":40,"s:97:4:97:Infinity":41}}}
,"/home/axw/projects/synapps/apps/web-frontend/src/stores/workflowStore.ts": {"path":"/home/axw/projects/synapps/apps/web-frontend/src/stores/workflowStore.ts","statementMap":{"0":{"start":{"line":28,"column":26},"end":{"line":46,"column":null}},"1":{"start":{"line":28,"column":39},"end":{"line":46,"column":null}},"2":{"start":{"line":48,"column":13},"end":{"line":84,"column":null}},"3":{"start":{"line":48,"column":69},"end":{"line":84,"column":2}},"4":{"start":{"line":58,"column":21},"end":{"line":58,"column":null}},"5":{"start":{"line":59,"column":31},"end":{"line":59,"column":null}},"6":{"start":{"line":60,"column":29},"end":{"line":60,"column":null}},"7":{"start":{"line":61,"column":39},"end":{"line":61,"column":null}},"8":{"start":{"line":62,"column":41},"end":{"line":62,"column":null}},"9":{"start":{"line":63,"column":41},"end":{"line":63,"column":null}},"10":{"start":{"line":64,"column":33},"end":{"line":64,"column":null}},"11":{"start":{"line":65,"column":31},"end":{"line":65,"column":null}},"12":{"start":{"line":66,"column":41},"end":{"line":66,"column":null}},"13":{"start":{"line":68,"column":20},"end":{"line":68,"column":null}},"14":{"start":{"line":69,"column":4},"end":{"line":69,"column":null}},"15":{"start":{"line":70,"column":4},"end":{"line":70,"column":null}},"16":{"start":{"line":73,"column":4},"end":{"line":83,"column":null}}},"fnMap":{"0":{"name":"(anonymous_0)","decl":{"start":{"line":28,"column":26},"end":{"line":28,"column":39}},"loc":{"start":{"line":28,"column":39},"end":{"line":46,"column":null}},"line":28},"1":{"name":"(anonymous_1)","decl":{"start":{"line":48,"column":59},"end":{"line":48,"column":60}},"loc":{"start":{"line":48,"column":69},"end":{"line":84,"column":2}},"line":48},"2":{"name":"(anonymous_2)","decl":{"start":{"line":58,"column":11},"end":{"line":58,"column":12}},"loc":{"start":{"line":58,"column":21},"end":{"line":58,"column":null}},"line":58},"3":{"name":"(anonymous_3)","decl":{"start":{"line":59,"column":16},"end":{"line":59,"column":17}},"loc":{"start":{"line":59,"column":31},"end":{"line":59,"column":null}},"line":59},"4":{"name":"(anonymous_4)","decl":{"start":{"line":60,"column":15},"end":{"line":60,"column":16}},"loc":{"start":{"line":60,"column":29},"end":{"line":60,"column":null}},"line":60},"5":{"name":"(anonymous_5)","decl":{"start":{"line":61,"column":20},"end":{"line":61,"column":21}},"loc":{"start":{"line":61,"column":39},"end":{"line":61,"column":null}},"line":61},"6":{"name":"(anonymous_6)","decl":{"start":{"line":62,"column":21},"end":{"line":62,"column":22}},"loc":{"start":{"line":62,"column":41},"end":{"line":62,"column":null}},"line":62},"7":{"name":"(anonymous_7)","decl":{"start":{"line":63,"column":21},"end":{"line":63,"column":22}},"loc":{"start":{"line":63,"column":41},"end":{"line":63,"column":null}},"line":63},"8":{"name":"(anonymous_8)","decl":{"start":{"line":64,"column":17},"end":{"line":64,"column":18}},"loc":{"start":{"line":64,"column":33},"end":{"line":64,"column":null}},"line":64},"9":{"name":"(anonymous_9)","decl":{"start":{"line":65,"column":16},"end":{"line":65,"column":17}},"loc":{"start":{"line":65,"column":31},"end":{"line":65,"column":null}},"line":65},"10":{"name":"(anonymous_10)","decl":{"start":{"line":66,"column":21},"end":{"line":66,"column":22}},"loc":{"start":{"line":66,"column":41},"end":{"line":66,"column":null}},"line":66},"11":{"name":"(anonymous_11)","decl":{"start":{"line":67,"column":19},"end":{"line":67,"column":25}},"loc":{"start":{"line":67,"column":25},"end":{"line":71,"column":null}},"line":67},"12":{"name":"(anonymous_12)","decl":{"start":{"line":72,"column":22},"end":{"line":72,"column":null}},"loc":{"start":{"line":73,"column":4},"end":{"line":83,"column":null}},"line":73}},"branchMap":{},"s":{"0":2,"1":1,"2":2,"3":2,"4":2,"5":2,"6":2,"7":2,"8":2,"9":2,"10":2,"11":2,"12":2,"13":1,"14":1,"15":1,"16":21},"f":{"0":1,"1":2,"2":2,"3":2,"4":2,"5":2,"6":2,"7":2,"8":2,"9":2,"10":2,"11":1,"12":21},"b":{},"meta":{"lastBranch":0,"lastFunction":13,"lastStatement":17,"seen":{"s:28:26:46:Infinity":0,"f:28:26:28:39":0,"s:28:39:46:Infinity":1,"s:48:13:84:Infinity":2,"f:48:59:48:60":1,"s:48:69:84:2":3,"f:58:11:58:12":2,"s:58:21:58:Infinity":4,"f:59:16:59:17":3,"s:59:31:59:Infinity":5,"f:60:15:60:16":4,"s:60:29:60:Infinity":6,"f:61:20:61:21":5,"s:61:39:61:Infinity":7,"f:62:21:62:22":6,"s:62:41:62:Infinity":8,"f:63:21:63:22":7,"s:63:41:63:Infinity":9,"f:64:17:64:18":8,"s:64:33:64:Infinity":10,"f:65:16:65:17":9,"s:65:31:65:Infinity":11,"f:66:21:66:22":10,"s:66:41:66:Infinity":12,"f:67:19:67:25":11,"s:68:20:68:Infinity":13,"s:69:4:69:Infinity":14,"s:70:4:70:Infinity":15,"f:72:22:72:Infinity":12,"s:73:4:83:Infinity":16}}}
,"/home/axw/projects/synapps/apps/web-frontend/src/utils/flowUtils.ts": {"path":"/home/axw/projects/synapps/apps/web-frontend/src/utils/flowUtils.ts","statementMap":{"0":{"start":{"line":10,"column":26},"end":{"line":12,"column":null}},"1":{"start":{"line":11,"column":2},"end":{"line":11,"column":null}},"2":{"start":{"line":17,"column":25},"end":{"line":19,"column":null}},"3":{"start":{"line":18,"column":2},"end":{"line":18,"column":null}},"4":{"start":{"line":25,"column":38},"end":{"line":63,"column":null}},"5":{"start":{"line":27,"column":20},"end":{"line":27,"column":null}},"6":{"start":{"line":30,"column":24},"end":{"line":33,"column":null}},"7":{"start":{"line":36,"column":44},"end":{"line":36,"column":null}},"8":{"start":{"line":39,"column":2},"end":{"line":50,"column":null}},"9":{"start":{"line":40,"column":18},"end":{"line":40,"column":null}},"10":{"start":{"line":41,"column":18},"end":{"line":41,"column":null}},"11":{"start":{"line":44,"column":4},"end":{"line":44,"column":null}},"12":{"start":{"line":46,"column":4},"end":{"line":49,"column":null}},"13":{"start":{"line":53,"column":2},"end":{"line":60,"column":null}},"14":{"start":{"line":54,"column":4},"end":{"line":59,"column":null}},"15":{"start":{"line":62,"column":2},"end":{"line":62,"column":null}},"16":{"start":{"line":68,"column":28},"end":{"line":109,"column":null}},"17":{"start":{"line":69,"column":27},"end":{"line":69,"column":null}},"18":{"start":{"line":72,"column":2},"end":{"line":75,"column":null}},"19":{"start":{"line":73,"column":4},"end":{"line":73,"column":null}},"20":{"start":{"line":74,"column":4},"end":{"line":74,"column":null}},"21":{"start":{"line":78,"column":19},"end":{"line":78,"column":null}},"22":{"start":{"line":78,"column":43},"end":{"line":78,"column":64}},"23":{"start":{"line":79,"column":17},"end":{"line":79,"column":null}},"24":{"start":{"line":79,"column":41},"end":{"line":79,"column":60}},"25":{"start":{"line":81,"column":2},"end":{"line":83,"column":null}},"26":{"start":{"line":82,"column":4},"end":{"line":82,"column":null}},"27":{"start":{"line":85,"column":2},"end":{"line":87,"column":null}},"28":{"start":{"line":86,"column":4},"end":{"line":86,"column":null}},"29":{"start":{"line":90,"column":25},"end":{"line":90,"column":null}},"30":{"start":{"line":93,"column":2},"end":{"line":96,"column":null}},"31":{"start":{"line":94,"column":4},"end":{"line":94,"column":null}},"32":{"start":{"line":95,"column":4},"end":{"line":95,"column":null}},"33":{"start":{"line":99,"column":24},"end":{"line":99,"column":null}},"34":{"start":{"line":99,"column":50},"end":{"line":99,"column":78}},"35":{"start":{"line":101,"column":2},"end":{"line":103,"column":null}},"36":{"start":{"line":102,"column":4},"end":{"line":102,"column":null}},"37":{"start":{"line":105,"column":2},"end":{"line":108,"column":null}}},"fnMap":{"0":{"name":"(anonymous_0)","decl":{"start":{"line":10,"column":26},"end":{"line":10,"column":40}},"loc":{"start":{"line":10,"column":40},"end":{"line":12,"column":null}},"line":10},"1":{"name":"(anonymous_1)","decl":{"start":{"line":17,"column":25},"end":{"line":17,"column":26}},"loc":{"start":{"line":17,"column":47},"end":{"line":19,"column":null}},"line":17},"2":{"name":"(anonymous_2)","decl":{"start":{"line":25,"column":38},"end":{"line":25,"column":39}},"loc":{"start":{"line":25,"column":72},"end":{"line":63,"column":null}},"line":25},"3":{"name":"(anonymous_3)","decl":{"start":{"line":39,"column":36},"end":{"line":39,"column":44}},"loc":{"start":{"line":39,"column":44},"end":{"line":50,"column":3}},"line":39},"4":{"name":"(anonymous_4)","decl":{"start":{"line":53,"column":36},"end":{"line":53,"column":44}},"loc":{"start":{"line":53,"column":44},"end":{"line":60,"column":3}},"line":53},"5":{"name":"(anonymous_5)","decl":{"start":{"line":68,"column":28},"end":{"line":68,"column":29}},"loc":{"start":{"line":68,"column":82},"end":{"line":109,"column":null}},"line":68},"6":{"name":"(anonymous_6)","decl":{"start":{"line":78,"column":35},"end":{"line":78,"column":43}},"loc":{"start":{"line":78,"column":43},"end":{"line":78,"column":64}},"line":78},"7":{"name":"(anonymous_7)","decl":{"start":{"line":79,"column":33},"end":{"line":79,"column":41}},"loc":{"start":{"line":79,"column":41},"end":{"line":79,"column":60}},"line":79},"8":{"name":"(anonymous_8)","decl":{"start":{"line":93,"column":21},"end":{"line":93,"column":29}},"loc":{"start":{"line":93,"column":29},"end":{"line":96,"column":3}},"line":93},"9":{"name":"(anonymous_9)","decl":{"start":{"line":99,"column":42},"end":{"line":99,"column":50}},"loc":{"start":{"line":99,"column":50},"end":{"line":99,"column":78}},"line":99}},"branchMap":{"0":{"loc":{"start":{"line":72,"column":2},"end":{"line":75,"column":null}},"type":"if","locations":[{"start":{"line":72,"column":2},"end":{"line":75,"column":null}},{"start":{},"end":{}}],"line":72},"1":{"loc":{"start":{"line":72,"column":6},"end":{"line":72,"column":46}},"type":"binary-expr","locations":[{"start":{"line":72,"column":6},"end":{"line":72,"column":21}},{"start":{"line":72,"column":21},"end":{"line":72,"column":46}}],"line":72},"2":{"loc":{"start":{"line":81,"column":2},"end":{"line":83,"column":null}},"type":"if","locations":[{"start":{"line":81,"column":2},"end":{"line":83,"column":null}},{"start":{},"end":{}}],"line":81},"3":{"loc":{"start":{"line":85,"column":2},"end":{"line":87,"column":null}},"type":"if","locations":[{"start":{"line":85,"column":2},"end":{"line":87,"column":null}},{"start":{},"end":{}}],"line":85},"4":{"loc":{"start":{"line":101,"column":2},"end":{"line":103,"column":null}},"type":"if","locations":[{"start":{"line":101,"column":2},"end":{"line":103,"column":null}},{"start":{},"end":{}}],"line":101}},"s":{"0":1,"1":14,"2":1,"3":3,"4":1,"5":2,"6":2,"7":2,"8":2,"9":6,"10":6,"11":6,"12":6,"13":2,"14":4,"15":2,"16":1,"17":6,"18":6,"19":1,"20":1,"21":5,"22":8,"23":5,"24":13,"25":5,"26":1,"27":5,"28":2,"29":5,"30":5,"31":8,"32":8,"33":5,"34":14,"35":5,"36":2,"37":5},"f":{"0":14,"1":3,"2":2,"3":6,"4":4,"5":6,"6":8,"7":13,"8":8,"9":14},"b":{"0":[1,5],"1":[6,6],"2":[1,4],"3":[2,3],"4":[2,3]},"meta":{"lastBranch":5,"lastFunction":10,"lastStatement":38,"seen":{"s:10:26:12:Infinity":0,"f:10:26:10:40":0,"s:11:2:11:Infinity":1,"s:17:25:19:Infinity":2,"f:17:25:17:26":1,"s:18:2:18:Infinity":3,"s:25:38:63:Infinity":4,"f:25:38:25:39":2,"s:27:20:27:Infinity":5,"s:30:24:33:Infinity":6,"s:36:44:36:Infinity":7,"s:39:2:50:Infinity":8,"f:39:36:39:44":3,"s:40:18:40:Infinity":9,"s:41:18:41:Infinity":10,"s:44:4:44:Infinity":11,"s:46:4:49:Infinity":12,"s:53:2:60:Infinity":13,"f:53:36:53:44":4,"s:54:4:59:Infinity":14,"s:62:2:62:Infinity":15,"s:68:28:109:Infinity":16,"f:68:28:68:29":5,"s:69:27:69:Infinity":17,"b:72:2:75:Infinity:undefined:undefined:undefined:undefined":0,"s:72:2:75:Infinity":18,"b:72:6:72:21:72:21:72:46":1,"s:73:4:73:Infinity":19,"s:74:4:74:Infinity":20,"s:78:19:78:Infinity":21,"f:78:35:78:43":6,"s:78:43:78:64":22,"s:79:17:79:Infinity":23,"f:79:33:79:41":7,"s:79:41:79:60":24,"b:81:2:83:Infinity:undefined:undefined:undefined:undefined":2,"s:81:2:83:Infinity":25,"s:82:4:82:Infinity":26,"b:85:2:87:Infinity:undefined:undefined:undefined:undefined":3,"s:85:2:87:Infinity":27,"s:86:4:86:Infinity":28,"s:90:25:90:Infinity":29,"s:93:2:96:Infinity":30,"f:93:21:93:29":8,"s:94:4:94:Infinity":31,"s:95:4:95:Infinity":32,"s:99:24:99:Infinity":33,"f:99:42:99:50":9,"s:99:50:99:78":34,"b:101:2:103:Infinity:undefined:undefined:undefined:undefined":4,"s:101:2:103:Infinity":35,"s:102:4:102:Infinity":36,"s:105:2:108:Infinity":37}}}
}
