TN:
SF:src/App.tsx
FN:15,(anonymous_0)
FN:17,(anonymous_1)
FN:22,(anonymous_2)
FNF:3
FNH:0
FNDA:0,(anonymous_0)
FNDA:0,(anonymous_1)
FNDA:0,(anonymous_2)
DA:15,0
DA:17,0
DA:19,0
DA:22,0
DA:23,0
DA:27,0
LF:6
LH:0
BRF:0
BRH:0
end_of_record
TN:
SF:src/index.tsx
FNF:0
FNH:0
DA:9,0
DA:13,0
LF:2
LH:0
BRF:0
BRH:0
end_of_record
TN:
SF:src/components/CodeEditor/CodeEditor.tsx
FN:19,(anonymous_0)
FN:34,(anonymous_1)
FN:51,(anonymous_2)
FN:57,(anonymous_3)
FN:64,(anonymous_4)
FN:85,(anonymous_5)
FN:95,(anonymous_6)
FN:158,(anonymous_7)
FN:172,(anonymous_8)
FN:188,(anonymous_9)
FN:198,(anonymous_10)
FN:208,(anonymous_11)
FNF:12
FNH:0
FNDA:0,(anonymous_0)
FNDA:0,(anonymous_1)
FNDA:0,(anonymous_2)
FNDA:0,(anonymous_3)
FNDA:0,(anonymous_4)
FNDA:0,(anonymous_5)
FNDA:0,(anonymous_6)
FNDA:0,(anonymous_7)
FNDA:0,(anonymous_8)
FNDA:0,(anonymous_9)
FNDA:0,(anonymous_10)
FNDA:0,(anonymous_11)
DA:19,0
DA:26,0
DA:27,0
DA:28,0
DA:29,0
DA:30,0
DA:31,0
DA:34,0
DA:35,0
DA:38,0
DA:51,0
DA:52,0
DA:57,0
DA:58,0
DA:59,0
DA:64,0
DA:65,0
DA:67,0
DA:69,0
DA:70,0
DA:75,0
DA:76,0
DA:78,0
DA:80,0
DA:85,0
DA:86,0
DA:87,0
DA:88,0
DA:89,0
DA:90,0
DA:95,0
DA:96,0
DA:97,0
DA:101,0
DA:158,0
DA:172,0
DA:189,0
DA:190,0
DA:199,0
DA:200,0
DA:209,0
DA:210,0
LF:42
LH:0
BRDA:22,0,0,0
BRDA:58,1,0,0
BRDA:58,1,1,0
BRDA:65,2,0,0
BRDA:65,2,1,0
BRDA:65,3,0,0
BRDA:65,3,1,0
BRDA:65,3,2,0
BRDA:86,4,0,0
BRDA:86,4,1,0
BRDA:86,5,0,0
BRDA:86,5,1,0
BRDA:96,6,0,0
BRDA:96,6,1,0
BRDA:110,7,0,0
BRDA:110,7,1,0
BRDA:119,8,0,0
BRDA:119,8,1,0
BRDA:134,9,0,0
BRDA:134,9,1,0
BRDA:138,10,0,0
BRDA:138,10,1,0
BRDA:144,11,0,0
BRDA:144,11,1,0
BRDA:148,12,0,0
BRDA:148,12,1,0
BRDA:166,13,0,0
BRDA:166,13,1,0
BRDA:178,14,0,0
BRDA:178,14,1,0
BRDA:180,15,0,0
BRDA:180,15,1,0
BRDA:192,16,0,0
BRDA:192,16,1,0
BRDA:202,17,0,0
BRDA:202,17,1,0
BRDA:212,18,0,0
BRDA:212,18,1,0
BRF:38
BRH:0
end_of_record
TN:
SF:src/components/Layout/MainLayout.tsx
FN:16,(anonymous_0)
FN:37,(anonymous_1)
FNF:2
FNH:0
FNDA:0,(anonymous_0)
FNDA:0,(anonymous_1)
DA:16,0
DA:17,0
DA:20,0
DA:28,0
DA:38,0
LF:5
LH:0
BRDA:41,0,0,0
BRDA:41,0,1,0
BRF:2
BRH:0
end_of_record
TN:
SF:src/components/Notifications/NotificationCenter.tsx
FN:14,(anonymous_0)
FN:22,(anonymous_1)
FN:30,(anonymous_2)
FN:31,(anonymous_3)
FN:36,(anonymous_4)
FN:53,(anonymous_5)
FN:54,(anonymous_6)
FN:56,(anonymous_7)
FN:60,(anonymous_8)
FN:77,(anonymous_9)
FN:78,(anonymous_10)
FN:79,(anonymous_11)
FN:84,(anonymous_12)
FN:85,(anonymous_13)
FN:86,(anonymous_14)
FN:93,(anonymous_15)
FN:94,(anonymous_16)
FN:95,(anonymous_17)
FN:100,(anonymous_18)
FN:105,(anonymous_19)
FN:106,(anonymous_20)
FN:115,(anonymous_21)
FN:152,(anonymous_22)
FN:156,(anonymous_23)
FN:171,(anonymous_24)
FNF:25
FNH:0
FNDA:0,(anonymous_0)
FNDA:0,(anonymous_1)
FNDA:0,(anonymous_2)
FNDA:0,(anonymous_3)
FNDA:0,(anonymous_4)
FNDA:0,(anonymous_5)
FNDA:0,(anonymous_6)
FNDA:0,(anonymous_7)
FNDA:0,(anonymous_8)
FNDA:0,(anonymous_9)
FNDA:0,(anonymous_10)
FNDA:0,(anonymous_11)
FNDA:0,(anonymous_12)
FNDA:0,(anonymous_13)
FNDA:0,(anonymous_14)
FNDA:0,(anonymous_15)
FNDA:0,(anonymous_16)
FNDA:0,(anonymous_17)
FNDA:0,(anonymous_18)
FNDA:0,(anonymous_19)
FNDA:0,(anonymous_20)
FNDA:0,(anonymous_21)
FNDA:0,(anonymous_22)
FNDA:0,(anonymous_23)
FNDA:0,(anonymous_24)
DA:14,0
DA:17,0
DA:18,0
DA:19,0
DA:22,0
DA:23,0
DA:26,0
DA:30,0
DA:31,0
DA:32,0
DA:36,0
DA:38,0
DA:39,0
DA:53,0
DA:54,0
DA:56,0
DA:58,0
DA:60,0
DA:61,0
DA:65,0
DA:67,0
DA:68,0
DA:71,0
DA:77,0
DA:78,0
DA:79,0
DA:84,0
DA:85,0
DA:86,0
DA:87,0
DA:93,0
DA:94,0
DA:95,0
DA:100,0
DA:101,0
DA:105,0
DA:106,0
DA:109,0
DA:110,0
DA:115,0
DA:116,0
DA:117,0
DA:120,0
DA:153,0
DA:156,0
DA:172,0
DA:173,0
LF:47
LH:0
BRDA:15,0,0,0
BRDA:38,1,0,0
BRDA:38,1,1,0
BRDA:38,2,0,0
BRDA:38,2,1,0
BRDA:41,3,0,0
BRDA:41,3,1,0
BRDA:42,4,0,0
BRDA:42,4,1,0
BRDA:45,5,0,0
BRDA:45,5,1,0
BRDA:58,6,0,0
BRDA:58,6,1,0
BRDA:61,7,0,0
BRDA:61,7,1,0
BRDA:67,8,0,0
BRDA:67,8,1,0
BRDA:87,9,0,0
BRDA:87,9,1,0
BRDA:109,10,0,0
BRDA:109,10,1,0
BRDA:127,11,0,0
BRDA:127,11,1,0
BRDA:132,12,0,0
BRDA:132,12,1,0
BRDA:147,13,0,0
BRDA:147,13,1,0
BRDA:155,14,0,0
BRDA:155,14,1,0
BRDA:159,15,0,0
BRDA:159,15,1,0
BRDA:160,16,0,0
BRDA:160,16,1,0
BRDA:161,17,0,0
BRDA:161,17,1,0
BRDA:162,18,0,0
BRDA:162,18,1,0
BRF:37
BRH:0
end_of_record
TN:
SF:src/components/TemplateLoader/TemplateLoader.tsx
FN:16,(anonymous_0)
FN:19,(anonymous_1)
FN:23,(anonymous_2)
FN:38,(anonymous_3)
FN:42,(anonymous_4)
FN:47,(anonymous_5)
FNF:6
FNH:0
FNDA:0,(anonymous_0)
FNDA:0,(anonymous_1)
FNDA:0,(anonymous_2)
FNDA:0,(anonymous_3)
FNDA:0,(anonymous_4)
FNDA:0,(anonymous_5)
DA:16,0
DA:17,0
DA:19,0
DA:20,0
DA:23,0
DA:24,0
DA:25,0
DA:26,0
DA:30,0
DA:39,0
DA:42,0
DA:48,0
LF:12
LH:0
BRDA:24,0,0,0
BRDA:24,0,1,0
BRDA:41,1,0,0
BRDA:41,1,1,0
BRF:4
BRH:0
end_of_record
TN:
SF:src/components/WorkflowCanvas/NodeConfigModal.tsx
FN:13,(anonymous_0)
FN:24,(anonymous_1)
FN:32,(anonymous_2)
FN:34,(anonymous_3)
FN:40,(anonymous_4)
FN:47,(anonymous_5)
FN:108,(anonymous_6)
FNF:7
FNH:0
FNDA:0,(anonymous_0)
FNDA:0,(anonymous_1)
FNDA:0,(anonymous_2)
FNDA:0,(anonymous_3)
FNDA:0,(anonymous_4)
FNDA:0,(anonymous_5)
FNDA:0,(anonymous_6)
DA:13,0
DA:21,0
DA:24,0
DA:25,0
DA:26,0
DA:30,0
DA:32,0
DA:33,0
DA:34,0
DA:40,0
DA:41,0
DA:42,0
DA:43,0
DA:47,0
DA:48,0
DA:50,0
DA:78,0
DA:108,0
DA:118,0
DA:135,0
DA:153,0
LF:21
LH:0
BRDA:25,0,0,0
BRDA:25,0,1,0
BRDA:25,1,0,0
BRDA:25,1,1,0
BRDA:30,2,0,0
BRDA:30,2,1,0
BRDA:48,3,0,0
BRDA:48,3,1,0
BRDA:48,3,2,0
BRDA:48,3,3,0
BRDA:58,4,0,0
BRDA:58,4,1,0
BRDA:68,5,0,0
BRDA:68,5,1,0
BRDA:86,6,0,0
BRDA:86,6,1,0
BRDA:96,7,0,0
BRDA:96,7,1,0
BRDA:107,8,0,0
BRDA:107,8,1,0
BRDA:126,9,0,0
BRDA:126,9,1,0
BRDA:143,10,0,0
BRDA:143,10,1,0
BRF:24
BRH:0
end_of_record
TN:
SF:src/components/WorkflowCanvas/NodeContextMenu.tsx
FN:13,(anonymous_0)
FN:18,(anonymous_1)
FN:19,(anonymous_2)
FN:30,(anonymous_3)
FN:49,(anonymous_4)
FN:50,(anonymous_5)
FN:55,(anonymous_6)
FN:59,(anonymous_7)
FN:63,(anonymous_8)
FNF:9
FNH:0
FNDA:0,(anonymous_0)
FNDA:0,(anonymous_1)
FNDA:0,(anonymous_2)
FNDA:0,(anonymous_3)
FNDA:0,(anonymous_4)
FNDA:0,(anonymous_5)
FNDA:0,(anonymous_6)
FNDA:0,(anonymous_7)
FNDA:0,(anonymous_8)
DA:13,0
DA:15,0
DA:18,0
DA:19,0
DA:21,0
DA:22,0
DA:27,0
DA:30,0
DA:31,0
DA:36,0
DA:44,0
DA:49,0
DA:50,0
DA:55,0
DA:59,0
DA:64,0
DA:65,0
DA:66,0
LF:18
LH:0
BRDA:21,0,0,0
BRDA:21,0,1,0
BRDA:21,1,0,0
BRDA:21,1,1,0
BRDA:54,2,0,0
BRDA:54,2,1,0
BRDA:54,2,2,0
BRF:7
BRH:0
end_of_record
TN:
SF:src/components/WorkflowCanvas/WorkflowCanvas.tsx
FN:56,(anonymous_0)
FN:109,(anonymous_1)
FN:121,(anonymous_2)
FN:122,(anonymous_3)
FN:133,(anonymous_4)
FN:134,(anonymous_5)
FN:154,(anonymous_6)
FN:155,(anonymous_7)
FN:187,(anonymous_8)
FN:200,(anonymous_9)
FN:219,(anonymous_10)
FN:233,(anonymous_11)
FN:236,(anonymous_12)
FN:240,(anonymous_13)
FN:268,(anonymous_14)
FN:271,(anonymous_15)
FN:288,(anonymous_16)
FN:306,(anonymous_17)
FN:314,(anonymous_18)
FN:315,(anonymous_19)
FN:327,(anonymous_20)
FN:338,(anonymous_21)
FN:339,(anonymous_22)
FN:374,(anonymous_23)
FN:376,(anonymous_24)
FN:397,(anonymous_25)
FN:403,(anonymous_26)
FN:440,(anonymous_27)
FN:480,(anonymous_28)
FN:486,(anonymous_29)
FN:490,(anonymous_30)
FN:494,(anonymous_31)
FN:498,(anonymous_32)
FN:503,(anonymous_33)
FN:520,(anonymous_34)
FN:524,(anonymous_35)
FN:528,(anonymous_36)
FN:533,(anonymous_37)
FN:551,(anonymous_38)
FN:552,(anonymous_39)
FN:556,(anonymous_40)
FN:560,(anonymous_41)
FN:577,(anonymous_42)
FN:583,(anonymous_43)
FN:590,(anonymous_44)
FN:617,(anonymous_45)
FN:618,(anonymous_46)
FN:635,(anonymous_47)
FN:652,(anonymous_48)
FN:658,(anonymous_49)
FN:676,(anonymous_50)
FN:680,(anonymous_51)
FN:703,(anonymous_52)
FN:753,(anonymous_53)
FN:759,(anonymous_54)
FN:814,(anonymous_55)
FN:822,(anonymous_56)
FNF:57
FNH:0
FNDA:0,(anonymous_0)
FNDA:0,(anonymous_1)
FNDA:0,(anonymous_2)
FNDA:0,(anonymous_3)
FNDA:0,(anonymous_4)
FNDA:0,(anonymous_5)
FNDA:0,(anonymous_6)
FNDA:0,(anonymous_7)
FNDA:0,(anonymous_8)
FNDA:0,(anonymous_9)
FNDA:0,(anonymous_10)
FNDA:0,(anonymous_11)
FNDA:0,(anonymous_12)
FNDA:0,(anonymous_13)
FNDA:0,(anonymous_14)
FNDA:0,(anonymous_15)
FNDA:0,(anonymous_16)
FNDA:0,(anonymous_17)
FNDA:0,(anonymous_18)
FNDA:0,(anonymous_19)
FNDA:0,(anonymous_20)
FNDA:0,(anonymous_21)
FNDA:0,(anonymous_22)
FNDA:0,(anonymous_23)
FNDA:0,(anonymous_24)
FNDA:0,(anonymous_25)
FNDA:0,(anonymous_26)
FNDA:0,(anonymous_27)
FNDA:0,(anonymous_28)
FNDA:0,(anonymous_29)
FNDA:0,(anonymous_30)
FNDA:0,(anonymous_31)
FNDA:0,(anonymous_32)
FNDA:0,(anonymous_33)
FNDA:0,(anonymous_34)
FNDA:0,(anonymous_35)
FNDA:0,(anonymous_36)
FNDA:0,(anonymous_37)
FNDA:0,(anonymous_38)
FNDA:0,(anonymous_39)
FNDA:0,(anonymous_40)
FNDA:0,(anonymous_41)
FNDA:0,(anonymous_42)
FNDA:0,(anonymous_43)
FNDA:0,(anonymous_44)
FNDA:0,(anonymous_45)
FNDA:0,(anonymous_46)
FNDA:0,(anonymous_47)
FNDA:0,(anonymous_48)
FNDA:0,(anonymous_49)
FNDA:0,(anonymous_50)
FNDA:0,(anonymous_51)
FNDA:0,(anonymous_52)
FNDA:0,(anonymous_53)
FNDA:0,(anonymous_54)
FNDA:0,(anonymous_55)
FNDA:0,(anonymous_56)
DA:47,0
DA:56,0
DA:58,0
DA:59,0
DA:60,0
DA:61,0
DA:64,0
DA:77,0
DA:90,0
DA:93,0
DA:94,0
DA:97,0
DA:106,0
DA:109,0
DA:111,0
DA:113,0
DA:114,0
DA:117,0
DA:119,0
DA:121,0
DA:123,0
DA:127,0
DA:129,0
DA:131,0
DA:134,0
DA:135,0
DA:136,0
DA:145,0
DA:148,0
DA:150,0
DA:152,0
DA:155,0
DA:156,0
DA:157,0
DA:162,0
DA:165,0
DA:167,0
DA:169,0
DA:177,0
DA:182,0
DA:187,0
DA:189,0
DA:192,0
DA:193,0
DA:197,0
DA:200,0
DA:219,0
DA:227,0
DA:228,0
DA:232,0
DA:234,0
DA:236,0
DA:237,0
DA:240,0
DA:241,0
DA:243,0
DA:246,0
DA:251,0
DA:255,0
DA:260,0
DA:267,0
DA:269,0
DA:271,0
DA:272,0
DA:275,0
DA:280,0
DA:287,0
DA:289,0
DA:292,0
DA:298,0
DA:306,0
DA:307,0
DA:314,0
DA:315,0
DA:317,0
DA:318,0
DA:321,0
DA:322,0
DA:325,0
DA:327,0
DA:328,0
DA:331,0
DA:332,0
DA:338,0
DA:339,0
DA:341,0
DA:342,0
DA:349,0
DA:351,0
DA:358,0
DA:359,0
DA:366,0
DA:374,0
DA:376,0
DA:379,0
DA:381,0
DA:387,0
DA:390,0
DA:393,0
DA:397,0
DA:398,0
DA:403,0
DA:405,0
DA:406,0
DA:410,0
DA:416,0
DA:417,0
DA:421,0
DA:423,0
DA:435,0
DA:439,0
DA:441,0
DA:443,0
DA:445,0
DA:446,0
DA:447,0
DA:449,0
DA:451,0
DA:452,0
DA:457,0
DA:460,0
DA:473,0
DA:480,0
DA:481,0
DA:482,0
DA:486,0
DA:487,0
DA:490,0
DA:492,0
DA:494,0
DA:497,0
DA:498,0
DA:502,0
DA:504,0
DA:509,0
DA:515,0
DA:520,0
DA:521,0
DA:524,0
DA:527,0
DA:528,0
DA:532,0
DA:533,0
DA:536,0
DA:541,0
DA:547,0
DA:551,0
DA:552,0
DA:556,0
DA:557,0
DA:560,0
DA:562,0
DA:564,0
DA:567,0
DA:577,0
DA:578,0
DA:580,0
DA:583,0
DA:584,0
DA:585,0
DA:586,0
DA:590,0
DA:591,0
DA:592,0
DA:602,0
DA:606,0
DA:611,0
DA:614,0
DA:617,0
DA:618,0
DA:619,0
DA:620,0
DA:628,0
DA:634,0
DA:636,0
DA:639,0
DA:640,0
DA:644,0
DA:645,0
DA:652,0
DA:653,0
DA:656,0
DA:659,0
DA:660,0
DA:668,0
DA:672,0
DA:676,0
DA:677,0
DA:680,0
DA:681,0
DA:686,0
DA:687,0
DA:688,0
DA:692,0
DA:693,0
DA:695,0
DA:697,0
DA:702,0
DA:705,0
DA:707,0
DA:710,0
DA:713,0
DA:716,0
DA:728,0
DA:754,0
DA:755,0
DA:756,0
DA:757,0
DA:760,0
DA:761,0
DA:762,0
DA:763,0
DA:764,0
DA:765,0
DA:814,0
DA:822,0
DA:823,0
LF:217
LH:0
BRDA:56,0,0,0
BRDA:111,1,0,0
BRDA:111,1,1,0
BRDA:117,2,0,0
BRDA:117,2,1,0
BRDA:117,3,0,0
BRDA:117,3,1,0
BRDA:123,4,0,0
BRDA:123,4,1,0
BRDA:129,5,0,0
BRDA:129,5,1,0
BRDA:129,6,0,0
BRDA:129,6,1,0
BRDA:135,7,0,0
BRDA:135,7,1,0
BRDA:150,8,0,0
BRDA:150,8,1,0
BRDA:150,9,0,0
BRDA:150,9,1,0
BRDA:156,10,0,0
BRDA:156,10,1,0
BRDA:167,11,0,0
BRDA:167,11,1,0
BRDA:167,12,0,0
BRDA:167,12,1,0
BRDA:171,13,0,0
BRDA:171,13,1,0
BRDA:172,14,0,0
BRDA:172,14,1,0
BRDA:192,15,0,0
BRDA:192,15,1,0
BRDA:202,16,0,0
BRDA:202,16,1,0
BRDA:202,17,0,0
BRDA:202,17,1,0
BRDA:202,17,2,0
BRDA:204,18,0,0
BRDA:204,18,1,0
BRDA:204,19,0,0
BRDA:204,19,1,0
BRDA:210,20,0,0
BRDA:210,20,1,0
BRDA:212,21,0,0
BRDA:212,21,1,0
BRDA:212,21,2,0
BRDA:213,22,0,0
BRDA:213,22,1,0
BRDA:213,22,2,0
BRDA:214,23,0,0
BRDA:214,23,1,0
BRDA:214,23,2,0
BRDA:223,24,0,0
BRDA:223,24,1,0
BRDA:234,25,0,0
BRDA:234,25,1,0
BRDA:241,26,0,0
BRDA:241,26,1,0
BRDA:269,27,0,0
BRDA:269,27,1,0
BRDA:289,28,0,0
BRDA:289,28,1,0
BRDA:300,29,0,0
BRDA:300,29,1,0
BRDA:301,30,0,0
BRDA:301,30,1,0
BRDA:317,31,0,0
BRDA:317,31,1,0
BRDA:321,32,0,0
BRDA:321,32,1,0
BRDA:321,33,0,0
BRDA:321,33,1,0
BRDA:325,34,0,0
BRDA:325,34,1,0
BRDA:325,35,0,0
BRDA:325,35,1,0
BRDA:331,36,0,0
BRDA:331,36,1,0
BRDA:341,37,0,0
BRDA:341,37,1,0
BRDA:341,38,0,0
BRDA:341,38,1,0
BRDA:349,39,0,0
BRDA:349,39,1,0
BRDA:349,40,0,0
BRDA:349,40,1,0
BRDA:349,40,2,0
BRDA:358,41,0,0
BRDA:358,41,1,0
BRDA:358,42,0,0
BRDA:358,42,1,0
BRDA:358,42,2,0
BRDA:368,43,0,0
BRDA:368,43,1,0
BRDA:379,44,0,0
BRDA:379,44,1,0
BRDA:379,45,0,0
BRDA:379,45,1,0
BRDA:379,45,2,0
BRDA:379,45,3,0
BRDA:405,46,0,0
BRDA:405,46,1,0
BRDA:416,47,0,0
BRDA:416,47,1,0
BRDA:421,48,0,0
BRDA:421,48,1,0
BRDA:443,49,0,0
BRDA:443,49,1,0
BRDA:445,50,0,0
BRDA:445,50,1,0
BRDA:445,51,0,0
BRDA:445,51,1,0
BRDA:449,52,0,0
BRDA:449,52,1,0
BRDA:487,53,0,0
BRDA:487,53,1,0
BRDA:492,54,0,0
BRDA:492,54,1,0
BRDA:504,55,0,0
BRDA:504,55,1,0
BRDA:521,56,0,0
BRDA:521,56,1,0
BRDA:521,57,0,0
BRDA:521,57,1,0
BRDA:528,58,0,0
BRDA:528,58,1,0
BRDA:533,59,0,0
BRDA:533,59,1,0
BRDA:536,60,0,0
BRDA:536,60,1,0
BRDA:557,61,0,0
BRDA:557,61,1,0
BRDA:557,62,0,0
BRDA:557,62,1,0
BRDA:562,63,0,0
BRDA:562,63,1,0
BRDA:570,64,0,0
BRDA:570,64,1,0
BRDA:571,65,0,0
BRDA:571,65,1,0
BRDA:578,66,0,0
BRDA:578,66,1,0
BRDA:578,67,0,0
BRDA:578,67,1,0
BRDA:584,68,0,0
BRDA:584,68,1,0
BRDA:591,69,0,0
BRDA:591,69,1,0
BRDA:619,70,0,0
BRDA:619,70,1,0
BRDA:636,71,0,0
BRDA:636,71,1,0
BRDA:639,72,0,0
BRDA:639,72,1,0
BRDA:639,73,0,0
BRDA:639,73,1,0
BRDA:644,74,0,0
BRDA:644,74,1,0
BRDA:653,75,0,0
BRDA:653,75,1,0
BRDA:659,76,0,0
BRDA:659,76,1,0
BRDA:677,77,0,0
BRDA:677,77,1,0
BRDA:681,78,0,0
BRDA:681,78,1,0
BRDA:687,79,0,0
BRDA:687,79,1,0
BRDA:693,80,0,0
BRDA:693,80,1,0
BRDA:707,81,0,0
BRDA:707,81,1,0
BRDA:719,82,0,0
BRDA:719,82,1,0
BRDA:754,83,0,0
BRDA:754,83,1,0
BRDA:755,84,0,0
BRDA:755,84,1,0
BRDA:756,85,0,0
BRDA:756,85,1,0
BRDA:760,86,0,0
BRDA:760,86,1,0
BRDA:761,87,0,0
BRDA:761,87,1,0
BRDA:762,88,0,0
BRDA:762,88,1,0
BRDA:763,89,0,0
BRDA:763,89,1,0
BRDA:764,90,0,0
BRDA:764,90,1,0
BRDA:772,91,0,0
BRDA:772,91,1,0
BRDA:788,92,0,0
BRDA:788,92,1,0
BRDA:797,93,0,0
BRDA:797,93,1,0
BRDA:797,93,2,0
BRDA:800,94,0,0
BRDA:800,94,1,0
BRDA:801,95,0,0
BRDA:801,95,1,0
BRDA:811,96,0,0
BRDA:811,96,1,0
BRDA:812,97,0,0
BRDA:812,97,1,0
BRDA:813,98,0,0
BRDA:813,98,1,0
BRF:206
BRH:0
end_of_record
TN:
SF:src/components/WorkflowCanvas/nodes/AppletNode.tsx
FN:10,(anonymous_0)
FN:16,(anonymous_1)
FN:18,(anonymous_2)
FN:19,(anonymous_3)
FN:23,(anonymous_4)
FN:43,(anonymous_5)
FN:63,(anonymous_6)
FN:83,(anonymous_7)
FNF:8
FNH:7
FNDA:16,(anonymous_0)
FNDA:8,(anonymous_1)
FNDA:0,(anonymous_2)
FNDA:8,(anonymous_3)
FNDA:16,(anonymous_4)
FNDA:16,(anonymous_5)
FNDA:32,(anonymous_6)
FNDA:16,(anonymous_7)
DA:10,1
DA:11,16
DA:12,16
DA:13,16
DA:16,16
DA:17,8
DA:18,8
DA:19,8
DA:23,16
DA:24,16
DA:26,14
DA:28,2
DA:30,0
DA:32,0
DA:34,0
DA:36,0
DA:38,0
DA:43,16
DA:44,16
DA:46,14
DA:48,2
DA:50,0
DA:52,0
DA:54,0
DA:56,0
DA:58,0
DA:63,16
DA:64,32
DA:66,28
DA:68,4
DA:70,0
DA:72,0
DA:74,0
DA:76,0
DA:78,0
DA:83,16
DA:84,16
DA:86,2
DA:88,0
DA:90,0
DA:92,14
DA:96,16
LF:42
LH:25
BRDA:11,0,0,16
BRDA:11,0,1,0
BRDA:12,1,0,16
BRDA:12,1,1,14
BRDA:24,2,0,14
BRDA:24,2,1,2
BRDA:24,2,2,0
BRDA:24,2,3,0
BRDA:24,2,4,0
BRDA:24,2,5,0
BRDA:24,2,6,0
BRDA:44,3,0,14
BRDA:44,3,1,2
BRDA:44,3,2,0
BRDA:44,3,3,0
BRDA:44,3,4,0
BRDA:44,3,5,0
BRDA:44,3,6,0
BRDA:64,4,0,28
BRDA:64,4,1,4
BRDA:64,4,2,0
BRDA:64,4,3,0
BRDA:64,4,4,0
BRDA:64,4,5,0
BRDA:64,4,6,0
BRDA:84,5,0,2
BRDA:84,5,1,0
BRDA:84,5,2,0
BRDA:84,5,3,14
BRDA:92,6,0,2
BRDA:92,6,1,12
BRDA:98,7,0,8
BRDA:98,7,1,8
BRDA:102,8,0,2
BRDA:102,8,1,14
BRDA:103,9,0,2
BRDA:103,9,1,14
BRDA:119,10,0,16
BRDA:119,10,1,0
BRDA:120,11,0,16
BRDA:120,11,1,2
BRDA:123,12,0,16
BRDA:123,12,1,14
BRDA:125,13,0,14
BRDA:125,13,1,12
BRDA:126,14,0,14
BRDA:126,14,1,2
BRDA:127,15,0,14
BRDA:127,15,1,0
BRDA:128,16,0,14
BRDA:128,16,1,0
BRDA:129,17,0,14
BRDA:129,17,1,0
BRDA:130,18,0,14
BRDA:130,18,1,0
BRDA:131,19,0,14
BRDA:131,19,1,0
BRF:57
BRH:33
end_of_record
TN:
SF:src/components/WorkflowCanvas/nodes/EndNode.tsx
FN:10,(anonymous_0)
FN:14,(anonymous_1)
FN:16,(anonymous_2)
FN:17,(anonymous_3)
FNF:4
FNH:0
FNDA:0,(anonymous_0)
FNDA:0,(anonymous_1)
FNDA:0,(anonymous_2)
FNDA:0,(anonymous_3)
DA:10,0
DA:11,0
DA:14,0
DA:15,0
DA:16,0
DA:17,0
DA:19,0
LF:7
LH:0
BRDA:21,0,0,0
BRDA:21,0,1,0
BRDA:23,1,0,0
BRDA:23,1,1,0
BRDA:24,2,0,0
BRDA:24,2,1,0
BRDA:44,3,0,0
BRDA:44,3,1,0
BRF:8
BRH:0
end_of_record
TN:
SF:src/components/WorkflowCanvas/nodes/StartNode.tsx
FN:10,(anonymous_0)
FN:14,(anonymous_1)
FN:16,(anonymous_2)
FN:17,(anonymous_3)
FNF:4
FNH:0
FNDA:0,(anonymous_0)
FNDA:0,(anonymous_1)
FNDA:0,(anonymous_2)
FNDA:0,(anonymous_3)
DA:10,0
DA:11,0
DA:14,0
DA:15,0
DA:16,0
DA:17,0
DA:19,0
LF:7
LH:0
BRDA:21,0,0,0
BRDA:21,0,1,0
BRDA:23,1,0,0
BRDA:23,1,1,0
BRDA:24,2,0,0
BRDA:24,2,1,0
BRDA:32,3,0,0
BRDA:32,3,1,0
BRF:8
BRH:0
end_of_record
TN:
SF:src/pages/AppletLibraryPage/AppletLibraryPage.tsx
FN:13,(anonymous_0)
FN:24,(anonymous_1)
FN:25,(anonymous_2)
FN:46,(anonymous_3)
FN:52,(anonymous_4)
FN:55,(anonymous_5)
FN:60,(anonymous_6)
FN:86,(anonymous_7)
FN:141,(anonymous_8)
FN:149,(anonymous_9)
FN:153,(anonymous_10)
FN:177,(anonymous_11)
FN:202,(anonymous_12)
FN:270,(anonymous_13)
FNF:14
FNH:0
FNDA:0,(anonymous_0)
FNDA:0,(anonymous_1)
FNDA:0,(anonymous_2)
FNDA:0,(anonymous_3)
FNDA:0,(anonymous_4)
FNDA:0,(anonymous_5)
FNDA:0,(anonymous_6)
FNDA:0,(anonymous_7)
FNDA:0,(anonymous_8)
FNDA:0,(anonymous_9)
FNDA:0,(anonymous_10)
FNDA:0,(anonymous_11)
FNDA:0,(anonymous_12)
FNDA:0,(anonymous_13)
DA:13,0
DA:14,0
DA:16,0
DA:17,0
DA:18,0
DA:19,0
DA:20,0
DA:21,0
DA:24,0
DA:25,0
DA:26,0
DA:27,0
DA:28,0
DA:29,0
DA:32,0
DA:33,0
DA:36,0
DA:38,0
DA:42,0
DA:46,0
DA:47,0
DA:51,0
DA:53,0
DA:55,0
DA:60,0
DA:61,0
DA:64,0
DA:86,0
DA:120,0
DA:123,0
DA:141,0
DA:150,0
DA:153,0
DA:177,0
DA:203,0
DA:270,0
LF:36
LH:0
BRDA:32,0,0,0
BRDA:32,0,1,0
BRDA:51,1,0,0
BRDA:51,1,1,0
BRDA:53,2,0,0
BRDA:53,2,1,0
BRDA:53,2,2,0
BRDA:61,3,0,0
BRDA:61,3,1,0
BRDA:126,4,0,0
BRDA:126,4,1,0
BRDA:128,5,0,0
BRDA:128,5,1,0
BRDA:146,6,0,0
BRDA:146,6,1,0
BRDA:152,7,0,0
BRDA:152,7,1,0
BRDA:164,8,0,0
BRDA:164,8,1,0
BRDA:263,9,0,0
BRDA:263,9,1,0
BRDA:263,9,2,0
BRF:22
BRH:0
end_of_record
TN:
SF:src/pages/DashboardPage/DashboardPage.tsx
FN:14,(anonymous_0)
FN:22,(anonymous_1)
FN:23,(anonymous_2)
FN:44,(anonymous_3)
FN:59,(anonymous_4)
FN:81,(anonymous_5)
FN:94,(anonymous_6)
FN:100,(anonymous_7)
FN:104,(anonymous_8)
FN:111,(anonymous_9)
FN:125,(anonymous_10)
FN:137,(anonymous_11)
FN:144,(anonymous_12)
FN:148,(anonymous_13)
FN:166,(anonymous_14)
FN:180,(anonymous_15)
FN:184,(anonymous_16)
FN:209,(anonymous_17)
FNF:18
FNH:0
FNDA:0,(anonymous_0)
FNDA:0,(anonymous_1)
FNDA:0,(anonymous_2)
FNDA:0,(anonymous_3)
FNDA:0,(anonymous_4)
FNDA:0,(anonymous_5)
FNDA:0,(anonymous_6)
FNDA:0,(anonymous_7)
FNDA:0,(anonymous_8)
FNDA:0,(anonymous_9)
FNDA:0,(anonymous_10)
FNDA:0,(anonymous_11)
FNDA:0,(anonymous_12)
FNDA:0,(anonymous_13)
FNDA:0,(anonymous_14)
FNDA:0,(anonymous_15)
FNDA:0,(anonymous_16)
FNDA:0,(anonymous_17)
DA:14,0
DA:15,0
DA:16,0
DA:17,0
DA:18,0
DA:19,0
DA:22,0
DA:23,0
DA:24,0
DA:25,0
DA:27,0
DA:28,0
DA:31,0
DA:32,0
DA:34,0
DA:36,0
DA:40,0
DA:44,0
DA:45,0
DA:47,0
DA:50,0
DA:52,0
DA:55,0
DA:59,0
DA:60,0
DA:61,0
DA:64,0
DA:81,0
DA:94,0
DA:101,0
DA:105,0
DA:112,0
DA:125,0
DA:137,0
DA:145,0
DA:148,0
DA:166,0
DA:181,0
DA:184,0
DA:209,0
LF:40
LH:0
BRDA:130,0,0,0
BRDA:130,0,1,0
BRDA:132,1,0,0
BRDA:132,1,1,0
BRDA:171,2,0,0
BRDA:171,2,1,0
BRDA:173,3,0,0
BRDA:173,3,1,0
BRDA:205,4,0,0
BRDA:205,4,1,0
BRF:10
BRH:0
end_of_record
TN:
SF:src/pages/EditorPage/EditorPage.tsx
FN:16,(anonymous_0)
FN:36,(anonymous_1)
FN:37,(anonymous_2)
FN:73,(anonymous_3)
FN:75,(anonymous_4)
FN:81,(anonymous_5)
FN:97,(anonymous_6)
FN:103,(anonymous_7)
FN:111,(anonymous_8)
FN:136,(anonymous_9)
FN:143,(anonymous_10)
FN:156,(anonymous_11)
FN:189,(anonymous_12)
FN:197,(anonymous_13)
FN:203,(anonymous_14)
FN:205,(anonymous_15)
FN:215,(anonymous_16)
FN:297,(anonymous_17)
FN:310,(anonymous_18)
FN:316,(anonymous_19)
FN:324,(anonymous_20)
FN:324,(anonymous_21)
FN:366,(anonymous_22)
FN:376,(anonymous_23)
FN:400,(anonymous_24)
FN:406,(anonymous_25)
FN:414,(anonymous_26)
FN:420,(anonymous_27)
FN:428,(anonymous_28)
FN:434,(anonymous_29)
FN:479,(anonymous_30)
FN:630,(anonymous_31)
FN:738,(anonymous_32)
FN:750,(anonymous_33)
FNF:34
FNH:0
FNDA:0,(anonymous_0)
FNDA:0,(anonymous_1)
FNDA:0,(anonymous_2)
FNDA:0,(anonymous_3)
FNDA:0,(anonymous_4)
FNDA:0,(anonymous_5)
FNDA:0,(anonymous_6)
FNDA:0,(anonymous_7)
FNDA:0,(anonymous_8)
FNDA:0,(anonymous_9)
FNDA:0,(anonymous_10)
FNDA:0,(anonymous_11)
FNDA:0,(anonymous_12)
FNDA:0,(anonymous_13)
FNDA:0,(anonymous_14)
FNDA:0,(anonymous_15)
FNDA:0,(anonymous_16)
FNDA:0,(anonymous_17)
FNDA:0,(anonymous_18)
FNDA:0,(anonymous_19)
FNDA:0,(anonymous_20)
FNDA:0,(anonymous_21)
FNDA:0,(anonymous_22)
FNDA:0,(anonymous_23)
FNDA:0,(anonymous_24)
FNDA:0,(anonymous_25)
FNDA:0,(anonymous_26)
FNDA:0,(anonymous_27)
FNDA:0,(anonymous_28)
FNDA:0,(anonymous_29)
FNDA:0,(anonymous_30)
FNDA:0,(anonymous_31)
FNDA:0,(anonymous_32)
FNDA:0,(anonymous_33)
DA:16,0
DA:17,0
DA:18,0
DA:19,0
DA:21,0
DA:22,0
DA:23,0
DA:24,0
DA:25,0
DA:26,0
DA:27,0
DA:28,0
DA:29,0
DA:30,0
DA:33,0
DA:36,0
DA:37,0
DA:38,0
DA:40,0
DA:41,0
DA:42,0
DA:43,0
DA:45,0
DA:47,0
DA:51,0
DA:54,0
DA:57,0
DA:60,0
DA:61,0
DA:62,0
DA:64,0
DA:65,0
DA:67,0
DA:73,0
DA:75,0
DA:78,0
DA:81,0
DA:91,0
DA:93,0
DA:94,0
DA:97,0
DA:103,0
DA:104,0
DA:111,0
DA:112,0
DA:132,0
DA:136,0
DA:137,0
DA:138,0
DA:139,0
DA:140,0
DA:141,0
DA:143,0
DA:145,0
DA:146,0
DA:149,0
DA:151,0
DA:156,0
DA:157,0
DA:159,0
DA:161,0
DA:163,0
DA:164,0
DA:165,0
DA:166,0
DA:169,0
DA:174,0
DA:175,0
DA:177,0
DA:180,0
DA:182,0
DA:184,0
DA:189,0
DA:191,0
DA:192,0
DA:197,0
DA:198,0
DA:199,0
DA:203,0
DA:205,0
DA:207,0
DA:209,0
DA:210,0
DA:211,0
DA:215,0
DA:216,0
DA:271,0
DA:274,0
DA:282,0
DA:291,0
DA:297,0
DA:302,0
DA:307,0
DA:310,0
DA:316,0
DA:324,0
DA:344,0
DA:366,0
DA:376,0
DA:401,0
DA:406,0
DA:415,0
DA:420,0
DA:429,0
DA:434,0
DA:483,0
DA:487,0
DA:488,0
DA:501,0
DA:502,0
DA:515,0
DA:517,0
DA:530,0
DA:531,0
DA:532,0
DA:546,0
DA:547,0
DA:548,0
DA:549,0
DA:564,0
DA:566,0
DA:569,0
DA:570,0
DA:582,0
DA:583,0
DA:596,0
DA:598,0
DA:611,0
DA:612,0
DA:613,0
DA:614,0
DA:630,0
DA:631,0
DA:634,0
DA:635,0
DA:636,0
DA:639,0
DA:644,0
DA:645,0
DA:649,0
DA:650,0
DA:654,0
DA:655,0
DA:660,0
DA:661,0
DA:662,0
DA:666,0
DA:669,0
DA:670,0
DA:672,0
DA:673,0
DA:684,0
DA:688,0
DA:702,0
DA:738,0
DA:750,0
LF:156
LH:0
BRDA:40,0,0,0
BRDA:40,0,1,0
BRDA:61,1,0,0
BRDA:61,1,1,0
BRDA:91,2,0,0
BRDA:91,2,1,0
BRDA:91,3,0,0
BRDA:91,3,1,0
BRDA:137,4,0,0
BRDA:137,4,1,0
BRDA:138,5,0,0
BRDA:138,5,1,0
BRDA:138,6,0,0
BRDA:138,6,1,0
BRDA:143,7,0,0
BRDA:143,7,1,0
BRDA:145,8,0,0
BRDA:145,8,1,0
BRDA:145,9,0,0
BRDA:145,9,1,0
BRDA:157,10,0,0
BRDA:157,10,1,0
BRDA:164,11,0,0
BRDA:164,11,1,0
BRDA:174,12,0,0
BRDA:174,12,1,0
BRDA:191,13,0,0
BRDA:191,13,1,0
BRDA:205,14,0,0
BRDA:205,14,1,0
BRDA:205,15,0,0
BRDA:205,15,1,0
BRDA:207,16,0,0
BRDA:207,16,1,0
BRDA:207,17,0,0
BRDA:207,17,1,0
BRDA:218,18,0,0
BRDA:218,18,1,0
BRDA:218,19,0,0
BRDA:218,19,1,0
BRDA:271,20,0,0
BRDA:271,20,1,0
BRDA:285,21,0,0
BRDA:285,21,1,0
BRDA:287,22,0,0
BRDA:287,22,1,0
BRDA:323,23,0,0
BRDA:323,23,1,0
BRDA:324,24,0,0
BRDA:324,24,1,0
BRDA:330,25,0,0
BRDA:330,25,1,0
BRDA:330,25,2,0
BRDA:330,25,3,0
BRDA:332,26,0,0
BRDA:332,26,1,0
BRDA:337,27,0,0
BRDA:337,27,1,0
BRDA:337,27,2,0
BRDA:337,27,3,0
BRDA:339,28,0,0
BRDA:339,28,1,0
BRDA:347,29,0,0
BRDA:347,29,1,0
BRDA:349,30,0,0
BRDA:349,30,1,0
BRDA:383,31,0,0
BRDA:383,31,1,0
BRDA:444,32,0,0
BRDA:444,32,1,0
BRDA:448,33,0,0
BRDA:448,33,1,0
BRDA:448,33,2,0
BRDA:449,34,0,0
BRDA:449,34,1,0
BRDA:452,35,0,0
BRDA:452,35,1,0
BRDA:457,36,0,0
BRDA:457,36,1,0
BRDA:459,37,0,0
BRDA:459,37,1,0
BRDA:483,38,0,0
BRDA:483,38,1,0
BRDA:487,39,0,0
BRDA:487,39,1,0
BRDA:501,40,0,0
BRDA:501,40,1,0
BRDA:515,41,0,0
BRDA:515,41,1,0
BRDA:515,42,0,0
BRDA:515,42,1,0
BRDA:530,43,0,0
BRDA:530,43,1,0
BRDA:530,44,0,0
BRDA:530,44,1,0
BRDA:531,45,0,0
BRDA:531,45,1,0
BRDA:548,46,0,0
BRDA:548,46,1,0
BRDA:548,47,0,0
BRDA:548,47,1,0
BRDA:564,48,0,0
BRDA:564,48,1,0
BRDA:564,49,0,0
BRDA:564,49,1,0
BRDA:569,50,0,0
BRDA:569,50,1,0
BRDA:582,51,0,0
BRDA:582,51,1,0
BRDA:596,52,0,0
BRDA:596,52,1,0
BRDA:596,53,0,0
BRDA:596,53,1,0
BRDA:613,54,0,0
BRDA:613,54,1,0
BRDA:613,55,0,0
BRDA:613,55,1,0
BRDA:630,56,0,0
BRDA:631,57,0,0
BRDA:631,57,1,0
BRDA:631,58,0,0
BRDA:631,58,1,0
BRDA:635,59,0,0
BRDA:635,59,1,0
BRDA:639,60,0,0
BRDA:639,60,1,0
BRDA:639,61,0,0
BRDA:639,61,1,0
BRDA:639,61,2,0
BRDA:639,61,3,0
BRDA:639,61,4,0
BRDA:639,61,5,0
BRDA:644,62,0,0
BRDA:644,62,1,0
BRDA:649,63,0,0
BRDA:649,63,1,0
BRDA:649,64,0,0
BRDA:649,64,1,0
BRDA:654,65,0,0
BRDA:654,65,1,0
BRDA:654,66,0,0
BRDA:654,66,1,0
BRDA:660,67,0,0
BRDA:660,67,1,0
BRDA:660,68,0,0
BRDA:660,68,1,0
BRDA:662,69,0,0
BRDA:662,69,1,0
BRDA:670,70,0,0
BRDA:670,70,1,0
BRDA:672,71,0,0
BRDA:672,71,1,0
BRDA:684,72,0,0
BRDA:684,72,1,0
BRDA:713,73,0,0
BRDA:713,73,1,0
BRDA:734,74,0,0
BRDA:734,74,1,0
BRDA:743,75,0,0
BRDA:743,75,1,0
BRF:160
BRH:0
end_of_record
TN:
SF:src/pages/HistoryPage/HistoryPage.tsx
FN:30,(anonymous_0)
FN:44,(anonymous_1)
FN:45,(anonymous_2)
FN:51,(anonymous_3)
FN:61,(anonymous_4)
FN:72,(anonymous_5)
FN:88,(anonymous_6)
FN:115,(anonymous_7)
FN:121,(anonymous_8)
FN:136,(anonymous_9)
FN:145,(anonymous_10)
FN:151,(anonymous_11)
FN:156,(anonymous_12)
FN:157,(anonymous_13)
FN:169,(anonymous_14)
FN:193,(anonymous_15)
FN:196,(anonymous_16)
FN:200,(anonymous_17)
FN:233,(anonymous_18)
FN:245,(anonymous_19)
FN:252,(anonymous_20)
FN:256,(anonymous_21)
FN:327,(anonymous_22)
FN:361,(anonymous_23)
FN:371,(anonymous_24)
FN:399,(anonymous_25)
FN:491,(anonymous_26)
FN:527,(anonymous_27)
FNF:28
FNH:11
FNDA:12,(anonymous_0)
FNDA:6,(anonymous_1)
FNDA:6,(anonymous_2)
FNDA:5,(anonymous_3)
FNDA:10,(anonymous_4)
FNDA:10,(anonymous_5)
FNDA:4,(anonymous_6)
FNDA:12,(anonymous_7)
FNDA:4,(anonymous_8)
FNDA:4,(anonymous_9)
FNDA:0,(anonymous_10)
FNDA:0,(anonymous_11)
FNDA:0,(anonymous_12)
FNDA:0,(anonymous_13)
FNDA:0,(anonymous_14)
FNDA:0,(anonymous_15)
FNDA:0,(anonymous_16)
FNDA:0,(anonymous_17)
FNDA:0,(anonymous_18)
FNDA:0,(anonymous_19)
FNDA:8,(anonymous_20)
FNDA:0,(anonymous_21)
FNDA:0,(anonymous_22)
FNDA:0,(anonymous_23)
FNDA:0,(anonymous_24)
FNDA:0,(anonymous_25)
FNDA:0,(anonymous_26)
FNDA:0,(anonymous_27)
DA:30,1
DA:31,12
DA:32,11
DA:33,11
DA:34,11
DA:36,11
DA:37,11
DA:38,11
DA:39,11
DA:40,11
DA:41,11
DA:44,11
DA:45,6
DA:46,6
DA:47,6
DA:48,6
DA:51,5
DA:52,5
DA:54,5
DA:57,5
DA:58,5
DA:61,5
DA:62,10
DA:63,10
DA:64,10
DA:68,5
DA:69,5
DA:72,5
DA:73,10
DA:74,10
DA:75,10
DA:76,10
DA:78,0
DA:79,0
DA:83,5
DA:84,5
DA:87,5
DA:88,4
DA:89,2
DA:90,2
DA:93,0
DA:94,0
DA:95,0
DA:97,0
DA:100,3
DA:102,3
DA:105,1
DA:107,6
DA:111,6
DA:115,11
DA:116,12
DA:117,12
DA:121,11
DA:122,4
DA:124,0
DA:126,0
DA:127,0
DA:129,0
DA:130,0
DA:131,0
DA:136,11
DA:137,4
DA:139,4
DA:140,4
DA:141,4
DA:144,4
DA:145,4
DA:146,0
DA:150,4
DA:151,4
DA:153,4
DA:155,0
DA:156,0
DA:157,0
DA:160,0
DA:161,0
DA:162,0
DA:163,0
DA:169,4
DA:170,0
DA:171,0
DA:172,0
DA:173,0
DA:176,0
DA:177,0
DA:182,0
DA:184,0
DA:187,0
DA:193,0
DA:196,4
DA:200,11
DA:201,0
DA:203,0
DA:204,0
DA:205,0
DA:206,0
DA:215,0
DA:223,11
DA:233,0
DA:245,0
DA:253,8
DA:257,0
DA:259,0
DA:329,0
DA:330,0
DA:332,0
DA:337,0
DA:341,0
DA:362,0
DA:363,0
DA:365,0
DA:366,0
DA:369,0
DA:370,0
DA:371,0
DA:372,0
DA:374,0
DA:379,0
DA:382,0
DA:383,0
DA:385,0
DA:386,0
DA:387,0
DA:388,0
DA:391,0
DA:396,0
DA:398,0
DA:399,0
DA:401,0
DA:402,0
DA:403,0
DA:404,0
DA:411,0
DA:413,0
DA:415,0
DA:417,0
DA:419,0
DA:420,0
DA:421,0
DA:423,0
DA:424,0
DA:429,0
DA:430,0
DA:434,0
DA:438,0
DA:444,0
DA:445,0
DA:446,0
DA:447,0
DA:448,0
DA:455,0
DA:456,0
DA:457,0
DA:458,0
DA:465,0
DA:493,0
DA:496,0
DA:498,0
DA:499,0
DA:501,0
DA:502,0
DA:503,0
DA:505,0
DA:506,0
DA:507,0
DA:512,0
DA:513,0
DA:514,0
DA:515,0
DA:516,0
DA:522,0
DA:529,0
DA:530,0
DA:531,0
DA:532,0
LF:175
LH:63
BRDA:52,0,0,5
BRDA:52,0,1,0
BRDA:62,1,0,10
BRDA:62,1,1,0
BRDA:75,2,0,10
BRDA:75,2,1,0
BRDA:87,3,0,2
BRDA:87,3,1,3
BRDA:89,4,0,2
BRDA:89,4,1,0
BRDA:100,5,0,3
BRDA:100,5,1,0
BRDA:122,6,0,4
BRDA:122,6,1,0
BRDA:126,7,0,0
BRDA:126,7,1,0
BRDA:137,8,0,0
BRDA:137,8,1,4
BRDA:137,9,0,4
BRDA:137,9,1,4
BRDA:140,10,0,4
BRDA:140,10,1,0
BRDA:141,11,0,4
BRDA:141,11,1,0
BRDA:153,12,0,0
BRDA:153,12,1,4
BRDA:161,13,0,0
BRDA:161,13,1,0
BRDA:161,14,0,0
BRDA:161,14,1,0
BRDA:172,15,0,0
BRDA:172,15,1,0
BRDA:176,16,0,0
BRDA:176,16,1,0
BRDA:176,17,0,0
BRDA:176,17,1,0
BRDA:176,17,2,0
BRDA:182,18,0,0
BRDA:182,18,1,0
BRDA:182,19,0,0
BRDA:182,19,1,0
BRDA:201,20,0,0
BRDA:201,20,1,0
BRDA:201,21,0,0
BRDA:201,21,1,0
BRDA:203,22,0,0
BRDA:203,22,1,0
BRDA:205,23,0,0
BRDA:205,23,1,0
BRDA:205,24,0,0
BRDA:205,24,1,0
BRDA:226,25,0,6
BRDA:226,25,1,5
BRDA:228,26,0,1
BRDA:228,26,1,4
BRDA:245,27,0,0
BRDA:245,27,1,0
BRDA:246,28,0,4
BRDA:246,28,1,0
BRDA:248,29,0,4
BRDA:248,29,1,0
BRDA:255,30,0,4
BRDA:255,30,1,4
BRDA:263,31,0,8
BRDA:263,31,1,0
BRDA:278,32,0,4
BRDA:278,32,1,0
BRDA:294,33,0,4
BRDA:294,33,1,0
BRDA:307,34,0,0
BRDA:307,34,1,4
BRDA:330,35,0,0
BRDA:330,35,1,0
BRDA:330,36,0,0
BRDA:330,36,1,0
BRDA:332,37,0,0
BRDA:332,37,1,0
BRDA:350,38,0,4
BRDA:350,38,1,0
BRDA:359,39,0,4
BRDA:359,39,1,0
BRDA:359,40,0,4
BRDA:359,40,1,4
BRDA:366,41,0,0
BRDA:366,41,1,0
BRDA:370,42,0,0
BRDA:370,42,1,0
BRDA:370,43,0,0
BRDA:370,43,1,0
BRDA:372,44,0,0
BRDA:372,44,1,0
BRDA:372,45,0,0
BRDA:372,45,1,0
BRDA:372,45,2,0
BRDA:372,45,3,0
BRDA:382,46,0,0
BRDA:382,46,1,0
BRDA:383,47,0,0
BRDA:383,47,1,0
BRDA:383,48,0,0
BRDA:383,48,1,0
BRDA:385,49,0,0
BRDA:385,49,1,0
BRDA:387,50,0,0
BRDA:387,50,1,0
BRDA:396,51,0,0
BRDA:396,51,1,0
BRDA:401,52,0,0
BRDA:401,52,1,0
BRDA:403,53,0,0
BRDA:403,53,1,0
BRDA:403,54,0,0
BRDA:403,54,1,0
BRDA:403,54,2,0
BRDA:404,55,0,0
BRDA:404,55,1,0
BRDA:411,56,0,0
BRDA:411,56,1,0
BRDA:413,57,0,0
BRDA:413,57,1,0
BRDA:415,58,0,0
BRDA:415,58,1,0
BRDA:417,59,0,0
BRDA:417,59,1,0
BRDA:417,60,0,0
BRDA:417,60,1,0
BRDA:421,61,0,0
BRDA:421,61,1,0
BRDA:421,62,0,0
BRDA:421,62,1,0
BRDA:429,63,0,0
BRDA:429,63,1,0
BRDA:438,64,0,0
BRDA:438,64,1,0
BRDA:444,65,0,0
BRDA:444,65,1,0
BRDA:444,66,0,0
BRDA:444,66,1,0
BRDA:445,67,0,0
BRDA:445,67,1,0
BRDA:447,68,0,0
BRDA:447,68,1,0
BRDA:448,69,0,0
BRDA:448,69,1,0
BRDA:455,70,0,0
BRDA:455,70,1,0
BRDA:455,71,0,0
BRDA:455,71,1,0
BRDA:457,72,0,0
BRDA:457,72,1,0
BRDA:457,73,0,0
BRDA:457,73,1,0
BRDA:457,73,2,0
BRDA:458,74,0,0
BRDA:458,74,1,0
BRDA:469,75,0,0
BRDA:469,75,1,0
BRDA:479,76,0,0
BRDA:479,76,1,0
BRDA:481,77,0,0
BRDA:481,77,1,0
BRDA:481,78,0,0
BRDA:481,78,1,0
BRDA:481,78,2,0
BRDA:481,78,3,0
BRDA:481,78,4,0
BRDA:481,78,5,0
BRDA:481,78,6,0
BRDA:481,78,7,0
BRDA:496,79,0,0
BRDA:496,79,1,0
BRDA:496,80,0,0
BRDA:496,80,1,0
BRDA:496,80,2,0
BRDA:496,80,3,0
BRDA:503,81,0,0
BRDA:503,81,1,0
BRDA:503,82,0,0
BRDA:503,82,1,0
BRDA:514,83,0,0
BRDA:514,83,1,0
BRDA:514,84,0,0
BRDA:514,84,1,0
BRDA:524,85,0,0
BRDA:524,85,1,0
BRDA:531,86,0,0
BRDA:531,86,1,0
BRDA:540,87,0,0
BRDA:540,87,1,0
BRDA:558,88,0,0
BRDA:558,88,1,0
BRDA:558,89,0,0
BRDA:558,89,1,0
BRDA:570,90,0,0
BRDA:570,90,1,0
BRF:195
BRH:30
end_of_record
TN:
SF:src/pages/NotFoundPage/NotFoundPage.tsx
FN:10,(anonymous_0)
FNF:1
FNH:0
FNDA:0,(anonymous_0)
DA:10,0
DA:11,0
LF:2
LH:0
BRF:0
BRH:0
end_of_record
TN:
SF:src/pages/SettingsPage/SettingsPage.tsx
FN:9,(anonymous_0)
FN:31,(anonymous_1)
FN:69,(anonymous_2)
FN:95,(anonymous_3)
FN:147,(anonymous_4)
FN:161,(anonymous_5)
FN:180,(anonymous_6)
FN:192,(anonymous_7)
FN:209,(anonymous_8)
FN:221,(anonymous_9)
FN:234,(anonymous_10)
FN:251,(anonymous_11)
FN:263,(anonymous_12)
FN:279,(anonymous_13)
FNF:14
FNH:0
FNDA:0,(anonymous_0)
FNDA:0,(anonymous_1)
FNDA:0,(anonymous_2)
FNDA:0,(anonymous_3)
FNDA:0,(anonymous_4)
FNDA:0,(anonymous_5)
FNDA:0,(anonymous_6)
FNDA:0,(anonymous_7)
FNDA:0,(anonymous_8)
FNDA:0,(anonymous_9)
FNDA:0,(anonymous_10)
FNDA:0,(anonymous_11)
FNDA:0,(anonymous_12)
FNDA:0,(anonymous_13)
DA:9,0
DA:11,0
DA:12,0
DA:15,0
DA:16,0
DA:19,0
DA:20,0
DA:21,0
DA:24,0
DA:25,0
DA:28,0
DA:31,0
DA:33,0
DA:34,0
DA:36,0
DA:37,0
DA:40,0
DA:41,0
DA:43,0
DA:44,0
DA:47,0
DA:48,0
DA:50,0
DA:51,0
DA:53,0
DA:54,0
DA:57,0
DA:58,0
DA:60,0
DA:61,0
DA:64,0
DA:65,0
DA:69,0
DA:71,0
DA:72,0
DA:75,0
DA:76,0
DA:79,0
DA:80,0
DA:81,0
DA:84,0
DA:85,0
DA:88,0
DA:91,0
DA:95,0
DA:96,0
DA:98,0
DA:99,0
DA:102,0
DA:103,0
DA:106,0
DA:107,0
DA:108,0
DA:111,0
DA:112,0
DA:115,0
DA:118,0
DA:119,0
DA:120,0
DA:121,0
DA:122,0
DA:123,0
DA:124,0
DA:125,0
DA:126,0
DA:127,0
DA:130,0
DA:134,0
DA:147,0
DA:161,0
DA:180,0
DA:192,0
DA:209,0
DA:221,0
DA:234,0
DA:251,0
DA:263,0
DA:279,0
LF:78
LH:0
BRDA:34,0,0,0
BRDA:34,0,1,0
BRDA:37,1,0,0
BRDA:37,1,1,0
BRDA:41,2,0,0
BRDA:41,2,1,0
BRDA:44,3,0,0
BRDA:44,3,1,0
BRDA:48,4,0,0
BRDA:48,4,1,0
BRDA:51,5,0,0
BRDA:51,5,1,0
BRDA:54,6,0,0
BRDA:54,6,1,0
BRDA:58,7,0,0
BRDA:58,7,1,0
BRDA:61,8,0,0
BRDA:61,8,1,0
BRDA:65,9,0,0
BRDA:65,9,1,0
BRDA:96,10,0,0
BRDA:96,10,1,0
BRDA:227,11,0,0
BRDA:227,11,1,0
BRF:24
BRH:0
end_of_record
TN:
SF:src/services/ApiService.ts
FN:17,(anonymous_0)
FN:30,(anonymous_1)
FN:31,(anonymous_2)
FN:41,(anonymous_3)
FN:49,(anonymous_4)
FN:57,(anonymous_5)
FN:65,(anonymous_6)
FN:73,(anonymous_7)
FN:80,(anonymous_8)
FN:88,(anonymous_9)
FN:96,(anonymous_10)
FN:104,(anonymous_11)
FNF:12
FNH:0
FNDA:0,(anonymous_0)
FNDA:0,(anonymous_1)
FNDA:0,(anonymous_2)
FNDA:0,(anonymous_3)
FNDA:0,(anonymous_4)
FNDA:0,(anonymous_5)
FNDA:0,(anonymous_6)
FNDA:0,(anonymous_7)
FNDA:0,(anonymous_8)
FNDA:0,(anonymous_9)
FNDA:0,(anonymous_10)
FNDA:0,(anonymous_11)
DA:18,0
DA:20,0
DA:29,0
DA:30,0
DA:32,0
DA:33,0
DA:42,0
DA:43,0
DA:50,0
DA:51,0
DA:58,0
DA:59,0
DA:66,0
DA:67,0
DA:74,0
DA:81,0
DA:82,0
DA:89,0
DA:90,0
DA:97,0
DA:98,0
DA:105,0
DA:106,0
DA:111,0
LF:24
LH:0
BRDA:18,0,0,0
BRDA:18,0,1,0
BRDA:32,1,0,0
BRDA:32,1,1,0
BRF:4
BRH:0
end_of_record
TN:
SF:src/services/WebSocketService.ts
FN:16,(anonymous_0)
FN:23,(anonymous_1)
FN:35,(anonymous_2)
FN:44,(anonymous_3)
FN:53,(anonymous_4)
FN:59,(anonymous_5)
FN:69,(anonymous_6)
FN:80,(anonymous_7)
FN:93,(anonymous_8)
FN:101,(anonymous_9)
FN:115,(anonymous_10)
FN:119,(anonymous_11)
FN:127,(anonymous_12)
FN:133,(anonymous_13)
FN:145,(anonymous_14)
FN:147,(anonymous_15)
FN:158,(anonymous_16)
FN:175,(anonymous_17)
FN:179,(anonymous_18)
FN:189,(anonymous_19)
FN:191,(anonymous_20)
FNF:21
FNH:0
FNDA:0,(anonymous_0)
FNDA:0,(anonymous_1)
FNDA:0,(anonymous_2)
FNDA:0,(anonymous_3)
FNDA:0,(anonymous_4)
FNDA:0,(anonymous_5)
FNDA:0,(anonymous_6)
FNDA:0,(anonymous_7)
FNDA:0,(anonymous_8)
FNDA:0,(anonymous_9)
FNDA:0,(anonymous_10)
FNDA:0,(anonymous_11)
FNDA:0,(anonymous_12)
FNDA:0,(anonymous_13)
FNDA:0,(anonymous_14)
FNDA:0,(anonymous_15)
FNDA:0,(anonymous_16)
FNDA:0,(anonymous_17)
FNDA:0,(anonymous_18)
FNDA:0,(anonymous_19)
FNDA:0,(anonymous_20)
DA:10,0
DA:11,0
DA:12,0
DA:13,0
DA:14,0
DA:17,0
DA:24,0
DA:25,0
DA:28,0
DA:30,0
DA:33,0
DA:35,0
DA:37,0
DA:38,0
DA:39,0
DA:40,0
DA:44,0
DA:45,0
DA:46,0
DA:47,0
DA:49,0
DA:53,0
DA:55,0
DA:56,0
DA:59,0
DA:60,0
DA:61,0
DA:62,0
DA:70,0
DA:71,0
DA:72,0
DA:73,0
DA:81,0
DA:82,0
DA:83,0
DA:85,0
DA:86,0
DA:94,0
DA:95,0
DA:98,0
DA:101,0
DA:102,0
DA:103,0
DA:104,0
DA:105,0
DA:106,0
DA:116,0
DA:119,0
DA:120,0
DA:128,0
DA:131,0
DA:132,0
DA:133,0
DA:137,0
DA:138,0
DA:147,0
DA:150,0
DA:151,0
DA:159,0
DA:160,0
DA:161,0
DA:168,0
DA:176,0
DA:177,0
DA:179,0
DA:180,0
DA:190,0
DA:191,0
DA:192,0
DA:199,0
LF:70
LH:0
BRDA:24,0,0,0
BRDA:24,0,1,0
BRDA:28,1,0,0
BRDA:28,1,1,0
BRDA:30,2,0,0
BRDA:30,2,1,0
BRDA:38,3,0,0
BRDA:38,3,1,0
BRDA:70,4,0,0
BRDA:70,4,1,0
BRDA:81,5,0,0
BRDA:81,5,1,0
BRDA:81,6,0,0
BRDA:81,6,1,0
BRDA:94,7,0,0
BRDA:94,7,1,0
BRDA:103,8,0,0
BRDA:103,8,1,0
BRDA:105,9,0,0
BRDA:105,9,1,0
BRDA:132,10,0,0
BRDA:132,10,1,0
BRDA:137,11,0,0
BRDA:137,11,1,0
BRDA:150,12,0,0
BRDA:150,12,1,0
BRDA:150,13,0,0
BRDA:150,13,1,0
BRDA:159,14,0,0
BRDA:159,14,1,0
BRDA:160,15,0,0
BRDA:160,15,1,0
BRDA:162,16,0,0
BRDA:162,16,1,0
BRDA:176,17,0,0
BRDA:176,17,1,0
BRDA:177,18,0,0
BRDA:177,18,1,0
BRDA:177,19,0,0
BRDA:177,19,1,0
BRDA:190,20,0,0
BRDA:190,20,1,0
BRF:42
BRH:0
end_of_record
TN:
SF:src/templates/BlogPostWriter.ts
FNF:0
FNH:0
DA:8,0
LF:1
LH:0
BRF:0
BRH:0
end_of_record
TN:
SF:src/templates/ChatbotWithMemory.ts
FNF:0
FNH:0
DA:8,0
LF:1
LH:0
BRF:0
BRH:0
end_of_record
TN:
SF:src/templates/IllustratedStory.ts
FNF:0
FNH:0
DA:8,0
LF:1
LH:0
BRF:0
BRH:0
end_of_record
TN:
SF:src/templates/index.ts
FN:17,(anonymous_0)
FN:18,(anonymous_1)
FNF:2
FNH:0
FNDA:0,(anonymous_0)
FNDA:0,(anonymous_1)
DA:10,0
DA:17,0
DA:18,0
LF:3
LH:0
BRF:0
BRH:0
end_of_record
TN:
SF:src/types/index.ts
FNF:0
FNH:0
LF:0
LH:0
BRF:0
BRH:0
end_of_record
TN:
SF:src/utils/flowUtils.ts
FN:10,(anonymous_0)
FN:17,(anonymous_1)
FN:25,(anonymous_2)
FN:39,(anonymous_3)
FN:53,(anonymous_4)
FN:68,(anonymous_5)
FN:78,(anonymous_6)
FN:79,(anonymous_7)
FN:93,(anonymous_8)
FN:99,(anonymous_9)
FNF:10
FNH:0
FNDA:0,(anonymous_0)
FNDA:0,(anonymous_1)
FNDA:0,(anonymous_2)
FNDA:0,(anonymous_3)
FNDA:0,(anonymous_4)
FNDA:0,(anonymous_5)
FNDA:0,(anonymous_6)
FNDA:0,(anonymous_7)
FNDA:0,(anonymous_8)
FNDA:0,(anonymous_9)
DA:10,0
DA:11,0
DA:17,0
DA:18,0
DA:25,0
DA:27,0
DA:30,0
DA:36,0
DA:39,0
DA:40,0
DA:41,0
DA:44,0
DA:46,0
DA:53,0
DA:54,0
DA:62,0
DA:68,0
DA:69,0
DA:72,0
DA:73,0
DA:74,0
DA:78,0
DA:79,0
DA:81,0
DA:82,0
DA:85,0
DA:86,0
DA:90,0
DA:93,0
DA:94,0
DA:95,0
DA:99,0
DA:101,0
DA:102,0
DA:105,0
LF:35
LH:0
BRDA:72,0,0,0
BRDA:72,0,1,0
BRDA:72,1,0,0
BRDA:72,1,1,0
BRDA:81,2,0,0
BRDA:81,2,1,0
BRDA:85,3,0,0
BRDA:85,3,1,0
BRDA:101,4,0,0
BRDA:101,4,1,0
BRF:10
BRH:0
end_of_record
